ARM GAS  C:\Users\Tizian\AppData\Local\Temp\ccLUSMMe.s 			page 1


   1              		.syntax unified
   2              		.cpu cortex-m3
   3              		.fpu softvfp
   4              		.eabi_attribute 20, 1
   5              		.eabi_attribute 21, 1
   6              		.eabi_attribute 23, 3
   7              		.eabi_attribute 24, 1
   8              		.eabi_attribute 25, 1
   9              		.eabi_attribute 26, 1
  10              		.eabi_attribute 30, 1
  11              		.eabi_attribute 34, 1
  12              		.eabi_attribute 18, 4
  13              		.thumb
  14              		.syntax unified
  15              		.file	"cymetadata.c"
  16              		.text
  17              	.Ltext0:
  18              		.cfi_sections	.debug_frame
  19              		.global	cy_metadata
  20              		.global	cy_meta_flashprotect
  21              		.global	cy_meta_wonvl
  22              		.global	cy_meta_custnvl
  23              		.global	cy_meta_configecc
  24              		.section	.cyconfigecc,"a",%progbits
  25              		.align	2
  26              		.type	cy_meta_configecc, %object
  27              		.size	cy_meta_configecc, 1036
  28              	cy_meta_configecc:
  29 0000 03       		.byte	3
  30 0001 52       		.byte	82
  31 0002 00       		.byte	0
  32 0003 40       		.byte	64
  33 0004 01       		.byte	1
  34 0005 64       		.byte	100
  35 0006 00       		.byte	0
  36 0007 40       		.byte	64
  37 0008 02       		.byte	2
  38 0009 65       		.byte	101
  39 000a 00       		.byte	0
  40 000b 40       		.byte	64
  41 000c 01       		.byte	1
  42 000d 07       		.byte	7
  43 000e 01       		.byte	1
  44 000f 40       		.byte	64
  45 0010 53       		.byte	83
  46 0011 08       		.byte	8
  47 0012 01       		.byte	1
  48 0013 40       		.byte	64
  49 0014 34       		.byte	52
  50 0015 09       		.byte	9
  51 0016 01       		.byte	1
  52 0017 40       		.byte	64
  53 0018 01       		.byte	1
  54 0019 15       		.byte	21
  55 001a 01       		.byte	1
  56 001b 40       		.byte	64
  57 001c 02       		.byte	2
ARM GAS  C:\Users\Tizian\AppData\Local\Temp\ccLUSMMe.s 			page 2


  58 001d 17       		.byte	23
  59 001e 01       		.byte	1
  60 001f 40       		.byte	64
  61 0020 42       		.byte	66
  62 0021 18       		.byte	24
  63 0022 01       		.byte	1
  64 0023 40       		.byte	64
  65 0024 3E       		.byte	62
  66 0025 19       		.byte	25
  67 0026 01       		.byte	1
  68 0027 40       		.byte	64
  69 0028 4E       		.byte	78
  70 0029 1A       		.byte	26
  71 002a 01       		.byte	1
  72 002b 40       		.byte	64
  73 002c 3E       		.byte	62
  74 002d 1B       		.byte	27
  75 002e 01       		.byte	1
  76 002f 40       		.byte	64
  77 0030 04       		.byte	4
  78 0031 40       		.byte	64
  79 0032 01       		.byte	1
  80 0033 40       		.byte	64
  81 0034 02       		.byte	2
  82 0035 41       		.byte	65
  83 0036 01       		.byte	1
  84 0037 40       		.byte	64
  85 0038 02       		.byte	2
  86 0039 42       		.byte	66
  87 003a 01       		.byte	1
  88 003b 40       		.byte	64
  89 003c 05       		.byte	5
  90 003d 43       		.byte	67
  91 003e 01       		.byte	1
  92 003f 40       		.byte	64
  93 0040 07       		.byte	7
  94 0041 48       		.byte	72
  95 0042 01       		.byte	1
  96 0043 40       		.byte	64
  97 0044 08       		.byte	8
  98 0045 49       		.byte	73
  99 0046 01       		.byte	1
 100 0047 40       		.byte	64
 101 0048 04       		.byte	4
 102 0049 4C       		.byte	76
 103 004a 01       		.byte	1
 104 004b 40       		.byte	64
 105 004c 07       		.byte	7
 106 004d 4D       		.byte	77
 107 004e 01       		.byte	1
 108 004f 40       		.byte	64
 109 0050 04       		.byte	4
 110 0051 50       		.byte	80
 111 0052 01       		.byte	1
 112 0053 40       		.byte	64
 113 0054 01       		.byte	1
 114 0055 51       		.byte	81
ARM GAS  C:\Users\Tizian\AppData\Local\Temp\ccLUSMMe.s 			page 3


 115 0056 01       		.byte	1
 116 0057 40       		.byte	64
 117 0058 19       		.byte	25
 118 0059 02       		.byte	2
 119 005a 61       		.byte	97
 120 005b 80       		.byte	-128
 121 005c 64       		.byte	100
 122 005d 40       		.byte	64
 123 005e 88       		.byte	-120
 124 005f 38       		.byte	56
 125 0060 89       		.byte	-119
 126 0061 72       		.byte	114
 127 0062 8B       		.byte	-117
 128 0063 0F       		.byte	15
 129 0064 E6       		.byte	-26
 130 0065 02       		.byte	2
 131 0066 09       		.byte	9
 132 0067 03       		.byte	3
 133 0068 0B       		.byte	11
 134 0069 04       		.byte	4
 135 006a 0E       		.byte	14
 136 006b 02       		.byte	2
 137 006c 0F       		.byte	15
 138 006d 15       		.byte	21
 139 006e 12       		.byte	18
 140 006f 01       		.byte	1
 141 0070 15       		.byte	21
 142 0071 33       		.byte	51
 143 0072 17       		.byte	23
 144 0073 0C       		.byte	12
 145 0074 1E       		.byte	30
 146 0075 06       		.byte	6
 147 0076 1F       		.byte	31
 148 0077 08       		.byte	8
 149 0078 21       		.byte	33
 150 0079 33       		.byte	51
 151 007a 22       		.byte	34
 152 007b 03       		.byte	3
 153 007c 23       		.byte	35
 154 007d 04       		.byte	4
 155 007e 25       		.byte	37
 156 007f 2A       		.byte	42
 157 0080 26       		.byte	38
 158 0081 05       		.byte	5
 159 0082 27       		.byte	39
 160 0083 04       		.byte	4
 161 0084 28       		.byte	40
 162 0085 06       		.byte	6
 163 0086 2A       		.byte	42
 164 0087 01       		.byte	1
 165 0088 33       		.byte	51
 166 0089 30       		.byte	48
 167 008a 35       		.byte	53
 168 008b 0F       		.byte	15
 169 008c 36       		.byte	54
 170 008d 07       		.byte	7
 171 008e 39       		.byte	57
ARM GAS  C:\Users\Tizian\AppData\Local\Temp\ccLUSMMe.s 			page 4


 172 008f 08       		.byte	8
 173 0090 3A       		.byte	58
 174 0091 80       		.byte	-128
 175 0092 3B       		.byte	59
 176 0093 20       		.byte	32
 177 0094 3F       		.byte	63
 178 0095 04       		.byte	4
 179 0096 40       		.byte	64
 180 0097 02       		.byte	2
 181 0098 47       		.byte	71
 182 0099 40       		.byte	64
 183 009a 49       		.byte	73
 184 009b FF       		.byte	-1
 185 009c 4A       		.byte	74
 186 009d 07       		.byte	7
 187 009e 4B       		.byte	75
 188 009f FF       		.byte	-1
 189 00a0 4C       		.byte	76
 190 00a1 40       		.byte	64
 191 00a2 4D       		.byte	77
 192 00a3 20       		.byte	32
 193 00a4 4E       		.byte	78
 194 00a5 F0       		.byte	-16
 195 00a6 4F       		.byte	79
 196 00a7 05       		.byte	5
 197 00a8 50       		.byte	80
 198 00a9 08       		.byte	8
 199 00aa 54       		.byte	84
 200 00ab 18       		.byte	24
 201 00ac 56       		.byte	86
 202 00ad 04       		.byte	4
 203 00ae 58       		.byte	88
 204 00af 04       		.byte	4
 205 00b0 59       		.byte	89
 206 00b1 04       		.byte	4
 207 00b2 5A       		.byte	90
 208 00b3 04       		.byte	4
 209 00b4 5B       		.byte	91
 210 00b5 04       		.byte	4
 211 00b6 5F       		.byte	95
 212 00b7 01       		.byte	1
 213 00b8 60       		.byte	96
 214 00b9 40       		.byte	64
 215 00ba 61       		.byte	97
 216 00bb A8       		.byte	-88
 217 00bc 62       		.byte	98
 218 00bd 40       		.byte	64
 219 00be 63       		.byte	99
 220 00bf 20       		.byte	32
 221 00c0 81       		.byte	-127
 222 00c1 40       		.byte	64
 223 00c2 82       		.byte	-126
 224 00c3 0C       		.byte	12
 225 00c4 84       		.byte	-124
 226 00c5 70       		.byte	112
 227 00c6 87       		.byte	-121
 228 00c7 0C       		.byte	12
ARM GAS  C:\Users\Tizian\AppData\Local\Temp\ccLUSMMe.s 			page 5


 229 00c8 88       		.byte	-120
 230 00c9 70       		.byte	112
 231 00ca 8D       		.byte	-115
 232 00cb 31       		.byte	49
 233 00cc 8E       		.byte	-114
 234 00cd 03       		.byte	3
 235 00ce 8F       		.byte	-113
 236 00cf 44       		.byte	68
 237 00d0 90       		.byte	-112
 238 00d1 01       		.byte	1
 239 00d2 92       		.byte	-110
 240 00d3 0E       		.byte	14
 241 00d4 94       		.byte	-108
 242 00d5 10       		.byte	16
 243 00d6 95       		.byte	-107
 244 00d7 41       		.byte	65
 245 00d8 96       		.byte	-106
 246 00d9 60       		.byte	96
 247 00da 97       		.byte	-105
 248 00db 30       		.byte	48
 249 00dc 98       		.byte	-104
 250 00dd 40       		.byte	64
 251 00de 9A       		.byte	-102
 252 00df 10       		.byte	16
 253 00e0 9D       		.byte	-99
 254 00e1 24       		.byte	36
 255 00e2 9F       		.byte	-97
 256 00e3 40       		.byte	64
 257 00e4 A2       		.byte	-94
 258 00e5 08       		.byte	8
 259 00e6 A4       		.byte	-92
 260 00e7 01       		.byte	1
 261 00e8 A5       		.byte	-91
 262 00e9 70       		.byte	112
 263 00ea A6       		.byte	-90
 264 00eb 06       		.byte	6
 265 00ec A7       		.byte	-89
 266 00ed 09       		.byte	9
 267 00ee A8       		.byte	-88
 268 00ef 0C       		.byte	12
 269 00f0 A9       		.byte	-87
 270 00f1 50       		.byte	80
 271 00f2 AA       		.byte	-86
 272 00f3 03       		.byte	3
 273 00f4 AC       		.byte	-84
 274 00f5 20       		.byte	32
 275 00f6 AD       		.byte	-83
 276 00f7 02       		.byte	2
 277 00f8 AE       		.byte	-82
 278 00f9 10       		.byte	16
 279 00fa B0       		.byte	-80
 280 00fb 70       		.byte	112
 281 00fc B3       		.byte	-77
 282 00fd 7C       		.byte	124
 283 00fe B4       		.byte	-76
 284 00ff 0F       		.byte	15
 285 0100 B7       		.byte	-73
ARM GAS  C:\Users\Tizian\AppData\Local\Temp\ccLUSMMe.s 			page 6


 286 0101 03       		.byte	3
 287 0102 B9       		.byte	-71
 288 0103 80       		.byte	-128
 289 0104 BA       		.byte	-70
 290 0105 20       		.byte	32
 291 0106 D8       		.byte	-40
 292 0107 04       		.byte	4
 293 0108 D9       		.byte	-39
 294 0109 04       		.byte	4
 295 010a DF       		.byte	-33
 296 010b 01       		.byte	1
 297 010c 00       		.byte	0
 298 010d A8       		.byte	-88
 299 010e 02       		.byte	2
 300 010f 80       		.byte	-128
 301 0110 06       		.byte	6
 302 0111 01       		.byte	1
 303 0112 08       		.byte	8
 304 0113 08       		.byte	8
 305 0114 0A       		.byte	10
 306 0115 04       		.byte	4
 307 0116 0B       		.byte	11
 308 0117 80       		.byte	-128
 309 0118 0F       		.byte	15
 310 0119 81       		.byte	-127
 311 011a 10       		.byte	16
 312 011b 02       		.byte	2
 313 011c 11       		.byte	17
 314 011d 02       		.byte	2
 315 011e 12       		.byte	18
 316 011f 04       		.byte	4
 317 0120 13       		.byte	19
 318 0121 08       		.byte	8
 319 0122 14       		.byte	20
 320 0123 40       		.byte	64
 321 0124 16       		.byte	22
 322 0125 08       		.byte	8
 323 0126 17       		.byte	23
 324 0127 04       		.byte	4
 325 0128 19       		.byte	25
 326 0129 02       		.byte	2
 327 012a 1B       		.byte	27
 328 012b 20       		.byte	32
 329 012c 1F       		.byte	31
 330 012d 40       		.byte	64
 331 012e 21       		.byte	33
 332 012f 04       		.byte	4
 333 0130 22       		.byte	34
 334 0131 84       		.byte	-124
 335 0132 23       		.byte	35
 336 0133 01       		.byte	1
 337 0134 27       		.byte	39
 338 0135 2C       		.byte	44
 339 0136 2A       		.byte	42
 340 0137 44       		.byte	68
 341 0138 2B       		.byte	43
 342 0139 28       		.byte	40
ARM GAS  C:\Users\Tizian\AppData\Local\Temp\ccLUSMMe.s 			page 7


 343 013a 2C       		.byte	44
 344 013b 40       		.byte	64
 345 013c 2E       		.byte	46
 346 013d 08       		.byte	8
 347 013e 2F       		.byte	47
 348 013f 60       		.byte	96
 349 0140 32       		.byte	50
 350 0141 80       		.byte	-128
 351 0142 33       		.byte	51
 352 0143 04       		.byte	4
 353 0144 36       		.byte	54
 354 0145 80       		.byte	-128
 355 0146 37       		.byte	55
 356 0147 04       		.byte	4
 357 0148 39       		.byte	57
 358 0149 08       		.byte	8
 359 014a 3A       		.byte	58
 360 014b 01       		.byte	1
 361 014c 3B       		.byte	59
 362 014d 80       		.byte	-128
 363 014e 3F       		.byte	63
 364 014f A0       		.byte	-96
 365 0150 47       		.byte	71
 366 0151 20       		.byte	32
 367 0152 54       		.byte	84
 368 0153 40       		.byte	64
 369 0154 55       		.byte	85
 370 0155 01       		.byte	1
 371 0156 56       		.byte	86
 372 0157 41       		.byte	65
 373 0158 57       		.byte	87
 374 0159 40       		.byte	64
 375 015a 5F       		.byte	95
 376 015b 02       		.byte	2
 377 015c 64       		.byte	100
 378 015d 04       		.byte	4
 379 015e 67       		.byte	103
 380 015f 42       		.byte	66
 381 0160 87       		.byte	-121
 382 0161 40       		.byte	64
 383 0162 C0       		.byte	-64
 384 0163 8F       		.byte	-113
 385 0164 C2       		.byte	-62
 386 0165 9E       		.byte	-98
 387 0166 C4       		.byte	-60
 388 0167 7F       		.byte	127
 389 0168 CA       		.byte	-54
 390 0169 CE       		.byte	-50
 391 016a CC       		.byte	-52
 392 016b 5A       		.byte	90
 393 016c CE       		.byte	-50
 394 016d 3B       		.byte	59
 395 016e D0       		.byte	-48
 396 016f 20       		.byte	32
 397 0170 D6       		.byte	-42
 398 0171 80       		.byte	-128
 399 0172 D8       		.byte	-40
ARM GAS  C:\Users\Tizian\AppData\Local\Temp\ccLUSMMe.s 			page 8


 400 0173 B0       		.byte	-80
 401 0174 E6       		.byte	-26
 402 0175 09       		.byte	9
 403 0176 E0       		.byte	-32
 404 0177 01       		.byte	1
 405 0178 E6       		.byte	-26
 406 0179 08       		.byte	8
 407 017a 02       		.byte	2
 408 017b 01       		.byte	1
 409 017c 0A       		.byte	10
 410 017d 01       		.byte	1
 411 017e 16       		.byte	22
 412 017f 01       		.byte	1
 413 0180 20       		.byte	32
 414 0181 01       		.byte	1
 415 0182 24       		.byte	36
 416 0183 01       		.byte	1
 417 0184 30       		.byte	48
 418 0185 01       		.byte	1
 419 0186 3E       		.byte	62
 420 0187 01       		.byte	1
 421 0188 40       		.byte	64
 422 0189 31       		.byte	49
 423 018a 41       		.byte	65
 424 018b 04       		.byte	4
 425 018c 46       		.byte	70
 426 018d CE       		.byte	-50
 427 018e 47       		.byte	71
 428 018f 0B       		.byte	11
 429 0190 48       		.byte	72
 430 0191 1C       		.byte	28
 431 0192 49       		.byte	73
 432 0193 FF       		.byte	-1
 433 0194 4A       		.byte	74
 434 0195 FF       		.byte	-1
 435 0196 4B       		.byte	75
 436 0197 FF       		.byte	-1
 437 0198 4E       		.byte	78
 438 0199 F0       		.byte	-16
 439 019a 4F       		.byte	79
 440 019b 44       		.byte	68
 441 019c 50       		.byte	80
 442 019d 0C       		.byte	12
 443 019e 58       		.byte	88
 444 019f 04       		.byte	4
 445 01a0 5A       		.byte	90
 446 01a1 04       		.byte	4
 447 01a2 5F       		.byte	95
 448 01a3 01       		.byte	1
 449 01a4 66       		.byte	102
 450 01a5 C0       		.byte	-64
 451 01a6 6A       		.byte	106
 452 01a7 40       		.byte	64
 453 01a8 6B       		.byte	107
 454 01a9 02       		.byte	2
 455 01aa 81       		.byte	-127
 456 01ab 18       		.byte	24
ARM GAS  C:\Users\Tizian\AppData\Local\Temp\ccLUSMMe.s 			page 9


 457 01ac 84       		.byte	-124
 458 01ad 01       		.byte	1
 459 01ae 85       		.byte	-123
 460 01af E7       		.byte	-25
 461 01b0 87       		.byte	-121
 462 01b1 18       		.byte	24
 463 01b2 88       		.byte	-120
 464 01b3 08       		.byte	8
 465 01b4 89       		.byte	-119
 466 01b5 08       		.byte	8
 467 01b6 8A       		.byte	-118
 468 01b7 04       		.byte	4
 469 01b8 8C       		.byte	-116
 470 01b9 01       		.byte	1
 471 01ba 8D       		.byte	-115
 472 01bb 44       		.byte	68
 473 01bc 90       		.byte	-112
 474 01bd 04       		.byte	4
 475 01be 91       		.byte	-111
 476 01bf 1C       		.byte	28
 477 01c0 92       		.byte	-110
 478 01c1 08       		.byte	8
 479 01c2 93       		.byte	-109
 480 01c3 E1       		.byte	-31
 481 01c4 94       		.byte	-108
 482 01c5 01       		.byte	1
 483 01c6 95       		.byte	-107
 484 01c7 1C       		.byte	28
 485 01c8 97       		.byte	-105
 486 01c9 E2       		.byte	-30
 487 01ca 98       		.byte	-104
 488 01cb 10       		.byte	16
 489 01cc 9B       		.byte	-101
 490 01cd 04       		.byte	4
 491 01ce 9C       		.byte	-100
 492 01cf 01       		.byte	1
 493 01d0 9D       		.byte	-99
 494 01d1 10       		.byte	16
 495 01d2 A1       		.byte	-95
 496 01d3 C0       		.byte	-64
 497 01d4 A4       		.byte	-92
 498 01d5 0E       		.byte	14
 499 01d6 A7       		.byte	-89
 500 01d7 E3       		.byte	-29
 501 01d8 A8       		.byte	-88
 502 01d9 0E       		.byte	14
 503 01da A9       		.byte	-87
 504 01db 80       		.byte	-128
 505 01dc AC       		.byte	-84
 506 01dd 02       		.byte	2
 507 01de AD       		.byte	-83
 508 01df FF       		.byte	-1
 509 01e0 B0       		.byte	-80
 510 01e1 01       		.byte	1
 511 01e2 B1       		.byte	-79
 512 01e3 38       		.byte	56
 513 01e4 B2       		.byte	-78
ARM GAS  C:\Users\Tizian\AppData\Local\Temp\ccLUSMMe.s 			page 10


 514 01e5 02       		.byte	2
 515 01e6 B3       		.byte	-77
 516 01e7 1F       		.byte	31
 517 01e8 B4       		.byte	-76
 518 01e9 0C       		.byte	12
 519 01ea B6       		.byte	-74
 520 01eb 10       		.byte	16
 521 01ec B7       		.byte	-73
 522 01ed C0       		.byte	-64
 523 01ee BB       		.byte	-69
 524 01ef 0A       		.byte	10
 525 01f0 BE       		.byte	-66
 526 01f1 41       		.byte	65
 527 01f2 D6       		.byte	-42
 528 01f3 02       		.byte	2
 529 01f4 D7       		.byte	-41
 530 01f5 13       		.byte	19
 531 01f6 D8       		.byte	-40
 532 01f7 04       		.byte	4
 533 01f8 D9       		.byte	-39
 534 01f9 04       		.byte	4
 535 01fa DB       		.byte	-37
 536 01fb 04       		.byte	4
 537 01fc DF       		.byte	-33
 538 01fd 01       		.byte	1
 539 01fe 00       		.byte	0
 540 01ff 44       		.byte	68
 541 0200 01       		.byte	1
 542 0201 20       		.byte	32
 543 0202 03       		.byte	3
 544 0203 02       		.byte	2
 545 0204 06       		.byte	6
 546 0205 48       		.byte	72
 547 0206 07       		.byte	7
 548 0207 40       		.byte	64
 549 0208 09       		.byte	9
 550 0209 08       		.byte	8
 551 020a 0A       		.byte	10
 552 020b 0A       		.byte	10
 553 020c 0B       		.byte	11
 554 020d 80       		.byte	-128
 555 020e 0F       		.byte	15
 556 020f 30       		.byte	48
 557 0210 11       		.byte	17
 558 0211 54       		.byte	84
 559 0212 14       		.byte	20
 560 0213 40       		.byte	64
 561 0214 17       		.byte	23
 562 0215 04       		.byte	4
 563 0216 19       		.byte	25
 564 0217 A5       		.byte	-91
 565 0218 1A       		.byte	26
 566 0219 14       		.byte	20
 567 021a 1E       		.byte	30
 568 021b 40       		.byte	64
 569 021c 21       		.byte	33
 570 021d 08       		.byte	8
ARM GAS  C:\Users\Tizian\AppData\Local\Temp\ccLUSMMe.s 			page 11


 571 021e 22       		.byte	34
 572 021f 01       		.byte	1
 573 0220 23       		.byte	35
 574 0221 02       		.byte	2
 575 0222 29       		.byte	41
 576 0223 26       		.byte	38
 577 0224 2B       		.byte	43
 578 0225 02       		.byte	2
 579 0226 30       		.byte	48
 580 0227 80       		.byte	-128
 581 0228 31       		.byte	49
 582 0229 08       		.byte	8
 583 022a 32       		.byte	50
 584 022b 11       		.byte	17
 585 022c 38       		.byte	56
 586 022d 24       		.byte	36
 587 022e 3B       		.byte	59
 588 022f 81       		.byte	-127
 589 0230 44       		.byte	68
 590 0231 40       		.byte	64
 591 0232 47       		.byte	71
 592 0233 44       		.byte	68
 593 0234 57       		.byte	87
 594 0235 98       		.byte	-104
 595 0236 59       		.byte	89
 596 0237 01       		.byte	1
 597 0238 68       		.byte	104
 598 0239 14       		.byte	20
 599 023a 69       		.byte	105
 600 023b 54       		.byte	84
 601 023c 70       		.byte	112
 602 023d 90       		.byte	-112
 603 023e 73       		.byte	115
 604 023f 24       		.byte	36
 605 0240 82       		.byte	-126
 606 0241 80       		.byte	-128
 607 0242 85       		.byte	-123
 608 0243 80       		.byte	-128
 609 0244 88       		.byte	-120
 610 0245 01       		.byte	1
 611 0246 89       		.byte	-119
 612 0247 08       		.byte	8
 613 0248 92       		.byte	-110
 614 0249 08       		.byte	8
 615 024a 96       		.byte	-106
 616 024b 04       		.byte	4
 617 024c 97       		.byte	-105
 618 024d 02       		.byte	2
 619 024e 98       		.byte	-104
 620 024f 40       		.byte	64
 621 0250 99       		.byte	-103
 622 0251 02       		.byte	2
 623 0252 9A       		.byte	-102
 624 0253 48       		.byte	72
 625 0254 9B       		.byte	-101
 626 0255 04       		.byte	4
 627 0256 9F       		.byte	-97
ARM GAS  C:\Users\Tizian\AppData\Local\Temp\ccLUSMMe.s 			page 12


 628 0257 02       		.byte	2
 629 0258 A4       		.byte	-92
 630 0259 16       		.byte	22
 631 025a A6       		.byte	-90
 632 025b 08       		.byte	8
 633 025c A7       		.byte	-89
 634 025d 18       		.byte	24
 635 025e B0       		.byte	-80
 636 025f 04       		.byte	4
 637 0260 B2       		.byte	-78
 638 0261 08       		.byte	8
 639 0262 B4       		.byte	-76
 640 0263 08       		.byte	8
 641 0264 B5       		.byte	-75
 642 0265 02       		.byte	2
 643 0266 C0       		.byte	-64
 644 0267 57       		.byte	87
 645 0268 C2       		.byte	-62
 646 0269 2F       		.byte	47
 647 026a C4       		.byte	-60
 648 026b 37       		.byte	55
 649 026c CA       		.byte	-54
 650 026d 0F       		.byte	15
 651 026e CC       		.byte	-52
 652 026f 0F       		.byte	15
 653 0270 CE       		.byte	-50
 654 0271 0F       		.byte	15
 655 0272 D0       		.byte	-48
 656 0273 D0       		.byte	-48
 657 0274 D6       		.byte	-42
 658 0275 01       		.byte	1
 659 0276 E0       		.byte	-32
 660 0277 08       		.byte	8
 661 0278 E6       		.byte	-26
 662 0279 08       		.byte	8
 663 027a 00       		.byte	0
 664 027b 03       		.byte	3
 665 027c 02       		.byte	2
 666 027d 10       		.byte	16
 667 027e 04       		.byte	4
 668 027f 43       		.byte	67
 669 0280 05       		.byte	5
 670 0281 01       		.byte	1
 671 0282 06       		.byte	6
 672 0283 0C       		.byte	12
 673 0284 0C       		.byte	12
 674 0285 4F       		.byte	79
 675 0286 0D       		.byte	13
 676 0287 01       		.byte	1
 677 0288 10       		.byte	16
 678 0289 4C       		.byte	76
 679 028a 12       		.byte	18
 680 028b 03       		.byte	3
 681 028c 13       		.byte	19
 682 028d 01       		.byte	1
 683 028e 16       		.byte	22
 684 028f 43       		.byte	67
ARM GAS  C:\Users\Tizian\AppData\Local\Temp\ccLUSMMe.s 			page 13


 685 0290 18       		.byte	24
 686 0291 02       		.byte	2
 687 0292 1A       		.byte	26
 688 0293 20       		.byte	32
 689 0294 1C       		.byte	28
 690 0295 0F       		.byte	15
 691 0296 1E       		.byte	30
 692 0297 40       		.byte	64
 693 0298 20       		.byte	32
 694 0299 08       		.byte	8
 695 029a 24       		.byte	36
 696 029b 04       		.byte	4
 697 029c 28       		.byte	40
 698 029d 0C       		.byte	12
 699 029e 2C       		.byte	44
 700 029f 01       		.byte	1
 701 02a0 2E       		.byte	46
 702 02a1 A0       		.byte	-96
 703 02a2 2F       		.byte	47
 704 02a3 01       		.byte	1
 705 02a4 30       		.byte	48
 706 02a5 4C       		.byte	76
 707 02a6 32       		.byte	50
 708 02a7 80       		.byte	-128
 709 02a8 34       		.byte	52
 710 02a9 0F       		.byte	15
 711 02aa 36       		.byte	54
 712 02ab 30       		.byte	48
 713 02ac 37       		.byte	55
 714 02ad 01       		.byte	1
 715 02ae 39       		.byte	57
 716 02af 80       		.byte	-128
 717 02b0 3A       		.byte	58
 718 02b1 20       		.byte	32
 719 02b2 3B       		.byte	59
 720 02b3 02       		.byte	2
 721 02b4 3E       		.byte	62
 722 02b5 40       		.byte	64
 723 02b6 40       		.byte	64
 724 02b7 23       		.byte	35
 725 02b8 41       		.byte	65
 726 02b9 04       		.byte	4
 727 02ba 42       		.byte	66
 728 02bb 05       		.byte	5
 729 02bc 44       		.byte	68
 730 02bd 01       		.byte	1
 731 02be 46       		.byte	70
 732 02bf E0       		.byte	-32
 733 02c0 47       		.byte	71
 734 02c1 0C       		.byte	12
 735 02c2 48       		.byte	72
 736 02c3 18       		.byte	24
 737 02c4 49       		.byte	73
 738 02c5 FF       		.byte	-1
 739 02c6 4A       		.byte	74
 740 02c7 FF       		.byte	-1
 741 02c8 4B       		.byte	75
ARM GAS  C:\Users\Tizian\AppData\Local\Temp\ccLUSMMe.s 			page 14


 742 02c9 FF       		.byte	-1
 743 02ca 4C       		.byte	76
 744 02cb 62       		.byte	98
 745 02cc 4D       		.byte	77
 746 02cd A0       		.byte	-96
 747 02ce 4E       		.byte	78
 748 02cf F0       		.byte	-16
 749 02d0 4F       		.byte	79
 750 02d1 41       		.byte	65
 751 02d2 50       		.byte	80
 752 02d3 0C       		.byte	12
 753 02d4 58       		.byte	88
 754 02d5 04       		.byte	4
 755 02d6 59       		.byte	89
 756 02d7 04       		.byte	4
 757 02d8 5A       		.byte	90
 758 02d9 04       		.byte	4
 759 02da 5F       		.byte	95
 760 02db 01       		.byte	1
 761 02dc 66       		.byte	102
 762 02dd 40       		.byte	64
 763 02de 67       		.byte	103
 764 02df 02       		.byte	2
 765 02e0 69       		.byte	105
 766 02e1 10       		.byte	16
 767 02e2 6A       		.byte	106
 768 02e3 30       		.byte	48
 769 02e4 6B       		.byte	107
 770 02e5 10       		.byte	16
 771 02e6 6D       		.byte	109
 772 02e7 10       		.byte	16
 773 02e8 6E       		.byte	110
 774 02e9 10       		.byte	16
 775 02ea 6F       		.byte	111
 776 02eb 12       		.byte	18
 777 02ec 92       		.byte	-110
 778 02ed 04       		.byte	4
 779 02ee 93       		.byte	-109
 780 02ef 01       		.byte	1
 781 02f0 9E       		.byte	-98
 782 02f1 01       		.byte	1
 783 02f2 A1       		.byte	-95
 784 02f3 02       		.byte	2
 785 02f4 A2       		.byte	-94
 786 02f5 02       		.byte	2
 787 02f6 A6       		.byte	-90
 788 02f7 01       		.byte	1
 789 02f8 A7       		.byte	-89
 790 02f9 01       		.byte	1
 791 02fa A8       		.byte	-88
 792 02fb 02       		.byte	2
 793 02fc AA       		.byte	-86
 794 02fd 04       		.byte	4
 795 02fe B0       		.byte	-80
 796 02ff 01       		.byte	1
 797 0300 B2       		.byte	-78
 798 0301 06       		.byte	6
ARM GAS  C:\Users\Tizian\AppData\Local\Temp\ccLUSMMe.s 			page 15


 799 0302 B3       		.byte	-77
 800 0303 01       		.byte	1
 801 0304 B4       		.byte	-76
 802 0305 06       		.byte	6
 803 0306 B5       		.byte	-75
 804 0307 02       		.byte	2
 805 0308 BE       		.byte	-66
 806 0309 15       		.byte	21
 807 030a BF       		.byte	-65
 808 030b 14       		.byte	20
 809 030c D4       		.byte	-44
 810 030d 01       		.byte	1
 811 030e D8       		.byte	-40
 812 030f 04       		.byte	4
 813 0310 D9       		.byte	-39
 814 0311 04       		.byte	4
 815 0312 DB       		.byte	-37
 816 0313 04       		.byte	4
 817 0314 DF       		.byte	-33
 818 0315 01       		.byte	1
 819 0316 00       		.byte	0
 820 0317 44       		.byte	68
 821 0318 01       		.byte	1
 822 0319 02       		.byte	2
 823 031a 08       		.byte	8
 824 031b 01       		.byte	1
 825 031c 0A       		.byte	10
 826 031d 16       		.byte	22
 827 031e 0E       		.byte	14
 828 031f 82       		.byte	-126
 829 0320 0F       		.byte	15
 830 0321 02       		.byte	2
 831 0322 10       		.byte	16
 832 0323 82       		.byte	-126
 833 0324 13       		.byte	19
 834 0325 24       		.byte	36
 835 0326 15       		.byte	21
 836 0327 18       		.byte	24
 837 0328 16       		.byte	22
 838 0329 80       		.byte	-128
 839 032a 18       		.byte	24
 840 032b 05       		.byte	5
 841 032c 1A       		.byte	26
 842 032d 20       		.byte	32
 843 032e 1B       		.byte	27
 844 032f 01       		.byte	1
 845 0330 1F       		.byte	31
 846 0331 29       		.byte	41
 847 0332 20       		.byte	32
 848 0333 40       		.byte	64
 849 0334 23       		.byte	35
 850 0335 02       		.byte	2
 851 0336 26       		.byte	38
 852 0337 08       		.byte	8
 853 0338 27       		.byte	39
 854 0339 08       		.byte	8
 855 033a 28       		.byte	40
ARM GAS  C:\Users\Tizian\AppData\Local\Temp\ccLUSMMe.s 			page 16


 856 033b 01       		.byte	1
 857 033c 2C       		.byte	44
 858 033d 20       		.byte	32
 859 033e 2D       		.byte	45
 860 033f 01       		.byte	1
 861 0340 2F       		.byte	47
 862 0341 80       		.byte	-128
 863 0342 32       		.byte	50
 864 0343 01       		.byte	1
 865 0344 37       		.byte	55
 866 0345 02       		.byte	2
 867 0346 38       		.byte	56
 868 0347 44       		.byte	68
 869 0348 40       		.byte	64
 870 0349 45       		.byte	69
 871 034a 42       		.byte	66
 872 034b 10       		.byte	16
 873 034c 4A       		.byte	74
 874 034d 01       		.byte	1
 875 034e 50       		.byte	80
 876 034f 20       		.byte	32
 877 0350 51       		.byte	81
 878 0351 04       		.byte	4
 879 0352 5D       		.byte	93
 880 0353 01       		.byte	1
 881 0354 5E       		.byte	94
 882 0355 40       		.byte	64
 883 0356 5F       		.byte	95
 884 0357 18       		.byte	24
 885 0358 6D       		.byte	109
 886 0359 10       		.byte	16
 887 035a 6E       		.byte	110
 888 035b 80       		.byte	-128
 889 035c 83       		.byte	-125
 890 035d 08       		.byte	8
 891 035e 87       		.byte	-121
 892 035f 20       		.byte	32
 893 0360 88       		.byte	-120
 894 0361 02       		.byte	2
 895 0362 8B       		.byte	-117
 896 0363 40       		.byte	64
 897 0364 92       		.byte	-110
 898 0365 56       		.byte	86
 899 0366 93       		.byte	-109
 900 0367 14       		.byte	20
 901 0368 94       		.byte	-108
 902 0369 44       		.byte	68
 903 036a 96       		.byte	-106
 904 036b 20       		.byte	32
 905 036c 97       		.byte	-105
 906 036d 82       		.byte	-126
 907 036e 98       		.byte	-104
 908 036f 01       		.byte	1
 909 0370 99       		.byte	-103
 910 0371 02       		.byte	2
 911 0372 9A       		.byte	-102
 912 0373 80       		.byte	-128
ARM GAS  C:\Users\Tizian\AppData\Local\Temp\ccLUSMMe.s 			page 17


 913 0374 9B       		.byte	-101
 914 0375 20       		.byte	32
 915 0376 A0       		.byte	-96
 916 0377 80       		.byte	-128
 917 0378 A3       		.byte	-93
 918 0379 80       		.byte	-128
 919 037a A4       		.byte	-92
 920 037b 02       		.byte	2
 921 037c A6       		.byte	-90
 922 037d 08       		.byte	8
 923 037e B7       		.byte	-73
 924 037f 21       		.byte	33
 925 0380 C0       		.byte	-64
 926 0381 0D       		.byte	13
 927 0382 C2       		.byte	-62
 928 0383 9F       		.byte	-97
 929 0384 C4       		.byte	-60
 930 0385 7F       		.byte	127
 931 0386 CA       		.byte	-54
 932 0387 C8       		.byte	-56
 933 0388 CC       		.byte	-52
 934 0389 81       		.byte	-127
 935 038a CE       		.byte	-50
 936 038b 0A       		.byte	10
 937 038c D0       		.byte	-48
 938 038d 0F       		.byte	15
 939 038e D2       		.byte	-46
 940 038f 08       		.byte	8
 941 0390 D6       		.byte	-42
 942 0391 F0       		.byte	-16
 943 0392 32       		.byte	50
 944 0393 20       		.byte	32
 945 0394 33       		.byte	51
 946 0395 08       		.byte	8
 947 0396 36       		.byte	54
 948 0397 80       		.byte	-128
 949 0398 CC       		.byte	-52
 950 0399 70       		.byte	112
 951 039a A6       		.byte	-90
 952 039b A0       		.byte	-96
 953 039c A7       		.byte	-89
 954 039d 08       		.byte	8
 955 039e A6       		.byte	-90
 956 039f A0       		.byte	-96
 957 03a0 A7       		.byte	-89
 958 03a1 08       		.byte	8
 959 03a2 86       		.byte	-122
 960 03a3 20       		.byte	32
 961 03a4 87       		.byte	-121
 962 03a5 08       		.byte	8
 963 03a6 A6       		.byte	-90
 964 03a7 A0       		.byte	-96
 965 03a8 A7       		.byte	-89
 966 03a9 08       		.byte	8
 967 03aa E6       		.byte	-26
 968 03ab 40       		.byte	64
 969 03ac 23       		.byte	35
ARM GAS  C:\Users\Tizian\AppData\Local\Temp\ccLUSMMe.s 			page 18


 970 03ad 20       		.byte	32
 971 03ae 83       		.byte	-125
 972 03af 20       		.byte	32
 973 03b0 87       		.byte	-121
 974 03b1 04       		.byte	4
 975 03b2 A6       		.byte	-90
 976 03b3 80       		.byte	-128
 977 03b4 C8       		.byte	-56
 978 03b5 40       		.byte	64
 979 03b6 E0       		.byte	-32
 980 03b7 80       		.byte	-128
 981 03b8 E6       		.byte	-26
 982 03b9 10       		.byte	16
 983 03ba 53       		.byte	83
 984 03bb 04       		.byte	4
 985 03bc 5B       		.byte	91
 986 03bd 40       		.byte	64
 987 03be 83       		.byte	-125
 988 03bf 40       		.byte	64
 989 03c0 86       		.byte	-122
 990 03c1 80       		.byte	-128
 991 03c2 93       		.byte	-109
 992 03c3 08       		.byte	8
 993 03c4 A6       		.byte	-90
 994 03c5 80       		.byte	-128
 995 03c6 D4       		.byte	-44
 996 03c7 A0       		.byte	-96
 997 03c8 E6       		.byte	-26
 998 03c9 90       		.byte	-112
 999 03ca 01       		.byte	1
 1000 03cb 10       		.byte	16
 1001 03cc 85       		.byte	-123
 1002 03cd 10       		.byte	16
 1003 03ce 87       		.byte	-121
 1004 03cf 10       		.byte	16
 1005 03d0 C0       		.byte	-64
 1006 03d1 02       		.byte	2
 1007 03d2 10       		.byte	16
 1008 03d3 80       		.byte	-128
 1009 03d4 73       		.byte	115
 1010 03d5 10       		.byte	16
 1011 03d6 88       		.byte	-120
 1012 03d7 80       		.byte	-128
 1013 03d8 93       		.byte	-109
 1014 03d9 10       		.byte	16
 1015 03da C4       		.byte	-60
 1016 03db 08       		.byte	8
 1017 03dc DC       		.byte	-36
 1018 03dd 01       		.byte	1
 1019 03de E6       		.byte	-26
 1020 03df 01       		.byte	1
 1021 03e0 00       		.byte	0
 1022 03e1 01       		.byte	1
 1023 03e2 0C       		.byte	12
 1024 03e3 01       		.byte	1
 1025 03e4 10       		.byte	16
 1026 03e5 01       		.byte	1
ARM GAS  C:\Users\Tizian\AppData\Local\Temp\ccLUSMMe.s 			page 19


 1027 03e6 1C       		.byte	28
 1028 03e7 01       		.byte	1
 1029 03e8 00       		.byte	0
 1030 03e9 3F       		.byte	63
 1031 03ea 00       		.byte	0
 1032 03eb 00       		.byte	0
 1033 03ec 80       		.byte	-128
 1034 03ed 00       		.byte	0
 1035 03ee 40       		.byte	64
 1036 03ef 80       		.byte	-128
 1037 03f0 80       		.byte	-128
 1038 03f1 00       		.byte	0
 1039 03f2 80       		.byte	-128
 1040 03f3 00       		.byte	0
 1041 03f4 00       		.byte	0
 1042 03f5 00       		.byte	0
 1043 03f6 00       		.byte	0
 1044 03f7 00       		.byte	0
 1045 03f8 04       		.byte	4
 1046 03f9 00       		.byte	0
 1047 03fa 00       		.byte	0
 1048 03fb 0F       		.byte	15
 1049 03fc 0B       		.byte	11
 1050 03fd 00       		.byte	0
 1051 03fe 00       		.byte	0
 1052 03ff 00       		.byte	0
 1053 0400 00       		.byte	0
 1054 0401 00       		.byte	0
 1055 0402 00       		.byte	0
 1056 0403 00       		.byte	0
 1057 0404 3C       		.byte	60
 1058 0405 03       		.byte	3
 1059 0406 03       		.byte	3
 1060 0407 00       		.byte	0
 1061 0408 03       		.byte	3
 1062 0409 00       		.byte	0
 1063 040a 00       		.byte	0
 1064 040b 00       		.byte	0
 1065              		.section	.cywolatch,"a",%progbits
 1066              		.align	2
 1067              		.type	cy_meta_wonvl, %object
 1068              		.size	cy_meta_wonvl, 4
 1069              	cy_meta_wonvl:
 1070 0000 BC       		.byte	-68
 1071 0001 90       		.byte	-112
 1072 0002 AC       		.byte	-84
 1073 0003 AF       		.byte	-81
 1074              		.section	.cycustnvl,"a",%progbits
 1075              		.align	2
 1076              		.type	cy_meta_custnvl, %object
 1077              		.size	cy_meta_custnvl, 4
 1078              	cy_meta_custnvl:
 1079 0000 00       		.byte	0
 1080 0001 00       		.byte	0
 1081 0002 40       		.byte	64
 1082 0003 05       		.byte	5
 1083              		.section	.cymeta,"a",%progbits
ARM GAS  C:\Users\Tizian\AppData\Local\Temp\ccLUSMMe.s 			page 20


 1084              		.align	2
 1085              		.type	cy_metadata, %object
 1086              		.size	cy_metadata, 12
 1087              	cy_metadata:
 1088 0000 00       		.byte	0
 1089 0001 01       		.byte	1
 1090 0002 2E       		.byte	46
 1091 0003 16       		.byte	22
 1092 0004 10       		.byte	16
 1093 0005 69       		.byte	105
 1094 0006 00       		.byte	0
 1095 0007 01       		.byte	1
 1096 0008 00       		.byte	0
 1097 0009 00       		.byte	0
 1098 000a 00       		.byte	0
 1099 000b 00       		.byte	0
 1100              		.section	.cyflashprotect,"a",%progbits
 1101              		.align	2
 1102              		.type	cy_meta_flashprotect, %object
 1103              		.size	cy_meta_flashprotect, 256
 1104              	cy_meta_flashprotect:
 1105 0000 00000000 		.space	256
 1105      00000000 
 1105      00000000 
 1105      00000000 
 1105      00000000 
 1106              		.text
 1107              	.Letext0:
 1108              		.file 1 "c:\\program files (x86)\\cypress\\psoc creator\\4.4\\psoc creator\\import\\gnu\\arm\\5.4.
 1109              		.file 2 "c:\\program files (x86)\\cypress\\psoc creator\\4.4\\psoc creator\\import\\gnu\\arm\\5.4.
 1110              		.file 3 "Generated_Source\\PSoC5\\cymetadata.c"
 1111              		.section	.debug_info,"",%progbits
 1112              	.Ldebug_info0:
 1113 0000 31010000 		.4byte	0x131
 1114 0004 0400     		.2byte	0x4
 1115 0006 00000000 		.4byte	.Ldebug_abbrev0
 1116 000a 04       		.byte	0x4
 1117 000b 01       		.uleb128 0x1
 1118 000c 24000000 		.4byte	.LASF17
 1119 0010 0C       		.byte	0xc
 1120 0011 E6010000 		.4byte	.LASF18
 1121 0015 5F010000 		.4byte	.LASF19
 1122 0019 00000000 		.4byte	.Ldebug_line0
 1123 001d 02       		.uleb128 0x2
 1124 001e 01       		.byte	0x1
 1125 001f 06       		.byte	0x6
 1126 0020 DA010000 		.4byte	.LASF0
 1127 0024 03       		.uleb128 0x3
 1128 0025 00000000 		.4byte	.LASF9
 1129 0029 01       		.byte	0x1
 1130 002a 1D       		.byte	0x1d
 1131 002b 2F000000 		.4byte	0x2f
 1132 002f 02       		.uleb128 0x2
 1133 0030 01       		.byte	0x1
 1134 0031 08       		.byte	0x8
 1135 0032 16000000 		.4byte	.LASF1
 1136 0036 02       		.uleb128 0x2
ARM GAS  C:\Users\Tizian\AppData\Local\Temp\ccLUSMMe.s 			page 21


 1137 0037 02       		.byte	0x2
 1138 0038 05       		.byte	0x5
 1139 0039 C7010000 		.4byte	.LASF2
 1140 003d 02       		.uleb128 0x2
 1141 003e 02       		.byte	0x2
 1142 003f 07       		.byte	0x7
 1143 0040 C4000000 		.4byte	.LASF3
 1144 0044 02       		.uleb128 0x2
 1145 0045 04       		.byte	0x4
 1146 0046 05       		.byte	0x5
 1147 0047 D1010000 		.4byte	.LASF4
 1148 004b 02       		.uleb128 0x2
 1149 004c 04       		.byte	0x4
 1150 004d 07       		.byte	0x7
 1151 004e B2000000 		.4byte	.LASF5
 1152 0052 02       		.uleb128 0x2
 1153 0053 08       		.byte	0x8
 1154 0054 05       		.byte	0x5
 1155 0055 51010000 		.4byte	.LASF6
 1156 0059 02       		.uleb128 0x2
 1157 005a 08       		.byte	0x8
 1158 005b 07       		.byte	0x7
 1159 005c 06010000 		.4byte	.LASF7
 1160 0060 04       		.uleb128 0x4
 1161 0061 04       		.byte	0x4
 1162 0062 05       		.byte	0x5
 1163 0063 696E7400 		.ascii	"int\000"
 1164 0067 02       		.uleb128 0x2
 1165 0068 04       		.byte	0x4
 1166 0069 07       		.byte	0x7
 1167 006a F9000000 		.4byte	.LASF8
 1168 006e 03       		.uleb128 0x3
 1169 006f 1D010000 		.4byte	.LASF10
 1170 0073 02       		.byte	0x2
 1171 0074 18       		.byte	0x18
 1172 0075 24000000 		.4byte	0x24
 1173 0079 05       		.uleb128 0x5
 1174 007a 91000000 		.4byte	0x91
 1175 007e 8A000000 		.4byte	0x8a
 1176 0082 06       		.uleb128 0x6
 1177 0083 8A000000 		.4byte	0x8a
 1178 0087 0B04     		.2byte	0x40b
 1179 0089 00       		.byte	0
 1180 008a 02       		.uleb128 0x2
 1181 008b 04       		.byte	0x4
 1182 008c 07       		.byte	0x7
 1183 008d 48010000 		.4byte	.LASF11
 1184 0091 07       		.uleb128 0x7
 1185 0092 6E000000 		.4byte	0x6e
 1186 0096 08       		.uleb128 0x8
 1187 0097 E7000000 		.4byte	.LASF12
 1188 009b 03       		.byte	0x3
 1189 009c 1F       		.byte	0x1f
 1190 009d A7000000 		.4byte	0xa7
 1191 00a1 05       		.uleb128 0x5
 1192 00a2 03       		.byte	0x3
 1193 00a3 00000000 		.4byte	cy_meta_configecc
ARM GAS  C:\Users\Tizian\AppData\Local\Temp\ccLUSMMe.s 			page 22


 1194 00a7 07       		.uleb128 0x7
 1195 00a8 79000000 		.4byte	0x79
 1196 00ac 05       		.uleb128 0x5
 1197 00ad 91000000 		.4byte	0x91
 1198 00b1 BC000000 		.4byte	0xbc
 1199 00b5 09       		.uleb128 0x9
 1200 00b6 8A000000 		.4byte	0x8a
 1201 00ba 03       		.byte	0x3
 1202 00bb 00       		.byte	0
 1203 00bc 08       		.uleb128 0x8
 1204 00bd D7000000 		.4byte	.LASF13
 1205 00c1 03       		.byte	0x3
 1206 00c2 AE       		.byte	0xae
 1207 00c3 CD000000 		.4byte	0xcd
 1208 00c7 05       		.uleb128 0x5
 1209 00c8 03       		.byte	0x3
 1210 00c9 00000000 		.4byte	cy_meta_custnvl
 1211 00cd 07       		.uleb128 0x7
 1212 00ce AC000000 		.4byte	0xac
 1213 00d2 08       		.uleb128 0x8
 1214 00d3 3A010000 		.4byte	.LASF14
 1215 00d7 03       		.byte	0x3
 1216 00d8 BC       		.byte	0xbc
 1217 00d9 E3000000 		.4byte	0xe3
 1218 00dd 05       		.uleb128 0x5
 1219 00de 03       		.byte	0x3
 1220 00df 00000000 		.4byte	cy_meta_wonvl
 1221 00e3 07       		.uleb128 0x7
 1222 00e4 AC000000 		.4byte	0xac
 1223 00e8 05       		.uleb128 0x5
 1224 00e9 91000000 		.4byte	0x91
 1225 00ed F8000000 		.4byte	0xf8
 1226 00f1 09       		.uleb128 0x9
 1227 00f2 8A000000 		.4byte	0x8a
 1228 00f6 FF       		.byte	0xff
 1229 00f7 00       		.byte	0
 1230 00f8 08       		.uleb128 0x8
 1231 00f9 25010000 		.4byte	.LASF15
 1232 00fd 03       		.byte	0x3
 1233 00fe CA       		.byte	0xca
 1234 00ff 09010000 		.4byte	0x109
 1235 0103 05       		.uleb128 0x5
 1236 0104 03       		.byte	0x3
 1237 0105 00000000 		.4byte	cy_meta_flashprotect
 1238 0109 07       		.uleb128 0x7
 1239 010a E8000000 		.4byte	0xe8
 1240 010e 05       		.uleb128 0x5
 1241 010f 91000000 		.4byte	0x91
 1242 0113 1E010000 		.4byte	0x11e
 1243 0117 09       		.uleb128 0x9
 1244 0118 8A000000 		.4byte	0x8a
 1245 011c 0B       		.byte	0xb
 1246 011d 00       		.byte	0
 1247 011e 08       		.uleb128 0x8
 1248 011f 0A000000 		.4byte	.LASF16
 1249 0123 03       		.byte	0x3
 1250 0124 F7       		.byte	0xf7
ARM GAS  C:\Users\Tizian\AppData\Local\Temp\ccLUSMMe.s 			page 23


 1251 0125 2F010000 		.4byte	0x12f
 1252 0129 05       		.uleb128 0x5
 1253 012a 03       		.byte	0x3
 1254 012b 00000000 		.4byte	cy_metadata
 1255 012f 07       		.uleb128 0x7
 1256 0130 0E010000 		.4byte	0x10e
 1257 0134 00       		.byte	0
 1258              		.section	.debug_abbrev,"",%progbits
 1259              	.Ldebug_abbrev0:
 1260 0000 01       		.uleb128 0x1
 1261 0001 11       		.uleb128 0x11
 1262 0002 01       		.byte	0x1
 1263 0003 25       		.uleb128 0x25
 1264 0004 0E       		.uleb128 0xe
 1265 0005 13       		.uleb128 0x13
 1266 0006 0B       		.uleb128 0xb
 1267 0007 03       		.uleb128 0x3
 1268 0008 0E       		.uleb128 0xe
 1269 0009 1B       		.uleb128 0x1b
 1270 000a 0E       		.uleb128 0xe
 1271 000b 10       		.uleb128 0x10
 1272 000c 17       		.uleb128 0x17
 1273 000d 00       		.byte	0
 1274 000e 00       		.byte	0
 1275 000f 02       		.uleb128 0x2
 1276 0010 24       		.uleb128 0x24
 1277 0011 00       		.byte	0
 1278 0012 0B       		.uleb128 0xb
 1279 0013 0B       		.uleb128 0xb
 1280 0014 3E       		.uleb128 0x3e
 1281 0015 0B       		.uleb128 0xb
 1282 0016 03       		.uleb128 0x3
 1283 0017 0E       		.uleb128 0xe
 1284 0018 00       		.byte	0
 1285 0019 00       		.byte	0
 1286 001a 03       		.uleb128 0x3
 1287 001b 16       		.uleb128 0x16
 1288 001c 00       		.byte	0
 1289 001d 03       		.uleb128 0x3
 1290 001e 0E       		.uleb128 0xe
 1291 001f 3A       		.uleb128 0x3a
 1292 0020 0B       		.uleb128 0xb
 1293 0021 3B       		.uleb128 0x3b
 1294 0022 0B       		.uleb128 0xb
 1295 0023 49       		.uleb128 0x49
 1296 0024 13       		.uleb128 0x13
 1297 0025 00       		.byte	0
 1298 0026 00       		.byte	0
 1299 0027 04       		.uleb128 0x4
 1300 0028 24       		.uleb128 0x24
 1301 0029 00       		.byte	0
 1302 002a 0B       		.uleb128 0xb
 1303 002b 0B       		.uleb128 0xb
 1304 002c 3E       		.uleb128 0x3e
 1305 002d 0B       		.uleb128 0xb
 1306 002e 03       		.uleb128 0x3
 1307 002f 08       		.uleb128 0x8
ARM GAS  C:\Users\Tizian\AppData\Local\Temp\ccLUSMMe.s 			page 24


 1308 0030 00       		.byte	0
 1309 0031 00       		.byte	0
 1310 0032 05       		.uleb128 0x5
 1311 0033 01       		.uleb128 0x1
 1312 0034 01       		.byte	0x1
 1313 0035 49       		.uleb128 0x49
 1314 0036 13       		.uleb128 0x13
 1315 0037 01       		.uleb128 0x1
 1316 0038 13       		.uleb128 0x13
 1317 0039 00       		.byte	0
 1318 003a 00       		.byte	0
 1319 003b 06       		.uleb128 0x6
 1320 003c 21       		.uleb128 0x21
 1321 003d 00       		.byte	0
 1322 003e 49       		.uleb128 0x49
 1323 003f 13       		.uleb128 0x13
 1324 0040 2F       		.uleb128 0x2f
 1325 0041 05       		.uleb128 0x5
 1326 0042 00       		.byte	0
 1327 0043 00       		.byte	0
 1328 0044 07       		.uleb128 0x7
 1329 0045 26       		.uleb128 0x26
 1330 0046 00       		.byte	0
 1331 0047 49       		.uleb128 0x49
 1332 0048 13       		.uleb128 0x13
 1333 0049 00       		.byte	0
 1334 004a 00       		.byte	0
 1335 004b 08       		.uleb128 0x8
 1336 004c 34       		.uleb128 0x34
 1337 004d 00       		.byte	0
 1338 004e 03       		.uleb128 0x3
 1339 004f 0E       		.uleb128 0xe
 1340 0050 3A       		.uleb128 0x3a
 1341 0051 0B       		.uleb128 0xb
 1342 0052 3B       		.uleb128 0x3b
 1343 0053 0B       		.uleb128 0xb
 1344 0054 49       		.uleb128 0x49
 1345 0055 13       		.uleb128 0x13
 1346 0056 3F       		.uleb128 0x3f
 1347 0057 19       		.uleb128 0x19
 1348 0058 02       		.uleb128 0x2
 1349 0059 18       		.uleb128 0x18
 1350 005a 00       		.byte	0
 1351 005b 00       		.byte	0
 1352 005c 09       		.uleb128 0x9
 1353 005d 21       		.uleb128 0x21
 1354 005e 00       		.byte	0
 1355 005f 49       		.uleb128 0x49
 1356 0060 13       		.uleb128 0x13
 1357 0061 2F       		.uleb128 0x2f
 1358 0062 0B       		.uleb128 0xb
 1359 0063 00       		.byte	0
 1360 0064 00       		.byte	0
 1361 0065 00       		.byte	0
 1362              		.section	.debug_aranges,"",%progbits
 1363 0000 14000000 		.4byte	0x14
 1364 0004 0200     		.2byte	0x2
ARM GAS  C:\Users\Tizian\AppData\Local\Temp\ccLUSMMe.s 			page 25


 1365 0006 00000000 		.4byte	.Ldebug_info0
 1366 000a 04       		.byte	0x4
 1367 000b 00       		.byte	0
 1368 000c 0000     		.2byte	0
 1369 000e 0000     		.2byte	0
 1370 0010 00000000 		.4byte	0
 1371 0014 00000000 		.4byte	0
 1372              		.section	.debug_line,"",%progbits
 1373              	.Ldebug_line0:
 1374 0000 3D010000 		.section	.debug_str,"MS",%progbits,1
 1374      02003701 
 1374      00000201 
 1374      FB0E0D00 
 1374      01010101 
 1375              	.LASF9:
 1376 0000 5F5F7569 		.ascii	"__uint8_t\000"
 1376      6E74385F 
 1376      7400
 1377              	.LASF16:
 1378 000a 63795F6D 		.ascii	"cy_metadata\000"
 1378      65746164 
 1378      61746100 
 1379              	.LASF1:
 1380 0016 756E7369 		.ascii	"unsigned char\000"
 1380      676E6564 
 1380      20636861 
 1380      7200
 1381              	.LASF17:
 1382 0024 474E5520 		.ascii	"GNU C11 5.4.1 20160609 (release) [ARM/embedded-5-br"
 1382      43313120 
 1382      352E342E 
 1382      31203230 
 1382      31363036 
 1383 0057 616E6368 		.ascii	"anch revision 237715] -mcpu=cortex-m3 -mthumb -g -O"
 1383      20726576 
 1383      6973696F 
 1383      6E203233 
 1383      37373135 
 1384 008a 67202D66 		.ascii	"g -ffunction-sections -ffat-lto-objects\000"
 1384      66756E63 
 1384      74696F6E 
 1384      2D736563 
 1384      74696F6E 
 1385              	.LASF5:
 1386 00b2 6C6F6E67 		.ascii	"long unsigned int\000"
 1386      20756E73 
 1386      69676E65 
 1386      6420696E 
 1386      7400
 1387              	.LASF3:
 1388 00c4 73686F72 		.ascii	"short unsigned int\000"
 1388      7420756E 
 1388      7369676E 
 1388      65642069 
 1388      6E7400
 1389              	.LASF13:
 1390 00d7 63795F6D 		.ascii	"cy_meta_custnvl\000"
ARM GAS  C:\Users\Tizian\AppData\Local\Temp\ccLUSMMe.s 			page 26


 1390      6574615F 
 1390      63757374 
 1390      6E766C00 
 1391              	.LASF12:
 1392 00e7 63795F6D 		.ascii	"cy_meta_configecc\000"
 1392      6574615F 
 1392      636F6E66 
 1392      69676563 
 1392      6300
 1393              	.LASF8:
 1394 00f9 756E7369 		.ascii	"unsigned int\000"
 1394      676E6564 
 1394      20696E74 
 1394      00
 1395              	.LASF7:
 1396 0106 6C6F6E67 		.ascii	"long long unsigned int\000"
 1396      206C6F6E 
 1396      6720756E 
 1396      7369676E 
 1396      65642069 
 1397              	.LASF10:
 1398 011d 75696E74 		.ascii	"uint8_t\000"
 1398      385F7400 
 1399              	.LASF15:
 1400 0125 63795F6D 		.ascii	"cy_meta_flashprotect\000"
 1400      6574615F 
 1400      666C6173 
 1400      6870726F 
 1400      74656374 
 1401              	.LASF14:
 1402 013a 63795F6D 		.ascii	"cy_meta_wonvl\000"
 1402      6574615F 
 1402      776F6E76 
 1402      6C00
 1403              	.LASF11:
 1404 0148 73697A65 		.ascii	"sizetype\000"
 1404      74797065 
 1404      00
 1405              	.LASF6:
 1406 0151 6C6F6E67 		.ascii	"long long int\000"
 1406      206C6F6E 
 1406      6720696E 
 1406      7400
 1407              	.LASF19:
 1408 015f 433A5C55 		.ascii	"C:\\Users\\Tizian\\Documents\\HTL\\24_25\\PBE\\Z80-"
 1408      73657273 
 1408      5C54697A 
 1408      69616E5C 
 1408      446F6375 
 1409 018b 44656275 		.ascii	"Debug-Board\\PSoC_Program\\PSoC_Z80_Toolbox\\BusAna"
 1409      672D426F 
 1409      6172645C 
 1409      50536F43 
 1409      5F50726F 
 1410 01bb 6C797A65 		.ascii	"lyzer.cydsn\000"
 1410      722E6379 
 1410      64736E00 
ARM GAS  C:\Users\Tizian\AppData\Local\Temp\ccLUSMMe.s 			page 27


 1411              	.LASF2:
 1412 01c7 73686F72 		.ascii	"short int\000"
 1412      7420696E 
 1412      7400
 1413              	.LASF4:
 1414 01d1 6C6F6E67 		.ascii	"long int\000"
 1414      20696E74 
 1414      00
 1415              	.LASF0:
 1416 01da 7369676E 		.ascii	"signed char\000"
 1416      65642063 
 1416      68617200 
 1417              	.LASF18:
 1418 01e6 47656E65 		.ascii	"Generated_Source\\PSoC5\\cymetadata.c\000"
 1418      72617465 
 1418      645F536F 
 1418      75726365 
 1418      5C50536F 
 1419              		.ident	"GCC: (GNU Tools for ARM Embedded Processors) 5.4.1 20160609 (release) [ARM/embedded-5-bran
