Add Component: Footprint Not Found HM6116L
Added Pin To Net: NetName=A15 Pin=U3-16
Add Pin To Net: Unknown Pin: Pin U-1
Add Pin To Net: Unknown Pin: Pin U-2
Add Pin To Net: Unknown Pin: Pin U-3
Add Pin To Net: Unknown Pin: Pin U-4
Add Pin To Net: Unknown Pin: Pin U-5
Add Pin To Net: Unknown Pin: Pin U-6
Add Pin To Net: Unknown Pin: Pin U-7
Add Pin To Net: Unknown Pin: Pin U-8
Add Pin To Net: Unknown Pin: Pin U-9
Add Pin To Net: Unknown Pin: Pin U-10
Add Pin To Net: Unknown Pin: Pin U-11
Add Pin To Net: Unknown Pin: Pin U-12
Add Pin To Net: Unknown Pin: Pin U-13
Add Pin To Net: Unknown Pin: Pin U-14
Add Pin To Net: Unknown Pin: Pin U-15
Add Pin To Net: Unknown Pin: Pin U-16
Add Pin To Net: Unknown Pin: Pin U-17
Add Pin To Net: Unknown Pin: Pin U-18
Add Pin To Net: Unknown Pin: Pin U-19
Add Pin To Net: Unknown Pin: Pin U-20
Add Pin To Net: Unknown Pin: Pin U-21
Add Pin To Net: Unknown Pin: Pin U-22
Add Pin To Net: Unknown Pin: Pin U-23
Add Pin To Net: Unknown Pin: Pin U-24
Change Net Name : Old Net Name=NetINT-NMI_1 New Net Name=NetNMI-INT_1
Change Net Name : Old Net Name=NetINT-NMI_2 New Net Name=NetNMI-INT_2
Add Class Member: Failed to add class member : Component U Specific Part tbd
