Added Component: Designator=U(HM6116L)
Added Pin To Net: NetName=A1 Pin=U3-16
Added Pin To Net: NetName=A7 Pin=U-1
Added Pin To Net: NetName=A6 Pin=U-2
Added Pin To Net: NetName=A5 Pin=U-3
Added Pin To Net: NetName=A4 Pin=U-4
Added Pin To Net: NetName=A3 Pin=U-5
Added Pin To Net: NetName=A2 Pin=U-6
Added Pin To Net: NetName=A1 Pin=U-7
Added Pin To Net: NetName=A0 Pin=U-8
Added Pin To Net: NetName=D7 Pin=U-9
Added Pin To Net: NetName=D6 Pin=U-10
Added Pin To Net: NetName=D5 Pin=U-11
Added Pin To Net: NetName=GND Pin=U-12
Added Pin To Net: NetName=D4 Pin=U-13
Added Pin To Net: NetName=D3 Pin=U-14
Added Pin To Net: NetName=D2 Pin=U-15
Added Pin To Net: NetName=D1 Pin=U-16
Added Pin To Net: NetName=D0 Pin=U-17
Added Pin To Net: NetName=/CS_RAM Pin=U-18
Added Pin To Net: NetName=A10 Pin=U-19
Added Pin To Net: NetName=/Read Pin=U-20
Added Pin To Net: NetName=/Write Pin=U-21
Added Pin To Net: NetName=A9 Pin=U-22
Added Pin To Net: NetName=A8 Pin=U-23
Added Pin To Net: NetName=5V Pin=U-24
Added Member To Class: ClassName=Sheet1 Member=Component U HM6116L
