ARM GAS  C:\Users\nicoz\AppData\Local\Temp\ccHcr9mf.s 			page 1


   1              		.syntax unified
   2              		.cpu cortex-m3
   3              		.fpu softvfp
   4              		.eabi_attribute 20, 1
   5              		.eabi_attribute 21, 1
   6              		.eabi_attribute 23, 3
   7              		.eabi_attribute 24, 1
   8              		.eabi_attribute 25, 1
   9              		.eabi_attribute 26, 1
  10              		.eabi_attribute 30, 1
  11              		.eabi_attribute 34, 1
  12              		.eabi_attribute 18, 4
  13              		.thumb
  14              		.syntax unified
  15              		.file	"Address_MSB.c"
  16              		.text
  17              	.Ltext0:
  18              		.cfi_sections	.debug_frame
  19              		.section	.text.Address_MSB_Write,"ax",%progbits
  20              		.align	2
  21              		.global	Address_MSB_Write
  22              		.thumb
  23              		.thumb_func
  24              		.type	Address_MSB_Write, %function
  25              	Address_MSB_Write:
  26              	.LFB0:
  27              		.file 1 "Generated_Source\\PSoC5\\Address_MSB.c"
   1:Generated_Source\PSoC5/Address_MSB.c **** /*******************************************************************************
   2:Generated_Source\PSoC5/Address_MSB.c **** * File Name: Address_MSB.c  
   3:Generated_Source\PSoC5/Address_MSB.c **** * Version 2.20
   4:Generated_Source\PSoC5/Address_MSB.c **** *
   5:Generated_Source\PSoC5/Address_MSB.c **** * Description:
   6:Generated_Source\PSoC5/Address_MSB.c **** *  This file contains API to enable firmware control of a Pins component.
   7:Generated_Source\PSoC5/Address_MSB.c **** *
   8:Generated_Source\PSoC5/Address_MSB.c **** * Note:
   9:Generated_Source\PSoC5/Address_MSB.c **** *
  10:Generated_Source\PSoC5/Address_MSB.c **** ********************************************************************************
  11:Generated_Source\PSoC5/Address_MSB.c **** * Copyright 2008-2015, Cypress Semiconductor Corporation.  All rights reserved.
  12:Generated_Source\PSoC5/Address_MSB.c **** * You may use this file only in accordance with the license, terms, conditions, 
  13:Generated_Source\PSoC5/Address_MSB.c **** * disclaimers, and limitations in the end user license agreement accompanying 
  14:Generated_Source\PSoC5/Address_MSB.c **** * the software package with which this file was provided.
  15:Generated_Source\PSoC5/Address_MSB.c **** *******************************************************************************/
  16:Generated_Source\PSoC5/Address_MSB.c **** 
  17:Generated_Source\PSoC5/Address_MSB.c **** #include "cytypes.h"
  18:Generated_Source\PSoC5/Address_MSB.c **** #include "Address_MSB.h"
  19:Generated_Source\PSoC5/Address_MSB.c **** 
  20:Generated_Source\PSoC5/Address_MSB.c **** /* APIs are not generated for P15[7:6] on PSoC 5 */
  21:Generated_Source\PSoC5/Address_MSB.c **** #if !(CY_PSOC5A &&\
  22:Generated_Source\PSoC5/Address_MSB.c **** 	 Address_MSB__PORT == 15 && ((Address_MSB__MASK & 0xC0) != 0))
  23:Generated_Source\PSoC5/Address_MSB.c **** 
  24:Generated_Source\PSoC5/Address_MSB.c **** 
  25:Generated_Source\PSoC5/Address_MSB.c **** /*******************************************************************************
  26:Generated_Source\PSoC5/Address_MSB.c **** * Function Name: Address_MSB_Write
  27:Generated_Source\PSoC5/Address_MSB.c **** ****************************************************************************//**
  28:Generated_Source\PSoC5/Address_MSB.c **** *
  29:Generated_Source\PSoC5/Address_MSB.c **** * \brief Writes the value to the physical port (data output register), masking
  30:Generated_Source\PSoC5/Address_MSB.c **** *  and shifting the bits appropriately. 
ARM GAS  C:\Users\nicoz\AppData\Local\Temp\ccHcr9mf.s 			page 2


  31:Generated_Source\PSoC5/Address_MSB.c **** *
  32:Generated_Source\PSoC5/Address_MSB.c **** * The data output register controls the signal applied to the physical pin in 
  33:Generated_Source\PSoC5/Address_MSB.c **** * conjunction with the drive mode parameter. This function avoids changing 
  34:Generated_Source\PSoC5/Address_MSB.c **** * other bits in the port by using the appropriate method (read-modify-write or
  35:Generated_Source\PSoC5/Address_MSB.c **** * bit banding).
  36:Generated_Source\PSoC5/Address_MSB.c **** *
  37:Generated_Source\PSoC5/Address_MSB.c **** * <b>Note</b> This function should not be used on a hardware digital output pin 
  38:Generated_Source\PSoC5/Address_MSB.c **** * as it is driven by the hardware signal attached to it.
  39:Generated_Source\PSoC5/Address_MSB.c **** *
  40:Generated_Source\PSoC5/Address_MSB.c **** * \param value
  41:Generated_Source\PSoC5/Address_MSB.c **** *  Value to write to the component instance.
  42:Generated_Source\PSoC5/Address_MSB.c **** *
  43:Generated_Source\PSoC5/Address_MSB.c **** * \return 
  44:Generated_Source\PSoC5/Address_MSB.c **** *  None 
  45:Generated_Source\PSoC5/Address_MSB.c **** *
  46:Generated_Source\PSoC5/Address_MSB.c **** * \sideeffect
  47:Generated_Source\PSoC5/Address_MSB.c **** *  If you use read-modify-write operations that are not atomic; the Interrupt 
  48:Generated_Source\PSoC5/Address_MSB.c **** *  Service Routines (ISR) can cause corruption of this function. An ISR that 
  49:Generated_Source\PSoC5/Address_MSB.c **** *  interrupts this function and performs writes to the Pins component data 
  50:Generated_Source\PSoC5/Address_MSB.c **** *  register can cause corrupted port data. To avoid this issue, you should 
  51:Generated_Source\PSoC5/Address_MSB.c **** *  either use the Per-Pin APIs (primary method) or disable interrupts around 
  52:Generated_Source\PSoC5/Address_MSB.c **** *  this function.
  53:Generated_Source\PSoC5/Address_MSB.c **** *
  54:Generated_Source\PSoC5/Address_MSB.c **** * \funcusage
  55:Generated_Source\PSoC5/Address_MSB.c **** *  \snippet Address_MSB_SUT.c usage_Address_MSB_Write
  56:Generated_Source\PSoC5/Address_MSB.c **** *******************************************************************************/
  57:Generated_Source\PSoC5/Address_MSB.c **** void Address_MSB_Write(uint8 value)
  58:Generated_Source\PSoC5/Address_MSB.c **** {
  28              		.loc 1 58 0
  29              		.cfi_startproc
  30              		@ args = 0, pretend = 0, frame = 0
  31              		@ frame_needed = 0, uses_anonymous_args = 0
  32              		@ link register save eliminated.
  33              	.LVL0:
  59:Generated_Source\PSoC5/Address_MSB.c ****     uint8 staticBits = (Address_MSB_DR & (uint8)(~Address_MSB_MASK));
  34              		.loc 1 59 0
  35 0000 044A     		ldr	r2, .L2
  36 0002 1378     		ldrb	r3, [r2]	@ zero_extendqisi2
  37 0004 03F0F803 		and	r3, r3, #248
  38              	.LVL1:
  60:Generated_Source\PSoC5/Address_MSB.c ****     Address_MSB_DR = staticBits | ((uint8)(value << Address_MSB_SHIFT) & Address_MSB_MASK);
  39              		.loc 1 60 0
  40 0008 00F00700 		and	r0, r0, #7
  41              	.LVL2:
  42 000c 1843     		orrs	r0, r0, r3
  43 000e 1070     		strb	r0, [r2]
  44 0010 7047     		bx	lr
  45              	.L3:
  46 0012 00BF     		.align	2
  47              	.L2:
  48 0014 30510040 		.word	1073762608
  49              		.cfi_endproc
  50              	.LFE0:
  51              		.size	Address_MSB_Write, .-Address_MSB_Write
  52              		.section	.text.Address_MSB_SetDriveMode,"ax",%progbits
  53              		.align	2
  54              		.global	Address_MSB_SetDriveMode
ARM GAS  C:\Users\nicoz\AppData\Local\Temp\ccHcr9mf.s 			page 3


  55              		.thumb
  56              		.thumb_func
  57              		.type	Address_MSB_SetDriveMode, %function
  58              	Address_MSB_SetDriveMode:
  59              	.LFB1:
  61:Generated_Source\PSoC5/Address_MSB.c **** }
  62:Generated_Source\PSoC5/Address_MSB.c **** 
  63:Generated_Source\PSoC5/Address_MSB.c **** 
  64:Generated_Source\PSoC5/Address_MSB.c **** /*******************************************************************************
  65:Generated_Source\PSoC5/Address_MSB.c **** * Function Name: Address_MSB_SetDriveMode
  66:Generated_Source\PSoC5/Address_MSB.c **** ****************************************************************************//**
  67:Generated_Source\PSoC5/Address_MSB.c **** *
  68:Generated_Source\PSoC5/Address_MSB.c **** * \brief Sets the drive mode for each of the Pins component's pins.
  69:Generated_Source\PSoC5/Address_MSB.c **** * 
  70:Generated_Source\PSoC5/Address_MSB.c **** * <b>Note</b> This affects all pins in the Pins component instance. Use the
  71:Generated_Source\PSoC5/Address_MSB.c **** * Per-Pin APIs if you wish to control individual pin's drive modes.
  72:Generated_Source\PSoC5/Address_MSB.c **** *
  73:Generated_Source\PSoC5/Address_MSB.c **** * \param mode
  74:Generated_Source\PSoC5/Address_MSB.c **** *  Mode for the selected signals. Valid options are documented in 
  75:Generated_Source\PSoC5/Address_MSB.c **** *  \ref driveMode.
  76:Generated_Source\PSoC5/Address_MSB.c **** *
  77:Generated_Source\PSoC5/Address_MSB.c **** * \return
  78:Generated_Source\PSoC5/Address_MSB.c **** *  None
  79:Generated_Source\PSoC5/Address_MSB.c **** *
  80:Generated_Source\PSoC5/Address_MSB.c **** * \sideeffect
  81:Generated_Source\PSoC5/Address_MSB.c **** *  If you use read-modify-write operations that are not atomic, the ISR can
  82:Generated_Source\PSoC5/Address_MSB.c **** *  cause corruption of this function. An ISR that interrupts this function 
  83:Generated_Source\PSoC5/Address_MSB.c **** *  and performs writes to the Pins component Drive Mode registers can cause 
  84:Generated_Source\PSoC5/Address_MSB.c **** *  corrupted port data. To avoid this issue, you should either use the Per-Pin
  85:Generated_Source\PSoC5/Address_MSB.c **** *  APIs (primary method) or disable interrupts around this function.
  86:Generated_Source\PSoC5/Address_MSB.c **** *
  87:Generated_Source\PSoC5/Address_MSB.c **** * \funcusage
  88:Generated_Source\PSoC5/Address_MSB.c **** *  \snippet Address_MSB_SUT.c usage_Address_MSB_SetDriveMode
  89:Generated_Source\PSoC5/Address_MSB.c **** *******************************************************************************/
  90:Generated_Source\PSoC5/Address_MSB.c **** void Address_MSB_SetDriveMode(uint8 mode)
  91:Generated_Source\PSoC5/Address_MSB.c **** {
  60              		.loc 1 91 0
  61              		.cfi_startproc
  62              		@ args = 0, pretend = 0, frame = 0
  63              		@ frame_needed = 0, uses_anonymous_args = 0
  64              		@ link register save eliminated.
  65              	.LVL3:
  92:Generated_Source\PSoC5/Address_MSB.c **** 	CyPins_SetPinDriveMode(Address_MSB_0, mode);
  66              		.loc 1 92 0
  67 0000 0A4A     		ldr	r2, .L5
  68 0002 1378     		ldrb	r3, [r2]	@ zero_extendqisi2
  69 0004 00F00E00 		and	r0, r0, #14
  70              	.LVL4:
  71 0008 03F0F103 		and	r3, r3, #241
  72 000c 0343     		orrs	r3, r3, r0
  73 000e 1370     		strb	r3, [r2]
  93:Generated_Source\PSoC5/Address_MSB.c **** 	CyPins_SetPinDriveMode(Address_MSB_1, mode);
  74              		.loc 1 93 0
  75 0010 0132     		adds	r2, r2, #1
  76 0012 1378     		ldrb	r3, [r2]	@ zero_extendqisi2
  77 0014 03F0F103 		and	r3, r3, #241
  78 0018 0343     		orrs	r3, r3, r0
ARM GAS  C:\Users\nicoz\AppData\Local\Temp\ccHcr9mf.s 			page 4


  79 001a 1370     		strb	r3, [r2]
  94:Generated_Source\PSoC5/Address_MSB.c **** 	CyPins_SetPinDriveMode(Address_MSB_2, mode);
  80              		.loc 1 94 0
  81 001c 0132     		adds	r2, r2, #1
  82 001e 1378     		ldrb	r3, [r2]	@ zero_extendqisi2
  83 0020 03F0F103 		and	r3, r3, #241
  84 0024 1843     		orrs	r0, r0, r3
  85 0026 1070     		strb	r0, [r2]
  86 0028 7047     		bx	lr
  87              	.L6:
  88 002a 00BF     		.align	2
  89              	.L5:
  90 002c 18500040 		.word	1073762328
  91              		.cfi_endproc
  92              	.LFE1:
  93              		.size	Address_MSB_SetDriveMode, .-Address_MSB_SetDriveMode
  94              		.section	.text.Address_MSB_Read,"ax",%progbits
  95              		.align	2
  96              		.global	Address_MSB_Read
  97              		.thumb
  98              		.thumb_func
  99              		.type	Address_MSB_Read, %function
 100              	Address_MSB_Read:
 101              	.LFB2:
  95:Generated_Source\PSoC5/Address_MSB.c **** }
  96:Generated_Source\PSoC5/Address_MSB.c **** 
  97:Generated_Source\PSoC5/Address_MSB.c **** 
  98:Generated_Source\PSoC5/Address_MSB.c **** /*******************************************************************************
  99:Generated_Source\PSoC5/Address_MSB.c **** * Function Name: Address_MSB_Read
 100:Generated_Source\PSoC5/Address_MSB.c **** ****************************************************************************//**
 101:Generated_Source\PSoC5/Address_MSB.c **** *
 102:Generated_Source\PSoC5/Address_MSB.c **** * \brief Reads the associated physical port (pin status register) and masks 
 103:Generated_Source\PSoC5/Address_MSB.c **** *  the required bits according to the width and bit position of the component
 104:Generated_Source\PSoC5/Address_MSB.c **** *  instance. 
 105:Generated_Source\PSoC5/Address_MSB.c **** *
 106:Generated_Source\PSoC5/Address_MSB.c **** * The pin's status register returns the current logic level present on the 
 107:Generated_Source\PSoC5/Address_MSB.c **** * physical pin.
 108:Generated_Source\PSoC5/Address_MSB.c **** *
 109:Generated_Source\PSoC5/Address_MSB.c **** * \return 
 110:Generated_Source\PSoC5/Address_MSB.c **** *  The current value for the pins in the component as a right justified number.
 111:Generated_Source\PSoC5/Address_MSB.c **** *
 112:Generated_Source\PSoC5/Address_MSB.c **** * \funcusage
 113:Generated_Source\PSoC5/Address_MSB.c **** *  \snippet Address_MSB_SUT.c usage_Address_MSB_Read  
 114:Generated_Source\PSoC5/Address_MSB.c **** *******************************************************************************/
 115:Generated_Source\PSoC5/Address_MSB.c **** uint8 Address_MSB_Read(void)
 116:Generated_Source\PSoC5/Address_MSB.c **** {
 102              		.loc 1 116 0
 103              		.cfi_startproc
 104              		@ args = 0, pretend = 0, frame = 0
 105              		@ frame_needed = 0, uses_anonymous_args = 0
 106              		@ link register save eliminated.
 117:Generated_Source\PSoC5/Address_MSB.c ****     return (Address_MSB_PS & Address_MSB_MASK) >> Address_MSB_SHIFT;
 107              		.loc 1 117 0
 108 0000 024B     		ldr	r3, .L8
 109 0002 1878     		ldrb	r0, [r3]	@ zero_extendqisi2
 118:Generated_Source\PSoC5/Address_MSB.c **** }
 110              		.loc 1 118 0
ARM GAS  C:\Users\nicoz\AppData\Local\Temp\ccHcr9mf.s 			page 5


 111 0004 00F00700 		and	r0, r0, #7
 112 0008 7047     		bx	lr
 113              	.L9:
 114 000a 00BF     		.align	2
 115              	.L8:
 116 000c 31510040 		.word	1073762609
 117              		.cfi_endproc
 118              	.LFE2:
 119              		.size	Address_MSB_Read, .-Address_MSB_Read
 120              		.section	.text.Address_MSB_ReadDataReg,"ax",%progbits
 121              		.align	2
 122              		.global	Address_MSB_ReadDataReg
 123              		.thumb
 124              		.thumb_func
 125              		.type	Address_MSB_ReadDataReg, %function
 126              	Address_MSB_ReadDataReg:
 127              	.LFB3:
 119:Generated_Source\PSoC5/Address_MSB.c **** 
 120:Generated_Source\PSoC5/Address_MSB.c **** 
 121:Generated_Source\PSoC5/Address_MSB.c **** /*******************************************************************************
 122:Generated_Source\PSoC5/Address_MSB.c **** * Function Name: Address_MSB_ReadDataReg
 123:Generated_Source\PSoC5/Address_MSB.c **** ****************************************************************************//**
 124:Generated_Source\PSoC5/Address_MSB.c **** *
 125:Generated_Source\PSoC5/Address_MSB.c **** * \brief Reads the associated physical port's data output register and masks 
 126:Generated_Source\PSoC5/Address_MSB.c **** *  the correct bits according to the width and bit position of the component 
 127:Generated_Source\PSoC5/Address_MSB.c **** *  instance. 
 128:Generated_Source\PSoC5/Address_MSB.c **** *
 129:Generated_Source\PSoC5/Address_MSB.c **** * The data output register controls the signal applied to the physical pin in 
 130:Generated_Source\PSoC5/Address_MSB.c **** * conjunction with the drive mode parameter. This is not the same as the 
 131:Generated_Source\PSoC5/Address_MSB.c **** * preferred Address_MSB_Read() API because the 
 132:Generated_Source\PSoC5/Address_MSB.c **** * Address_MSB_ReadDataReg() reads the data register instead of the status 
 133:Generated_Source\PSoC5/Address_MSB.c **** * register. For output pins this is a useful function to determine the value 
 134:Generated_Source\PSoC5/Address_MSB.c **** * just written to the pin.
 135:Generated_Source\PSoC5/Address_MSB.c **** *
 136:Generated_Source\PSoC5/Address_MSB.c **** * \return 
 137:Generated_Source\PSoC5/Address_MSB.c **** *  The current value of the data register masked and shifted into a right 
 138:Generated_Source\PSoC5/Address_MSB.c **** *  justified number for the component instance.
 139:Generated_Source\PSoC5/Address_MSB.c **** *
 140:Generated_Source\PSoC5/Address_MSB.c **** * \funcusage
 141:Generated_Source\PSoC5/Address_MSB.c **** *  \snippet Address_MSB_SUT.c usage_Address_MSB_ReadDataReg 
 142:Generated_Source\PSoC5/Address_MSB.c **** *******************************************************************************/
 143:Generated_Source\PSoC5/Address_MSB.c **** uint8 Address_MSB_ReadDataReg(void)
 144:Generated_Source\PSoC5/Address_MSB.c **** {
 128              		.loc 1 144 0
 129              		.cfi_startproc
 130              		@ args = 0, pretend = 0, frame = 0
 131              		@ frame_needed = 0, uses_anonymous_args = 0
 132              		@ link register save eliminated.
 145:Generated_Source\PSoC5/Address_MSB.c ****     return (Address_MSB_DR & Address_MSB_MASK) >> Address_MSB_SHIFT;
 133              		.loc 1 145 0
 134 0000 024B     		ldr	r3, .L11
 135 0002 1878     		ldrb	r0, [r3]	@ zero_extendqisi2
 146:Generated_Source\PSoC5/Address_MSB.c **** }
 136              		.loc 1 146 0
 137 0004 00F00700 		and	r0, r0, #7
 138 0008 7047     		bx	lr
 139              	.L12:
ARM GAS  C:\Users\nicoz\AppData\Local\Temp\ccHcr9mf.s 			page 6


 140 000a 00BF     		.align	2
 141              	.L11:
 142 000c 30510040 		.word	1073762608
 143              		.cfi_endproc
 144              	.LFE3:
 145              		.size	Address_MSB_ReadDataReg, .-Address_MSB_ReadDataReg
 146              		.text
 147              	.Letext0:
 148              		.file 2 "Generated_Source\\PSoC5\\cytypes.h"
 149              		.section	.debug_info,"",%progbits
 150              	.Ldebug_info0:
 151 0000 1B010000 		.4byte	0x11b
 152 0004 0400     		.2byte	0x4
 153 0006 00000000 		.4byte	.Ldebug_abbrev0
 154 000a 04       		.byte	0x4
 155 000b 01       		.uleb128 0x1
 156 000c 67000000 		.4byte	.LASF20
 157 0010 0C       		.byte	0xc
 158 0011 1F010000 		.4byte	.LASF21
 159 0015 44010000 		.4byte	.LASF22
 160 0019 00000000 		.4byte	.Ldebug_ranges0+0
 161 001d 00000000 		.4byte	0
 162 0021 00000000 		.4byte	.Ldebug_line0
 163 0025 02       		.uleb128 0x2
 164 0026 01       		.byte	0x1
 165 0027 06       		.byte	0x6
 166 0028 F5010000 		.4byte	.LASF0
 167 002c 02       		.uleb128 0x2
 168 002d 01       		.byte	0x1
 169 002e 08       		.byte	0x8
 170 002f 59000000 		.4byte	.LASF1
 171 0033 02       		.uleb128 0x2
 172 0034 02       		.byte	0x2
 173 0035 05       		.byte	0x5
 174 0036 CA010000 		.4byte	.LASF2
 175 003a 02       		.uleb128 0x2
 176 003b 02       		.byte	0x2
 177 003c 07       		.byte	0x7
 178 003d 0C010000 		.4byte	.LASF3
 179 0041 02       		.uleb128 0x2
 180 0042 04       		.byte	0x4
 181 0043 05       		.byte	0x5
 182 0044 DA010000 		.4byte	.LASF4
 183 0048 02       		.uleb128 0x2
 184 0049 04       		.byte	0x4
 185 004a 07       		.byte	0x7
 186 004b FA000000 		.4byte	.LASF5
 187 004f 02       		.uleb128 0x2
 188 0050 08       		.byte	0x8
 189 0051 05       		.byte	0x5
 190 0052 B7010000 		.4byte	.LASF6
 191 0056 02       		.uleb128 0x2
 192 0057 08       		.byte	0x8
 193 0058 07       		.byte	0x7
 194 0059 9B010000 		.4byte	.LASF7
 195 005d 03       		.uleb128 0x3
 196 005e 04       		.byte	0x4
ARM GAS  C:\Users\nicoz\AppData\Local\Temp\ccHcr9mf.s 			page 7


 197 005f 05       		.byte	0x5
 198 0060 696E7400 		.ascii	"int\000"
 199 0064 02       		.uleb128 0x2
 200 0065 04       		.byte	0x4
 201 0066 07       		.byte	0x7
 202 0067 8E010000 		.4byte	.LASF8
 203 006b 04       		.uleb128 0x4
 204 006c D4010000 		.4byte	.LASF12
 205 0070 02       		.byte	0x2
 206 0071 E901     		.2byte	0x1e9
 207 0073 2C000000 		.4byte	0x2c
 208 0077 02       		.uleb128 0x2
 209 0078 04       		.byte	0x4
 210 0079 04       		.byte	0x4
 211 007a 53000000 		.4byte	.LASF9
 212 007e 02       		.uleb128 0x2
 213 007f 08       		.byte	0x8
 214 0080 04       		.byte	0x4
 215 0081 87010000 		.4byte	.LASF10
 216 0085 02       		.uleb128 0x2
 217 0086 01       		.byte	0x1
 218 0087 08       		.byte	0x8
 219 0088 C5010000 		.4byte	.LASF11
 220 008c 04       		.uleb128 0x4
 221 008d F5000000 		.4byte	.LASF13
 222 0091 02       		.byte	0x2
 223 0092 9302     		.2byte	0x293
 224 0094 98000000 		.4byte	0x98
 225 0098 05       		.uleb128 0x5
 226 0099 6B000000 		.4byte	0x6b
 227 009d 06       		.uleb128 0x6
 228 009e E3010000 		.4byte	.LASF14
 229 00a2 01       		.byte	0x1
 230 00a3 39       		.byte	0x39
 231 00a4 00000000 		.4byte	.LFB0
 232 00a8 18000000 		.4byte	.LFE0-.LFB0
 233 00ac 01       		.uleb128 0x1
 234 00ad 9C       		.byte	0x9c
 235 00ae CF000000 		.4byte	0xcf
 236 00b2 07       		.uleb128 0x7
 237 00b3 42000000 		.4byte	.LASF16
 238 00b7 01       		.byte	0x1
 239 00b8 39       		.byte	0x39
 240 00b9 6B000000 		.4byte	0x6b
 241 00bd 00000000 		.4byte	.LLST0
 242 00c1 08       		.uleb128 0x8
 243 00c2 48000000 		.4byte	.LASF23
 244 00c6 01       		.byte	0x1
 245 00c7 3B       		.byte	0x3b
 246 00c8 6B000000 		.4byte	0x6b
 247 00cc 01       		.uleb128 0x1
 248 00cd 53       		.byte	0x53
 249 00ce 00       		.byte	0
 250 00cf 06       		.uleb128 0x6
 251 00d0 00000000 		.4byte	.LASF15
 252 00d4 01       		.byte	0x1
 253 00d5 5A       		.byte	0x5a
ARM GAS  C:\Users\nicoz\AppData\Local\Temp\ccHcr9mf.s 			page 8


 254 00d6 00000000 		.4byte	.LFB1
 255 00da 30000000 		.4byte	.LFE1-.LFB1
 256 00de 01       		.uleb128 0x1
 257 00df 9C       		.byte	0x9c
 258 00e0 F4000000 		.4byte	0xf4
 259 00e4 07       		.uleb128 0x7
 260 00e5 B2010000 		.4byte	.LASF17
 261 00e9 01       		.byte	0x1
 262 00ea 5A       		.byte	0x5a
 263 00eb 6B000000 		.4byte	0x6b
 264 00ef 21000000 		.4byte	.LLST1
 265 00f3 00       		.byte	0
 266 00f4 09       		.uleb128 0x9
 267 00f5 19000000 		.4byte	.LASF18
 268 00f9 01       		.byte	0x1
 269 00fa 73       		.byte	0x73
 270 00fb 6B000000 		.4byte	0x6b
 271 00ff 00000000 		.4byte	.LFB2
 272 0103 10000000 		.4byte	.LFE2-.LFB2
 273 0107 01       		.uleb128 0x1
 274 0108 9C       		.byte	0x9c
 275 0109 09       		.uleb128 0x9
 276 010a 2A000000 		.4byte	.LASF19
 277 010e 01       		.byte	0x1
 278 010f 8F       		.byte	0x8f
 279 0110 6B000000 		.4byte	0x6b
 280 0114 00000000 		.4byte	.LFB3
 281 0118 10000000 		.4byte	.LFE3-.LFB3
 282 011c 01       		.uleb128 0x1
 283 011d 9C       		.byte	0x9c
 284 011e 00       		.byte	0
 285              		.section	.debug_abbrev,"",%progbits
 286              	.Ldebug_abbrev0:
 287 0000 01       		.uleb128 0x1
 288 0001 11       		.uleb128 0x11
 289 0002 01       		.byte	0x1
 290 0003 25       		.uleb128 0x25
 291 0004 0E       		.uleb128 0xe
 292 0005 13       		.uleb128 0x13
 293 0006 0B       		.uleb128 0xb
 294 0007 03       		.uleb128 0x3
 295 0008 0E       		.uleb128 0xe
 296 0009 1B       		.uleb128 0x1b
 297 000a 0E       		.uleb128 0xe
 298 000b 55       		.uleb128 0x55
 299 000c 17       		.uleb128 0x17
 300 000d 11       		.uleb128 0x11
 301 000e 01       		.uleb128 0x1
 302 000f 10       		.uleb128 0x10
 303 0010 17       		.uleb128 0x17
 304 0011 00       		.byte	0
 305 0012 00       		.byte	0
 306 0013 02       		.uleb128 0x2
 307 0014 24       		.uleb128 0x24
 308 0015 00       		.byte	0
 309 0016 0B       		.uleb128 0xb
 310 0017 0B       		.uleb128 0xb
ARM GAS  C:\Users\nicoz\AppData\Local\Temp\ccHcr9mf.s 			page 9


 311 0018 3E       		.uleb128 0x3e
 312 0019 0B       		.uleb128 0xb
 313 001a 03       		.uleb128 0x3
 314 001b 0E       		.uleb128 0xe
 315 001c 00       		.byte	0
 316 001d 00       		.byte	0
 317 001e 03       		.uleb128 0x3
 318 001f 24       		.uleb128 0x24
 319 0020 00       		.byte	0
 320 0021 0B       		.uleb128 0xb
 321 0022 0B       		.uleb128 0xb
 322 0023 3E       		.uleb128 0x3e
 323 0024 0B       		.uleb128 0xb
 324 0025 03       		.uleb128 0x3
 325 0026 08       		.uleb128 0x8
 326 0027 00       		.byte	0
 327 0028 00       		.byte	0
 328 0029 04       		.uleb128 0x4
 329 002a 16       		.uleb128 0x16
 330 002b 00       		.byte	0
 331 002c 03       		.uleb128 0x3
 332 002d 0E       		.uleb128 0xe
 333 002e 3A       		.uleb128 0x3a
 334 002f 0B       		.uleb128 0xb
 335 0030 3B       		.uleb128 0x3b
 336 0031 05       		.uleb128 0x5
 337 0032 49       		.uleb128 0x49
 338 0033 13       		.uleb128 0x13
 339 0034 00       		.byte	0
 340 0035 00       		.byte	0
 341 0036 05       		.uleb128 0x5
 342 0037 35       		.uleb128 0x35
 343 0038 00       		.byte	0
 344 0039 49       		.uleb128 0x49
 345 003a 13       		.uleb128 0x13
 346 003b 00       		.byte	0
 347 003c 00       		.byte	0
 348 003d 06       		.uleb128 0x6
 349 003e 2E       		.uleb128 0x2e
 350 003f 01       		.byte	0x1
 351 0040 3F       		.uleb128 0x3f
 352 0041 19       		.uleb128 0x19
 353 0042 03       		.uleb128 0x3
 354 0043 0E       		.uleb128 0xe
 355 0044 3A       		.uleb128 0x3a
 356 0045 0B       		.uleb128 0xb
 357 0046 3B       		.uleb128 0x3b
 358 0047 0B       		.uleb128 0xb
 359 0048 27       		.uleb128 0x27
 360 0049 19       		.uleb128 0x19
 361 004a 11       		.uleb128 0x11
 362 004b 01       		.uleb128 0x1
 363 004c 12       		.uleb128 0x12
 364 004d 06       		.uleb128 0x6
 365 004e 40       		.uleb128 0x40
 366 004f 18       		.uleb128 0x18
 367 0050 9742     		.uleb128 0x2117
ARM GAS  C:\Users\nicoz\AppData\Local\Temp\ccHcr9mf.s 			page 10


 368 0052 19       		.uleb128 0x19
 369 0053 01       		.uleb128 0x1
 370 0054 13       		.uleb128 0x13
 371 0055 00       		.byte	0
 372 0056 00       		.byte	0
 373 0057 07       		.uleb128 0x7
 374 0058 05       		.uleb128 0x5
 375 0059 00       		.byte	0
 376 005a 03       		.uleb128 0x3
 377 005b 0E       		.uleb128 0xe
 378 005c 3A       		.uleb128 0x3a
 379 005d 0B       		.uleb128 0xb
 380 005e 3B       		.uleb128 0x3b
 381 005f 0B       		.uleb128 0xb
 382 0060 49       		.uleb128 0x49
 383 0061 13       		.uleb128 0x13
 384 0062 02       		.uleb128 0x2
 385 0063 17       		.uleb128 0x17
 386 0064 00       		.byte	0
 387 0065 00       		.byte	0
 388 0066 08       		.uleb128 0x8
 389 0067 34       		.uleb128 0x34
 390 0068 00       		.byte	0
 391 0069 03       		.uleb128 0x3
 392 006a 0E       		.uleb128 0xe
 393 006b 3A       		.uleb128 0x3a
 394 006c 0B       		.uleb128 0xb
 395 006d 3B       		.uleb128 0x3b
 396 006e 0B       		.uleb128 0xb
 397 006f 49       		.uleb128 0x49
 398 0070 13       		.uleb128 0x13
 399 0071 02       		.uleb128 0x2
 400 0072 18       		.uleb128 0x18
 401 0073 00       		.byte	0
 402 0074 00       		.byte	0
 403 0075 09       		.uleb128 0x9
 404 0076 2E       		.uleb128 0x2e
 405 0077 00       		.byte	0
 406 0078 3F       		.uleb128 0x3f
 407 0079 19       		.uleb128 0x19
 408 007a 03       		.uleb128 0x3
 409 007b 0E       		.uleb128 0xe
 410 007c 3A       		.uleb128 0x3a
 411 007d 0B       		.uleb128 0xb
 412 007e 3B       		.uleb128 0x3b
 413 007f 0B       		.uleb128 0xb
 414 0080 27       		.uleb128 0x27
 415 0081 19       		.uleb128 0x19
 416 0082 49       		.uleb128 0x49
 417 0083 13       		.uleb128 0x13
 418 0084 11       		.uleb128 0x11
 419 0085 01       		.uleb128 0x1
 420 0086 12       		.uleb128 0x12
 421 0087 06       		.uleb128 0x6
 422 0088 40       		.uleb128 0x40
 423 0089 18       		.uleb128 0x18
 424 008a 9742     		.uleb128 0x2117
ARM GAS  C:\Users\nicoz\AppData\Local\Temp\ccHcr9mf.s 			page 11


 425 008c 19       		.uleb128 0x19
 426 008d 00       		.byte	0
 427 008e 00       		.byte	0
 428 008f 00       		.byte	0
 429              		.section	.debug_loc,"",%progbits
 430              	.Ldebug_loc0:
 431              	.LLST0:
 432 0000 00000000 		.4byte	.LVL0
 433 0004 0C000000 		.4byte	.LVL2
 434 0008 0100     		.2byte	0x1
 435 000a 50       		.byte	0x50
 436 000b 0C000000 		.4byte	.LVL2
 437 000f 18000000 		.4byte	.LFE0
 438 0013 0400     		.2byte	0x4
 439 0015 F3       		.byte	0xf3
 440 0016 01       		.uleb128 0x1
 441 0017 50       		.byte	0x50
 442 0018 9F       		.byte	0x9f
 443 0019 00000000 		.4byte	0
 444 001d 00000000 		.4byte	0
 445              	.LLST1:
 446 0021 00000000 		.4byte	.LVL3
 447 0025 08000000 		.4byte	.LVL4
 448 0029 0100     		.2byte	0x1
 449 002b 50       		.byte	0x50
 450 002c 08000000 		.4byte	.LVL4
 451 0030 30000000 		.4byte	.LFE1
 452 0034 0400     		.2byte	0x4
 453 0036 F3       		.byte	0xf3
 454 0037 01       		.uleb128 0x1
 455 0038 50       		.byte	0x50
 456 0039 9F       		.byte	0x9f
 457 003a 00000000 		.4byte	0
 458 003e 00000000 		.4byte	0
 459              		.section	.debug_aranges,"",%progbits
 460 0000 34000000 		.4byte	0x34
 461 0004 0200     		.2byte	0x2
 462 0006 00000000 		.4byte	.Ldebug_info0
 463 000a 04       		.byte	0x4
 464 000b 00       		.byte	0
 465 000c 0000     		.2byte	0
 466 000e 0000     		.2byte	0
 467 0010 00000000 		.4byte	.LFB0
 468 0014 18000000 		.4byte	.LFE0-.LFB0
 469 0018 00000000 		.4byte	.LFB1
 470 001c 30000000 		.4byte	.LFE1-.LFB1
 471 0020 00000000 		.4byte	.LFB2
 472 0024 10000000 		.4byte	.LFE2-.LFB2
 473 0028 00000000 		.4byte	.LFB3
 474 002c 10000000 		.4byte	.LFE3-.LFB3
 475 0030 00000000 		.4byte	0
 476 0034 00000000 		.4byte	0
 477              		.section	.debug_ranges,"",%progbits
 478              	.Ldebug_ranges0:
 479 0000 00000000 		.4byte	.LFB0
 480 0004 18000000 		.4byte	.LFE0
 481 0008 00000000 		.4byte	.LFB1
ARM GAS  C:\Users\nicoz\AppData\Local\Temp\ccHcr9mf.s 			page 12


 482 000c 30000000 		.4byte	.LFE1
 483 0010 00000000 		.4byte	.LFB2
 484 0014 10000000 		.4byte	.LFE2
 485 0018 00000000 		.4byte	.LFB3
 486 001c 10000000 		.4byte	.LFE3
 487 0020 00000000 		.4byte	0
 488 0024 00000000 		.4byte	0
 489              		.section	.debug_line,"",%progbits
 490              	.Ldebug_line0:
 491 0000 96000000 		.section	.debug_str,"MS",%progbits,1
 491      02004800 
 491      00000201 
 491      FB0E0D00 
 491      01010101 
 492              	.LASF15:
 493 0000 41646472 		.ascii	"Address_MSB_SetDriveMode\000"
 493      6573735F 
 493      4D53425F 
 493      53657444 
 493      72697665 
 494              	.LASF18:
 495 0019 41646472 		.ascii	"Address_MSB_Read\000"
 495      6573735F 
 495      4D53425F 
 495      52656164 
 495      00
 496              	.LASF19:
 497 002a 41646472 		.ascii	"Address_MSB_ReadDataReg\000"
 497      6573735F 
 497      4D53425F 
 497      52656164 
 497      44617461 
 498              	.LASF16:
 499 0042 76616C75 		.ascii	"value\000"
 499      6500
 500              	.LASF23:
 501 0048 73746174 		.ascii	"staticBits\000"
 501      69634269 
 501      747300
 502              	.LASF9:
 503 0053 666C6F61 		.ascii	"float\000"
 503      7400
 504              	.LASF1:
 505 0059 756E7369 		.ascii	"unsigned char\000"
 505      676E6564 
 505      20636861 
 505      7200
 506              	.LASF20:
 507 0067 474E5520 		.ascii	"GNU C11 5.4.1 20160609 (release) [ARM/embedded-5-br"
 507      43313120 
 507      352E342E 
 507      31203230 
 507      31363036 
 508 009a 616E6368 		.ascii	"anch revision 237715] -mcpu=cortex-m3 -mthumb -g -O"
 508      20726576 
 508      6973696F 
 508      6E203233 
ARM GAS  C:\Users\nicoz\AppData\Local\Temp\ccHcr9mf.s 			page 13


 508      37373135 
 509 00cd 67202D66 		.ascii	"g -ffunction-sections -ffat-lto-objects\000"
 509      66756E63 
 509      74696F6E 
 509      2D736563 
 509      74696F6E 
 510              	.LASF13:
 511 00f5 72656738 		.ascii	"reg8\000"
 511      00
 512              	.LASF5:
 513 00fa 6C6F6E67 		.ascii	"long unsigned int\000"
 513      20756E73 
 513      69676E65 
 513      6420696E 
 513      7400
 514              	.LASF3:
 515 010c 73686F72 		.ascii	"short unsigned int\000"
 515      7420756E 
 515      7369676E 
 515      65642069 
 515      6E7400
 516              	.LASF21:
 517 011f 47656E65 		.ascii	"Generated_Source\\PSoC5\\Address_MSB.c\000"
 517      72617465 
 517      645F536F 
 517      75726365 
 517      5C50536F 
 518              	.LASF22:
 519 0144 433A5C5A 		.ascii	"C:\\Z80-Debug-Board\\PSoC_Program\\PSoC_Z80_Toolbox"
 519      38302D44 
 519      65627567 
 519      2D426F61 
 519      72645C50 
 520 0174 5C554152 		.ascii	"\\UART_to_RAM.cydsn\000"
 520      545F746F 
 520      5F52414D 
 520      2E637964 
 520      736E00
 521              	.LASF10:
 522 0187 646F7562 		.ascii	"double\000"
 522      6C6500
 523              	.LASF8:
 524 018e 756E7369 		.ascii	"unsigned int\000"
 524      676E6564 
 524      20696E74 
 524      00
 525              	.LASF7:
 526 019b 6C6F6E67 		.ascii	"long long unsigned int\000"
 526      206C6F6E 
 526      6720756E 
 526      7369676E 
 526      65642069 
 527              	.LASF17:
 528 01b2 6D6F6465 		.ascii	"mode\000"
 528      00
 529              	.LASF6:
 530 01b7 6C6F6E67 		.ascii	"long long int\000"
ARM GAS  C:\Users\nicoz\AppData\Local\Temp\ccHcr9mf.s 			page 14


 530      206C6F6E 
 530      6720696E 
 530      7400
 531              	.LASF11:
 532 01c5 63686172 		.ascii	"char\000"
 532      00
 533              	.LASF2:
 534 01ca 73686F72 		.ascii	"short int\000"
 534      7420696E 
 534      7400
 535              	.LASF12:
 536 01d4 75696E74 		.ascii	"uint8\000"
 536      3800
 537              	.LASF4:
 538 01da 6C6F6E67 		.ascii	"long int\000"
 538      20696E74 
 538      00
 539              	.LASF14:
 540 01e3 41646472 		.ascii	"Address_MSB_Write\000"
 540      6573735F 
 540      4D53425F 
 540      57726974 
 540      6500
 541              	.LASF0:
 542 01f5 7369676E 		.ascii	"signed char\000"
 542      65642063 
 542      68617200 
 543              		.ident	"GCC: (GNU Tools for ARM Embedded Processors) 5.4.1 20160609 (release) [ARM/embedded-5-bran
