ARM GAS  C:\Users\nicoz\AppData\Local\Temp\cc1WK1pk.s 			page 1


   1              		.syntax unified
   2              		.cpu cortex-m3
   3              		.fpu softvfp
   4              		.eabi_attribute 20, 1
   5              		.eabi_attribute 21, 1
   6              		.eabi_attribute 23, 3
   7              		.eabi_attribute 24, 1
   8              		.eabi_attribute 25, 1
   9              		.eabi_attribute 26, 1
  10              		.eabi_attribute 30, 1
  11              		.eabi_attribute 34, 1
  12              		.eabi_attribute 18, 4
  13              		.thumb
  14              		.syntax unified
  15              		.file	"cymetadata.c"
  16              		.text
  17              	.Ltext0:
  18              		.cfi_sections	.debug_frame
  19              		.global	cy_metadata
  20              		.global	cy_meta_flashprotect
  21              		.global	cy_meta_wonvl
  22              		.global	cy_meta_custnvl
  23              		.global	cy_meta_configecc
  24              		.section	.cyconfigecc,"a",%progbits
  25              		.align	2
  26              		.type	cy_meta_configecc, %object
  27              		.size	cy_meta_configecc, 760
  28              	cy_meta_configecc:
  29 0000 01       		.byte	1
  30 0001 52       		.byte	82
  31 0002 00       		.byte	0
  32 0003 40       		.byte	64
  33 0004 03       		.byte	3
  34 0005 64       		.byte	100
  35 0006 00       		.byte	0
  36 0007 40       		.byte	64
  37 0008 04       		.byte	4
  38 0009 0B       		.byte	11
  39 000a 01       		.byte	1
  40 000b 40       		.byte	64
  41 000c 15       		.byte	21
  42 000d 0C       		.byte	12
  43 000e 01       		.byte	1
  44 000f 40       		.byte	64
  45 0010 49       		.byte	73
  46 0011 0D       		.byte	13
  47 0012 01       		.byte	1
  48 0013 40       		.byte	64
  49 0014 67       		.byte	103
  50 0015 0E       		.byte	14
  51 0016 01       		.byte	1
  52 0017 40       		.byte	64
  53 0018 38       		.byte	56
  54 0019 0F       		.byte	15
  55 001a 01       		.byte	1
  56 001b 40       		.byte	64
  57 001c 05       		.byte	5
ARM GAS  C:\Users\nicoz\AppData\Local\Temp\cc1WK1pk.s 			page 2


  58 001d 45       		.byte	69
  59 001e 01       		.byte	1
  60 001f 40       		.byte	64
  61 0020 04       		.byte	4
  62 0021 46       		.byte	70
  63 0022 01       		.byte	1
  64 0023 40       		.byte	64
  65 0024 02       		.byte	2
  66 0025 50       		.byte	80
  67 0026 01       		.byte	1
  68 0027 40       		.byte	64
  69 0028 14       		.byte	20
  70 0029 01       		.byte	1
  71 002a 8C       		.byte	-116
  72 002b 38       		.byte	56
  73 002c 8D       		.byte	-115
  74 002d 72       		.byte	114
  75 002e 8E       		.byte	-114
  76 002f 0F       		.byte	15
  77 0030 AF       		.byte	-81
  78 0031 10       		.byte	16
  79 0032 B0       		.byte	-80
  80 0033 02       		.byte	2
  81 0034 B5       		.byte	-75
  82 0035 02       		.byte	2
  83 0036 EC       		.byte	-20
  84 0037 02       		.byte	2
  85 0038 00       		.byte	0
  86 0039 04       		.byte	4
  87 003a 06       		.byte	6
  88 003b 04       		.byte	4
  89 003c 08       		.byte	8
  90 003d 08       		.byte	8
  91 003e 0C       		.byte	12
  92 003f 04       		.byte	4
  93 0040 12       		.byte	18
  94 0041 01       		.byte	1
  95 0042 1A       		.byte	26
  96 0043 04       		.byte	4
  97 0044 22       		.byte	34
  98 0045 02       		.byte	2
  99 0046 26       		.byte	38
 100 0047 01       		.byte	1
 101 0048 2A       		.byte	42
 102 0049 02       		.byte	2
 103 004a 30       		.byte	48
 104 004b 04       		.byte	4
 105 004c 32       		.byte	50
 106 004d 01       		.byte	1
 107 004e 34       		.byte	52
 108 004f 08       		.byte	8
 109 0050 36       		.byte	54
 110 0051 02       		.byte	2
 111 0052 38       		.byte	56
 112 0053 02       		.byte	2
 113 0054 3B       		.byte	59
 114 0055 80       		.byte	-128
ARM GAS  C:\Users\nicoz\AppData\Local\Temp\cc1WK1pk.s 			page 3


 115 0056 3E       		.byte	62
 116 0057 54       		.byte	84
 117 0058 54       		.byte	84
 118 0059 18       		.byte	24
 119 005a 58       		.byte	88
 120 005b 04       		.byte	4
 121 005c 59       		.byte	89
 122 005d 04       		.byte	4
 123 005e 5B       		.byte	91
 124 005f 04       		.byte	4
 125 0060 5F       		.byte	95
 126 0061 01       		.byte	1
 127 0062 00       		.byte	0
 128 0063 44       		.byte	68
 129 0064 01       		.byte	1
 130 0065 82       		.byte	-126
 131 0066 02       		.byte	2
 132 0067 04       		.byte	4
 133 0068 03       		.byte	3
 134 0069 08       		.byte	8
 135 006a 04       		.byte	4
 136 006b 04       		.byte	4
 137 006c 05       		.byte	5
 138 006d 10       		.byte	16
 139 006e 06       		.byte	6
 140 006f 40       		.byte	64
 141 0070 07       		.byte	7
 142 0071 01       		.byte	1
 143 0072 09       		.byte	9
 144 0073 40       		.byte	64
 145 0074 0A       		.byte	10
 146 0075 18       		.byte	24
 147 0076 0B       		.byte	11
 148 0077 04       		.byte	4
 149 0078 0D       		.byte	13
 150 0079 02       		.byte	2
 151 007a 0F       		.byte	15
 152 007b 08       		.byte	8
 153 007c 10       		.byte	16
 154 007d 80       		.byte	-128
 155 007e 12       		.byte	18
 156 007f 02       		.byte	2
 157 0080 13       		.byte	19
 158 0081 18       		.byte	24
 159 0082 15       		.byte	21
 160 0083 02       		.byte	2
 161 0084 16       		.byte	22
 162 0085 10       		.byte	16
 163 0086 17       		.byte	23
 164 0087 20       		.byte	32
 165 0088 18       		.byte	24
 166 0089 41       		.byte	65
 167 008a 19       		.byte	25
 168 008b 20       		.byte	32
 169 008c 1A       		.byte	26
 170 008d 10       		.byte	16
 171 008e 1B       		.byte	27
ARM GAS  C:\Users\nicoz\AppData\Local\Temp\cc1WK1pk.s 			page 4


 172 008f 04       		.byte	4
 173 0090 1D       		.byte	29
 174 0091 42       		.byte	66
 175 0092 1F       		.byte	31
 176 0093 14       		.byte	20
 177 0094 20       		.byte	32
 178 0095 04       		.byte	4
 179 0096 22       		.byte	34
 180 0097 18       		.byte	24
 181 0098 23       		.byte	35
 182 0099 21       		.byte	33
 183 009a 24       		.byte	36
 184 009b 02       		.byte	2
 185 009c 25       		.byte	37
 186 009d 40       		.byte	64
 187 009e 27       		.byte	39
 188 009f 01       		.byte	1
 189 00a0 28       		.byte	40
 190 00a1 02       		.byte	2
 191 00a2 2A       		.byte	42
 192 00a3 06       		.byte	6
 193 00a4 2B       		.byte	43
 194 00a5 04       		.byte	4
 195 00a6 32       		.byte	50
 196 00a7 56       		.byte	86
 197 00a8 38       		.byte	56
 198 00a9 6A       		.byte	106
 199 00aa 3A       		.byte	58
 200 00ab 40       		.byte	64
 201 00ac 40       		.byte	64
 202 00ad 01       		.byte	1
 203 00ae 43       		.byte	67
 204 00af 09       		.byte	9
 205 00b0 49       		.byte	73
 206 00b1 80       		.byte	-128
 207 00b2 4A       		.byte	74
 208 00b3 08       		.byte	8
 209 00b4 51       		.byte	81
 210 00b5 01       		.byte	1
 211 00b6 52       		.byte	82
 212 00b7 10       		.byte	16
 213 00b8 59       		.byte	89
 214 00b9 20       		.byte	32
 215 00ba 5F       		.byte	95
 216 00bb 01       		.byte	1
 217 00bc 65       		.byte	101
 218 00bd 40       		.byte	64
 219 00be 67       		.byte	103
 220 00bf 08       		.byte	8
 221 00c0 68       		.byte	104
 222 00c1 01       		.byte	1
 223 00c2 69       		.byte	105
 224 00c3 10       		.byte	16
 225 00c4 6B       		.byte	107
 226 00c5 10       		.byte	16
 227 00c6 70       		.byte	112
 228 00c7 94       		.byte	-108
ARM GAS  C:\Users\nicoz\AppData\Local\Temp\cc1WK1pk.s 			page 5


 229 00c8 72       		.byte	114
 230 00c9 02       		.byte	2
 231 00ca 73       		.byte	115
 232 00cb 18       		.byte	24
 233 00cc 92       		.byte	-110
 234 00cd 80       		.byte	-128
 235 00ce 93       		.byte	-109
 236 00cf 04       		.byte	4
 237 00d0 95       		.byte	-107
 238 00d1 10       		.byte	16
 239 00d2 99       		.byte	-103
 240 00d3 10       		.byte	16
 241 00d4 9C       		.byte	-100
 242 00d5 02       		.byte	2
 243 00d6 9F       		.byte	-97
 244 00d7 10       		.byte	16
 245 00d8 A2       		.byte	-94
 246 00d9 02       		.byte	2
 247 00da A3       		.byte	-93
 248 00db 08       		.byte	8
 249 00dc A4       		.byte	-92
 250 00dd 01       		.byte	1
 251 00de B4       		.byte	-76
 252 00df 84       		.byte	-124
 253 00e0 C0       		.byte	-64
 254 00e1 FF       		.byte	-1
 255 00e2 C2       		.byte	-62
 256 00e3 57       		.byte	87
 257 00e4 C4       		.byte	-60
 258 00e5 7F       		.byte	127
 259 00e6 CA       		.byte	-54
 260 00e7 0F       		.byte	15
 261 00e8 CC       		.byte	-52
 262 00e9 0F       		.byte	15
 263 00ea CE       		.byte	-50
 264 00eb 0F       		.byte	15
 265 00ec D0       		.byte	-48
 266 00ed 0B       		.byte	11
 267 00ee D2       		.byte	-46
 268 00ef 0C       		.byte	12
 269 00f0 D6       		.byte	-42
 270 00f1 84       		.byte	-124
 271 00f2 D8       		.byte	-40
 272 00f3 30       		.byte	48
 273 00f4 00       		.byte	0
 274 00f5 20       		.byte	32
 275 00f6 05       		.byte	5
 276 00f7 10       		.byte	16
 277 00f8 07       		.byte	7
 278 00f9 60       		.byte	96
 279 00fa 08       		.byte	8
 280 00fb 03       		.byte	3
 281 00fc 09       		.byte	9
 282 00fd 7C       		.byte	124
 283 00fe 0A       		.byte	10
 284 00ff 14       		.byte	20
 285 0100 0C       		.byte	12
ARM GAS  C:\Users\nicoz\AppData\Local\Temp\cc1WK1pk.s 			page 6


 286 0101 13       		.byte	19
 287 0102 0E       		.byte	14
 288 0103 0C       		.byte	12
 289 0104 10       		.byte	16
 290 0105 13       		.byte	19
 291 0106 11       		.byte	17
 292 0107 48       		.byte	72
 293 0108 12       		.byte	18
 294 0109 04       		.byte	4
 295 010a 13       		.byte	19
 296 010b 14       		.byte	20
 297 010c 14       		.byte	20
 298 010d 20       		.byte	32
 299 010e 18       		.byte	24
 300 010f 20       		.byte	32
 301 0110 19       		.byte	25
 302 0111 7C       		.byte	124
 303 0112 22       		.byte	34
 304 0113 08       		.byte	8
 305 0114 24       		.byte	36
 306 0115 0A       		.byte	10
 307 0116 25       		.byte	37
 308 0117 02       		.byte	2
 309 0118 26       		.byte	38
 310 0119 14       		.byte	20
 311 011a 2A       		.byte	42
 312 011b 15       		.byte	21
 313 011c 2D       		.byte	45
 314 011d 24       		.byte	36
 315 011e 2F       		.byte	47
 316 011f 19       		.byte	25
 317 0120 30       		.byte	48
 318 0121 0F       		.byte	15
 319 0122 31       		.byte	49
 320 0123 0C       		.byte	12
 321 0124 32       		.byte	50
 322 0125 20       		.byte	32
 323 0126 33       		.byte	51
 324 0127 02       		.byte	2
 325 0128 34       		.byte	52
 326 0129 10       		.byte	16
 327 012a 35       		.byte	53
 328 012b 70       		.byte	112
 329 012c 37       		.byte	55
 330 012d 01       		.byte	1
 331 012e 3A       		.byte	58
 332 012f 02       		.byte	2
 333 0130 3E       		.byte	62
 334 0131 10       		.byte	16
 335 0132 3F       		.byte	63
 336 0133 04       		.byte	4
 337 0134 40       		.byte	64
 338 0135 53       		.byte	83
 339 0136 41       		.byte	65
 340 0137 01       		.byte	1
 341 0138 45       		.byte	69
 342 0139 EC       		.byte	-20
ARM GAS  C:\Users\nicoz\AppData\Local\Temp\cc1WK1pk.s 			page 7


 343 013a 46       		.byte	70
 344 013b B0       		.byte	-80
 345 013c 47       		.byte	71
 346 013d 0E       		.byte	14
 347 013e 48       		.byte	72
 348 013f 1B       		.byte	27
 349 0140 49       		.byte	73
 350 0141 FF       		.byte	-1
 351 0142 4A       		.byte	74
 352 0143 FF       		.byte	-1
 353 0144 4B       		.byte	75
 354 0145 FF       		.byte	-1
 355 0146 4E       		.byte	78
 356 0147 F0       		.byte	-16
 357 0148 4F       		.byte	79
 358 0149 44       		.byte	68
 359 014a 50       		.byte	80
 360 014b 0C       		.byte	12
 361 014c 54       		.byte	84
 362 014d 01       		.byte	1
 363 014e 58       		.byte	88
 364 014f 04       		.byte	4
 365 0150 59       		.byte	89
 366 0151 04       		.byte	4
 367 0152 5A       		.byte	90
 368 0153 04       		.byte	4
 369 0154 5B       		.byte	91
 370 0155 04       		.byte	4
 371 0156 5F       		.byte	95
 372 0157 01       		.byte	1
 373 0158 66       		.byte	102
 374 0159 C0       		.byte	-64
 375 015a 6A       		.byte	106
 376 015b 40       		.byte	64
 377 015c 6B       		.byte	107
 378 015d 02       		.byte	2
 379 015e 80       		.byte	-128
 380 015f 10       		.byte	16
 381 0160 82       		.byte	-126
 382 0161 40       		.byte	64
 383 0162 83       		.byte	-125
 384 0163 08       		.byte	8
 385 0164 89       		.byte	-119
 386 0165 80       		.byte	-128
 387 0166 8A       		.byte	-118
 388 0167 03       		.byte	3
 389 0168 8B       		.byte	-117
 390 0169 13       		.byte	19
 391 016a 8C       		.byte	-116
 392 016b 10       		.byte	16
 393 016c 8E       		.byte	-114
 394 016d AC       		.byte	-84
 395 016e 93       		.byte	-109
 396 016f 0C       		.byte	12
 397 0170 96       		.byte	-106
 398 0171 20       		.byte	32
 399 0172 99       		.byte	-103
ARM GAS  C:\Users\nicoz\AppData\Local\Temp\cc1WK1pk.s 			page 8


 400 0173 2C       		.byte	44
 401 0174 9B       		.byte	-101
 402 0175 43       		.byte	67
 403 0176 9C       		.byte	-100
 404 0177 0C       		.byte	12
 405 0178 9E       		.byte	-98
 406 0179 71       		.byte	113
 407 017a A0       		.byte	-96
 408 017b 09       		.byte	9
 409 017c A1       		.byte	-95
 410 017d 71       		.byte	113
 411 017e A2       		.byte	-94
 412 017f D0       		.byte	-48
 413 0180 A3       		.byte	-93
 414 0181 0E       		.byte	14
 415 0182 A4       		.byte	-92
 416 0183 DC       		.byte	-36
 417 0184 A6       		.byte	-90
 418 0185 22       		.byte	34
 419 0186 A8       		.byte	-88
 420 0187 14       		.byte	20
 421 0188 AD       		.byte	-83
 422 0189 71       		.byte	113
 423 018a AF       		.byte	-81
 424 018b 06       		.byte	6
 425 018c B3       		.byte	-77
 426 018d 30       		.byte	48
 427 018e B4       		.byte	-76
 428 018f 1F       		.byte	31
 429 0190 B5       		.byte	-75
 430 0191 0F       		.byte	15
 431 0192 B6       		.byte	-74
 432 0193 E0       		.byte	-32
 433 0194 B7       		.byte	-73
 434 0195 C0       		.byte	-64
 435 0196 B9       		.byte	-71
 436 0197 88       		.byte	-120
 437 0198 BA       		.byte	-70
 438 0199 80       		.byte	-128
 439 019a BB       		.byte	-69
 440 019b 20       		.byte	32
 441 019c BF       		.byte	-65
 442 019d 04       		.byte	4
 443 019e C0       		.byte	-64
 444 019f 02       		.byte	2
 445 01a0 C5       		.byte	-59
 446 01a1 40       		.byte	64
 447 01a2 C9       		.byte	-55
 448 01a3 FF       		.byte	-1
 449 01a4 CA       		.byte	-54
 450 01a5 07       		.byte	7
 451 01a6 CB       		.byte	-53
 452 01a7 FF       		.byte	-1
 453 01a8 CC       		.byte	-52
 454 01a9 40       		.byte	64
 455 01aa CD       		.byte	-51
 456 01ab 20       		.byte	32
ARM GAS  C:\Users\nicoz\AppData\Local\Temp\cc1WK1pk.s 			page 9


 457 01ac CE       		.byte	-50
 458 01ad F0       		.byte	-16
 459 01ae CF       		.byte	-49
 460 01af 05       		.byte	5
 461 01b0 D0       		.byte	-48
 462 01b1 08       		.byte	8
 463 01b2 D8       		.byte	-40
 464 01b3 04       		.byte	4
 465 01b4 D9       		.byte	-39
 466 01b5 04       		.byte	4
 467 01b6 DA       		.byte	-38
 468 01b7 04       		.byte	4
 469 01b8 DF       		.byte	-33
 470 01b9 01       		.byte	1
 471 01ba E0       		.byte	-32
 472 01bb 40       		.byte	64
 473 01bc E1       		.byte	-31
 474 01bd A8       		.byte	-88
 475 01be E2       		.byte	-30
 476 01bf 40       		.byte	64
 477 01c0 E3       		.byte	-29
 478 01c1 20       		.byte	32
 479 01c2 00       		.byte	0
 480 01c3 22       		.byte	34
 481 01c4 01       		.byte	1
 482 01c5 20       		.byte	32
 483 01c6 03       		.byte	3
 484 01c7 02       		.byte	2
 485 01c8 05       		.byte	5
 486 01c9 92       		.byte	-110
 487 01ca 08       		.byte	8
 488 01cb 10       		.byte	16
 489 01cc 0B       		.byte	11
 490 01cd 90       		.byte	-112
 491 01ce 0D       		.byte	13
 492 01cf 80       		.byte	-128
 493 01d0 0F       		.byte	15
 494 01d1 20       		.byte	32
 495 01d2 11       		.byte	17
 496 01d3 20       		.byte	32
 497 01d4 12       		.byte	18
 498 01d5 A0       		.byte	-96
 499 01d6 15       		.byte	21
 500 01d7 20       		.byte	32
 501 01d8 17       		.byte	23
 502 01d9 05       		.byte	5
 503 01da 18       		.byte	24
 504 01db 08       		.byte	8
 505 01dc 1B       		.byte	27
 506 01dd 0A       		.byte	10
 507 01de 1D       		.byte	29
 508 01df 90       		.byte	-112
 509 01e0 1F       		.byte	31
 510 01e1 40       		.byte	64
 511 01e2 22       		.byte	34
 512 01e3 46       		.byte	70
 513 01e4 23       		.byte	35
ARM GAS  C:\Users\nicoz\AppData\Local\Temp\cc1WK1pk.s 			page 10


 514 01e5 04       		.byte	4
 515 01e6 26       		.byte	38
 516 01e7 A0       		.byte	-96
 517 01e8 27       		.byte	39
 518 01e9 25       		.byte	37
 519 01ea 28       		.byte	40
 520 01eb 02       		.byte	2
 521 01ec 2A       		.byte	42
 522 01ed 04       		.byte	4
 523 01ee 2D       		.byte	45
 524 01ef 80       		.byte	-128
 525 01f0 2F       		.byte	47
 526 01f1 42       		.byte	66
 527 01f2 30       		.byte	48
 528 01f3 10       		.byte	16
 529 01f4 32       		.byte	50
 530 01f5 02       		.byte	2
 531 01f6 33       		.byte	51
 532 01f7 10       		.byte	16
 533 01f8 36       		.byte	54
 534 01f9 20       		.byte	32
 535 01fa 37       		.byte	55
 536 01fb 01       		.byte	1
 537 01fc 39       		.byte	57
 538 01fd 10       		.byte	16
 539 01fe 3B       		.byte	59
 540 01ff 14       		.byte	20
 541 0200 3F       		.byte	63
 542 0201 21       		.byte	33
 543 0202 41       		.byte	65
 544 0203 80       		.byte	-128
 545 0204 42       		.byte	66
 546 0205 20       		.byte	32
 547 0206 47       		.byte	71
 548 0207 20       		.byte	32
 549 0208 48       		.byte	72
 550 0209 10       		.byte	16
 551 020a 49       		.byte	73
 552 020b 81       		.byte	-127
 553 020c 4D       		.byte	77
 554 020d 02       		.byte	2
 555 020e 4F       		.byte	79
 556 020f 01       		.byte	1
 557 0210 51       		.byte	81
 558 0211 10       		.byte	16
 559 0212 52       		.byte	82
 560 0213 04       		.byte	4
 561 0214 55       		.byte	85
 562 0215 10       		.byte	16
 563 0216 56       		.byte	86
 564 0217 20       		.byte	32
 565 0218 57       		.byte	87
 566 0219 10       		.byte	16
 567 021a 58       		.byte	88
 568 021b 80       		.byte	-128
 569 021c 59       		.byte	89
 570 021d 21       		.byte	33
ARM GAS  C:\Users\nicoz\AppData\Local\Temp\cc1WK1pk.s 			page 11


 571 021e 5A       		.byte	90
 572 021f 08       		.byte	8
 573 0220 C0       		.byte	-64
 574 0221 DB       		.byte	-37
 575 0222 C2       		.byte	-62
 576 0223 AE       		.byte	-82
 577 0224 C4       		.byte	-60
 578 0225 7E       		.byte	126
 579 0226 CA       		.byte	-54
 580 0227 9A       		.byte	-102
 581 0228 CC       		.byte	-52
 582 0229 A5       		.byte	-91
 583 022a CE       		.byte	-50
 584 022b A6       		.byte	-90
 585 022c D0       		.byte	-48
 586 022d 2A       		.byte	42
 587 022e D2       		.byte	-46
 588 022f 08       		.byte	8
 589 0230 D6       		.byte	-42
 590 0231 0F       		.byte	15
 591 0232 00       		.byte	0
 592 0233 08       		.byte	8
 593 0234 01       		.byte	1
 594 0235 08       		.byte	8
 595 0236 52       		.byte	82
 596 0237 20       		.byte	32
 597 0238 C0       		.byte	-64
 598 0239 08       		.byte	8
 599 023a D4       		.byte	-44
 600 023b 04       		.byte	4
 601 023c AE       		.byte	-82
 602 023d 20       		.byte	32
 603 023e B0       		.byte	-80
 604 023f 04       		.byte	4
 605 0240 B5       		.byte	-75
 606 0241 08       		.byte	8
 607 0242 EA       		.byte	-22
 608 0243 06       		.byte	6
 609 0244 00       		.byte	0
 610 0245 01       		.byte	1
 611 0246 0E       		.byte	14
 612 0247 01       		.byte	1
 613 0248 01       		.byte	1
 614 0249 FF       		.byte	-1
 615 024a 80       		.byte	-128
 616 024b 00       		.byte	0
 617 024c 1C       		.byte	28
 618 024d 18       		.byte	24
 619 024e 23       		.byte	35
 620 024f 00       		.byte	0
 621 0250 00       		.byte	0
 622 0251 08       		.byte	8
 623 0252 23       		.byte	35
 624 0253 00       		.byte	0
 625 0254 33       		.byte	51
 626 0255 E7       		.byte	-25
 627 0256 0C       		.byte	12
ARM GAS  C:\Users\nicoz\AppData\Local\Temp\cc1WK1pk.s 			page 12


 628 0257 18       		.byte	24
 629 0258 00       		.byte	0
 630 0259 80       		.byte	-128
 631 025a 00       		.byte	0
 632 025b 00       		.byte	0
 633 025c 1F       		.byte	31
 634 025d C0       		.byte	-64
 635 025e 20       		.byte	32
 636 025f 00       		.byte	0
 637 0260 03       		.byte	3
 638 0261 3C       		.byte	60
 639 0262 40       		.byte	64
 640 0263 C2       		.byte	-62
 641 0264 3F       		.byte	63
 642 0265 00       		.byte	0
 643 0266 00       		.byte	0
 644 0267 04       		.byte	4
 645 0268 08       		.byte	8
 646 0269 10       		.byte	16
 647 026a 00       		.byte	0
 648 026b 00       		.byte	0
 649 026c 04       		.byte	4
 650 026d 00       		.byte	0
 651 026e 00       		.byte	0
 652 026f E3       		.byte	-29
 653 0270 0C       		.byte	12
 654 0271 1C       		.byte	28
 655 0272 00       		.byte	0
 656 0273 E1       		.byte	-31
 657 0274 02       		.byte	2
 658 0275 44       		.byte	68
 659 0276 80       		.byte	-128
 660 0277 00       		.byte	0
 661 0278 0F       		.byte	15
 662 0279 00       		.byte	0
 663 027a 2C       		.byte	44
 664 027b 38       		.byte	56
 665 027c 10       		.byte	16
 666 027d 1F       		.byte	31
 667 027e C0       		.byte	-64
 668 027f C0       		.byte	-64
 669 0280 00       		.byte	0
 670 0281 00       		.byte	0
 671 0282 0A       		.byte	10
 672 0283 20       		.byte	32
 673 0284 00       		.byte	0
 674 0285 00       		.byte	0
 675 0286 50       		.byte	80
 676 0287 00       		.byte	0
 677 0288 53       		.byte	83
 678 0289 04       		.byte	4
 679 028a 06       		.byte	6
 680 028b 00       		.byte	0
 681 028c 01       		.byte	1
 682 028d 00       		.byte	0
 683 028e E0       		.byte	-32
 684 028f C0       		.byte	-64
ARM GAS  C:\Users\nicoz\AppData\Local\Temp\cc1WK1pk.s 			page 13


 685 0290 28       		.byte	40
 686 0291 FF       		.byte	-1
 687 0292 FF       		.byte	-1
 688 0293 FF       		.byte	-1
 689 0294 62       		.byte	98
 690 0295 A0       		.byte	-96
 691 0296 F0       		.byte	-16
 692 0297 41       		.byte	65
 693 0298 0C       		.byte	12
 694 0299 00       		.byte	0
 695 029a 00       		.byte	0
 696 029b 00       		.byte	0
 697 029c 00       		.byte	0
 698 029d 00       		.byte	0
 699 029e 02       		.byte	2
 700 029f 11       		.byte	17
 701 02a0 04       		.byte	4
 702 02a1 04       		.byte	4
 703 02a2 04       		.byte	4
 704 02a3 04       		.byte	4
 705 02a4 00       		.byte	0
 706 02a5 00       		.byte	0
 707 02a6 00       		.byte	0
 708 02a7 01       		.byte	1
 709 02a8 00       		.byte	0
 710 02a9 00       		.byte	0
 711 02aa 00       		.byte	0
 712 02ab 00       		.byte	0
 713 02ac 00       		.byte	0
 714 02ad 00       		.byte	0
 715 02ae 40       		.byte	64
 716 02af 02       		.byte	2
 717 02b0 00       		.byte	0
 718 02b1 10       		.byte	16
 719 02b2 30       		.byte	48
 720 02b3 10       		.byte	16
 721 02b4 00       		.byte	0
 722 02b5 10       		.byte	16
 723 02b6 10       		.byte	16
 724 02b7 12       		.byte	18
 725 02b8 00       		.byte	0
 726 02b9 00       		.byte	0
 727 02ba 00       		.byte	0
 728 02bb 00       		.byte	0
 729 02bc 00       		.byte	0
 730 02bd 00       		.byte	0
 731 02be 00       		.byte	0
 732 02bf 00       		.byte	0
 733 02c0 00       		.byte	0
 734 02c1 00       		.byte	0
 735 02c2 00       		.byte	0
 736 02c3 00       		.byte	0
 737 02c4 00       		.byte	0
 738 02c5 00       		.byte	0
 739 02c6 00       		.byte	0
 740 02c7 00       		.byte	0
 741 02c8 FF       		.byte	-1
ARM GAS  C:\Users\nicoz\AppData\Local\Temp\cc1WK1pk.s 			page 14


 742 02c9 00       		.byte	0
 743 02ca FF       		.byte	-1
 744 02cb FF       		.byte	-1
 745 02cc FF       		.byte	-1
 746 02cd 00       		.byte	0
 747 02ce 00       		.byte	0
 748 02cf 00       		.byte	0
 749 02d0 00       		.byte	0
 750 02d1 00       		.byte	0
 751 02d2 00       		.byte	0
 752 02d3 00       		.byte	0
 753 02d4 00       		.byte	0
 754 02d5 0B       		.byte	11
 755 02d6 0B       		.byte	11
 756 02d7 00       		.byte	0
 757 02d8 00       		.byte	0
 758 02d9 00       		.byte	0
 759 02da 00       		.byte	0
 760 02db 00       		.byte	0
 761 02dc 02       		.byte	2
 762 02dd 00       		.byte	0
 763 02de 01       		.byte	1
 764 02df 02       		.byte	2
 765 02e0 02       		.byte	2
 766 02e1 00       		.byte	0
 767 02e2 02       		.byte	2
 768 02e3 00       		.byte	0
 769 02e4 00       		.byte	0
 770 02e5 00       		.byte	0
 771 02e6 00       		.byte	0
 772 02e7 00       		.byte	0
 773 02e8 00       		.byte	0
 774 02e9 3F       		.byte	63
 775 02ea 3F       		.byte	63
 776 02eb 00       		.byte	0
 777 02ec 00       		.byte	0
 778 02ed 00       		.byte	0
 779 02ee 00       		.byte	0
 780 02ef 00       		.byte	0
 781 02f0 00       		.byte	0
 782 02f1 FF       		.byte	-1
 783 02f2 FF       		.byte	-1
 784 02f3 00       		.byte	0
 785 02f4 00       		.byte	0
 786 02f5 00       		.byte	0
 787 02f6 00       		.byte	0
 788 02f7 00       		.byte	0
 789              		.section	.cywolatch,"a",%progbits
 790              		.align	2
 791              		.type	cy_meta_wonvl, %object
 792              		.size	cy_meta_wonvl, 4
 793              	cy_meta_wonvl:
 794 0000 BC       		.byte	-68
 795 0001 90       		.byte	-112
 796 0002 AC       		.byte	-84
 797 0003 AF       		.byte	-81
 798              		.section	.cycustnvl,"a",%progbits
ARM GAS  C:\Users\nicoz\AppData\Local\Temp\cc1WK1pk.s 			page 15


 799              		.align	2
 800              		.type	cy_meta_custnvl, %object
 801              		.size	cy_meta_custnvl, 4
 802              	cy_meta_custnvl:
 803 0000 00       		.byte	0
 804 0001 00       		.byte	0
 805 0002 40       		.byte	64
 806 0003 05       		.byte	5
 807              		.section	.cymeta,"a",%progbits
 808              		.align	2
 809              		.type	cy_metadata, %object
 810              		.size	cy_metadata, 12
 811              	cy_metadata:
 812 0000 00       		.byte	0
 813 0001 01       		.byte	1
 814 0002 2E       		.byte	46
 815 0003 16       		.byte	22
 816 0004 00       		.byte	0
 817 0005 69       		.byte	105
 818 0006 00       		.byte	0
 819 0007 01       		.byte	1
 820 0008 00       		.byte	0
 821 0009 00       		.byte	0
 822 000a 00       		.byte	0
 823 000b 00       		.byte	0
 824              		.section	.cyflashprotect,"a",%progbits
 825              		.align	2
 826              		.type	cy_meta_flashprotect, %object
 827              		.size	cy_meta_flashprotect, 256
 828              	cy_meta_flashprotect:
 829 0000 00000000 		.space	256
 829      00000000 
 829      00000000 
 829      00000000 
 829      00000000 
 830              		.text
 831              	.Letext0:
 832              		.file 1 "c:\\program files (x86)\\cypress\\psoc creator\\4.4\\psoc creator\\import\\gnu\\arm\\5.4.
 833              		.file 2 "c:\\program files (x86)\\cypress\\psoc creator\\4.4\\psoc creator\\import\\gnu\\arm\\5.4.
 834              		.file 3 "Generated_Source\\PSoC5\\cymetadata.c"
 835              		.section	.debug_info,"",%progbits
 836              	.Ldebug_info0:
 837 0000 31010000 		.4byte	0x131
 838 0004 0400     		.2byte	0x4
 839 0006 00000000 		.4byte	.Ldebug_abbrev0
 840 000a 04       		.byte	0x4
 841 000b 01       		.uleb128 0x1
 842 000c 24000000 		.4byte	.LASF17
 843 0010 0C       		.byte	0xc
 844 0011 C1010000 		.4byte	.LASF18
 845 0015 D7000000 		.4byte	.LASF19
 846 0019 00000000 		.4byte	.Ldebug_line0
 847 001d 02       		.uleb128 0x2
 848 001e 01       		.byte	0x1
 849 001f 06       		.byte	0x6
 850 0020 B5010000 		.4byte	.LASF0
 851 0024 03       		.uleb128 0x3
ARM GAS  C:\Users\nicoz\AppData\Local\Temp\cc1WK1pk.s 			page 16


 852 0025 00000000 		.4byte	.LASF9
 853 0029 01       		.byte	0x1
 854 002a 1D       		.byte	0x1d
 855 002b 2F000000 		.4byte	0x2f
 856 002f 02       		.uleb128 0x2
 857 0030 01       		.byte	0x1
 858 0031 08       		.byte	0x8
 859 0032 16000000 		.4byte	.LASF1
 860 0036 02       		.uleb128 0x2
 861 0037 02       		.byte	0x2
 862 0038 05       		.byte	0x5
 863 0039 A2010000 		.4byte	.LASF2
 864 003d 02       		.uleb128 0x2
 865 003e 02       		.byte	0x2
 866 003f 07       		.byte	0x7
 867 0040 C4000000 		.4byte	.LASF3
 868 0044 02       		.uleb128 0x2
 869 0045 04       		.byte	0x4
 870 0046 05       		.byte	0x5
 871 0047 AC010000 		.4byte	.LASF4
 872 004b 02       		.uleb128 0x2
 873 004c 04       		.byte	0x4
 874 004d 07       		.byte	0x7
 875 004e B2000000 		.4byte	.LASF5
 876 0052 02       		.uleb128 0x2
 877 0053 08       		.byte	0x8
 878 0054 05       		.byte	0x5
 879 0055 94010000 		.4byte	.LASF6
 880 0059 02       		.uleb128 0x2
 881 005a 08       		.byte	0x8
 882 005b 07       		.byte	0x7
 883 005c 49010000 		.4byte	.LASF7
 884 0060 04       		.uleb128 0x4
 885 0061 04       		.byte	0x4
 886 0062 05       		.byte	0x5
 887 0063 696E7400 		.ascii	"int\000"
 888 0067 02       		.uleb128 0x2
 889 0068 04       		.byte	0x4
 890 0069 07       		.byte	0x7
 891 006a 3C010000 		.4byte	.LASF8
 892 006e 03       		.uleb128 0x3
 893 006f 60010000 		.4byte	.LASF10
 894 0073 02       		.byte	0x2
 895 0074 18       		.byte	0x18
 896 0075 24000000 		.4byte	0x24
 897 0079 05       		.uleb128 0x5
 898 007a 91000000 		.4byte	0x91
 899 007e 8A000000 		.4byte	0x8a
 900 0082 06       		.uleb128 0x6
 901 0083 8A000000 		.4byte	0x8a
 902 0087 F702     		.2byte	0x2f7
 903 0089 00       		.byte	0
 904 008a 02       		.uleb128 0x2
 905 008b 04       		.byte	0x4
 906 008c 07       		.byte	0x7
 907 008d 8B010000 		.4byte	.LASF11
 908 0091 07       		.uleb128 0x7
ARM GAS  C:\Users\nicoz\AppData\Local\Temp\cc1WK1pk.s 			page 17


 909 0092 6E000000 		.4byte	0x6e
 910 0096 08       		.uleb128 0x8
 911 0097 2A010000 		.4byte	.LASF12
 912 009b 03       		.byte	0x3
 913 009c 1F       		.byte	0x1f
 914 009d A7000000 		.4byte	0xa7
 915 00a1 05       		.uleb128 0x5
 916 00a2 03       		.byte	0x3
 917 00a3 00000000 		.4byte	cy_meta_configecc
 918 00a7 07       		.uleb128 0x7
 919 00a8 79000000 		.4byte	0x79
 920 00ac 05       		.uleb128 0x5
 921 00ad 91000000 		.4byte	0x91
 922 00b1 BC000000 		.4byte	0xbc
 923 00b5 09       		.uleb128 0x9
 924 00b6 8A000000 		.4byte	0x8a
 925 00ba 03       		.byte	0x3
 926 00bb 00       		.byte	0
 927 00bc 08       		.uleb128 0x8
 928 00bd 1A010000 		.4byte	.LASF13
 929 00c1 03       		.byte	0x3
 930 00c2 8B       		.byte	0x8b
 931 00c3 CD000000 		.4byte	0xcd
 932 00c7 05       		.uleb128 0x5
 933 00c8 03       		.byte	0x3
 934 00c9 00000000 		.4byte	cy_meta_custnvl
 935 00cd 07       		.uleb128 0x7
 936 00ce AC000000 		.4byte	0xac
 937 00d2 08       		.uleb128 0x8
 938 00d3 7D010000 		.4byte	.LASF14
 939 00d7 03       		.byte	0x3
 940 00d8 99       		.byte	0x99
 941 00d9 E3000000 		.4byte	0xe3
 942 00dd 05       		.uleb128 0x5
 943 00de 03       		.byte	0x3
 944 00df 00000000 		.4byte	cy_meta_wonvl
 945 00e3 07       		.uleb128 0x7
 946 00e4 AC000000 		.4byte	0xac
 947 00e8 05       		.uleb128 0x5
 948 00e9 91000000 		.4byte	0x91
 949 00ed F8000000 		.4byte	0xf8
 950 00f1 09       		.uleb128 0x9
 951 00f2 8A000000 		.4byte	0x8a
 952 00f6 FF       		.byte	0xff
 953 00f7 00       		.byte	0
 954 00f8 08       		.uleb128 0x8
 955 00f9 68010000 		.4byte	.LASF15
 956 00fd 03       		.byte	0x3
 957 00fe A7       		.byte	0xa7
 958 00ff 09010000 		.4byte	0x109
 959 0103 05       		.uleb128 0x5
 960 0104 03       		.byte	0x3
 961 0105 00000000 		.4byte	cy_meta_flashprotect
 962 0109 07       		.uleb128 0x7
 963 010a E8000000 		.4byte	0xe8
 964 010e 05       		.uleb128 0x5
 965 010f 91000000 		.4byte	0x91
ARM GAS  C:\Users\nicoz\AppData\Local\Temp\cc1WK1pk.s 			page 18


 966 0113 1E010000 		.4byte	0x11e
 967 0117 09       		.uleb128 0x9
 968 0118 8A000000 		.4byte	0x8a
 969 011c 0B       		.byte	0xb
 970 011d 00       		.byte	0
 971 011e 08       		.uleb128 0x8
 972 011f 0A000000 		.4byte	.LASF16
 973 0123 03       		.byte	0x3
 974 0124 D4       		.byte	0xd4
 975 0125 2F010000 		.4byte	0x12f
 976 0129 05       		.uleb128 0x5
 977 012a 03       		.byte	0x3
 978 012b 00000000 		.4byte	cy_metadata
 979 012f 07       		.uleb128 0x7
 980 0130 0E010000 		.4byte	0x10e
 981 0134 00       		.byte	0
 982              		.section	.debug_abbrev,"",%progbits
 983              	.Ldebug_abbrev0:
 984 0000 01       		.uleb128 0x1
 985 0001 11       		.uleb128 0x11
 986 0002 01       		.byte	0x1
 987 0003 25       		.uleb128 0x25
 988 0004 0E       		.uleb128 0xe
 989 0005 13       		.uleb128 0x13
 990 0006 0B       		.uleb128 0xb
 991 0007 03       		.uleb128 0x3
 992 0008 0E       		.uleb128 0xe
 993 0009 1B       		.uleb128 0x1b
 994 000a 0E       		.uleb128 0xe
 995 000b 10       		.uleb128 0x10
 996 000c 17       		.uleb128 0x17
 997 000d 00       		.byte	0
 998 000e 00       		.byte	0
 999 000f 02       		.uleb128 0x2
 1000 0010 24       		.uleb128 0x24
 1001 0011 00       		.byte	0
 1002 0012 0B       		.uleb128 0xb
 1003 0013 0B       		.uleb128 0xb
 1004 0014 3E       		.uleb128 0x3e
 1005 0015 0B       		.uleb128 0xb
 1006 0016 03       		.uleb128 0x3
 1007 0017 0E       		.uleb128 0xe
 1008 0018 00       		.byte	0
 1009 0019 00       		.byte	0
 1010 001a 03       		.uleb128 0x3
 1011 001b 16       		.uleb128 0x16
 1012 001c 00       		.byte	0
 1013 001d 03       		.uleb128 0x3
 1014 001e 0E       		.uleb128 0xe
 1015 001f 3A       		.uleb128 0x3a
 1016 0020 0B       		.uleb128 0xb
 1017 0021 3B       		.uleb128 0x3b
 1018 0022 0B       		.uleb128 0xb
 1019 0023 49       		.uleb128 0x49
 1020 0024 13       		.uleb128 0x13
 1021 0025 00       		.byte	0
 1022 0026 00       		.byte	0
ARM GAS  C:\Users\nicoz\AppData\Local\Temp\cc1WK1pk.s 			page 19


 1023 0027 04       		.uleb128 0x4
 1024 0028 24       		.uleb128 0x24
 1025 0029 00       		.byte	0
 1026 002a 0B       		.uleb128 0xb
 1027 002b 0B       		.uleb128 0xb
 1028 002c 3E       		.uleb128 0x3e
 1029 002d 0B       		.uleb128 0xb
 1030 002e 03       		.uleb128 0x3
 1031 002f 08       		.uleb128 0x8
 1032 0030 00       		.byte	0
 1033 0031 00       		.byte	0
 1034 0032 05       		.uleb128 0x5
 1035 0033 01       		.uleb128 0x1
 1036 0034 01       		.byte	0x1
 1037 0035 49       		.uleb128 0x49
 1038 0036 13       		.uleb128 0x13
 1039 0037 01       		.uleb128 0x1
 1040 0038 13       		.uleb128 0x13
 1041 0039 00       		.byte	0
 1042 003a 00       		.byte	0
 1043 003b 06       		.uleb128 0x6
 1044 003c 21       		.uleb128 0x21
 1045 003d 00       		.byte	0
 1046 003e 49       		.uleb128 0x49
 1047 003f 13       		.uleb128 0x13
 1048 0040 2F       		.uleb128 0x2f
 1049 0041 05       		.uleb128 0x5
 1050 0042 00       		.byte	0
 1051 0043 00       		.byte	0
 1052 0044 07       		.uleb128 0x7
 1053 0045 26       		.uleb128 0x26
 1054 0046 00       		.byte	0
 1055 0047 49       		.uleb128 0x49
 1056 0048 13       		.uleb128 0x13
 1057 0049 00       		.byte	0
 1058 004a 00       		.byte	0
 1059 004b 08       		.uleb128 0x8
 1060 004c 34       		.uleb128 0x34
 1061 004d 00       		.byte	0
 1062 004e 03       		.uleb128 0x3
 1063 004f 0E       		.uleb128 0xe
 1064 0050 3A       		.uleb128 0x3a
 1065 0051 0B       		.uleb128 0xb
 1066 0052 3B       		.uleb128 0x3b
 1067 0053 0B       		.uleb128 0xb
 1068 0054 49       		.uleb128 0x49
 1069 0055 13       		.uleb128 0x13
 1070 0056 3F       		.uleb128 0x3f
 1071 0057 19       		.uleb128 0x19
 1072 0058 02       		.uleb128 0x2
 1073 0059 18       		.uleb128 0x18
 1074 005a 00       		.byte	0
 1075 005b 00       		.byte	0
 1076 005c 09       		.uleb128 0x9
 1077 005d 21       		.uleb128 0x21
 1078 005e 00       		.byte	0
 1079 005f 49       		.uleb128 0x49
ARM GAS  C:\Users\nicoz\AppData\Local\Temp\cc1WK1pk.s 			page 20


 1080 0060 13       		.uleb128 0x13
 1081 0061 2F       		.uleb128 0x2f
 1082 0062 0B       		.uleb128 0xb
 1083 0063 00       		.byte	0
 1084 0064 00       		.byte	0
 1085 0065 00       		.byte	0
 1086              		.section	.debug_aranges,"",%progbits
 1087 0000 14000000 		.4byte	0x14
 1088 0004 0200     		.2byte	0x2
 1089 0006 00000000 		.4byte	.Ldebug_info0
 1090 000a 04       		.byte	0x4
 1091 000b 00       		.byte	0
 1092 000c 0000     		.2byte	0
 1093 000e 0000     		.2byte	0
 1094 0010 00000000 		.4byte	0
 1095 0014 00000000 		.4byte	0
 1096              		.section	.debug_line,"",%progbits
 1097              	.Ldebug_line0:
 1098 0000 3D010000 		.section	.debug_str,"MS",%progbits,1
 1098      02003701 
 1098      00000201 
 1098      FB0E0D00 
 1098      01010101 
 1099              	.LASF9:
 1100 0000 5F5F7569 		.ascii	"__uint8_t\000"
 1100      6E74385F 
 1100      7400
 1101              	.LASF16:
 1102 000a 63795F6D 		.ascii	"cy_metadata\000"
 1102      65746164 
 1102      61746100 
 1103              	.LASF1:
 1104 0016 756E7369 		.ascii	"unsigned char\000"
 1104      676E6564 
 1104      20636861 
 1104      7200
 1105              	.LASF17:
 1106 0024 474E5520 		.ascii	"GNU C11 5.4.1 20160609 (release) [ARM/embedded-5-br"
 1106      43313120 
 1106      352E342E 
 1106      31203230 
 1106      31363036 
 1107 0057 616E6368 		.ascii	"anch revision 237715] -mcpu=cortex-m3 -mthumb -g -O"
 1107      20726576 
 1107      6973696F 
 1107      6E203233 
 1107      37373135 
 1108 008a 67202D66 		.ascii	"g -ffunction-sections -ffat-lto-objects\000"
 1108      66756E63 
 1108      74696F6E 
 1108      2D736563 
 1108      74696F6E 
 1109              	.LASF5:
 1110 00b2 6C6F6E67 		.ascii	"long unsigned int\000"
 1110      20756E73 
 1110      69676E65 
 1110      6420696E 
ARM GAS  C:\Users\nicoz\AppData\Local\Temp\cc1WK1pk.s 			page 21


 1110      7400
 1111              	.LASF3:
 1112 00c4 73686F72 		.ascii	"short unsigned int\000"
 1112      7420756E 
 1112      7369676E 
 1112      65642069 
 1112      6E7400
 1113              	.LASF19:
 1114 00d7 433A5C5A 		.ascii	"C:\\Z80-Debug-Board\\PSoC_Program\\PSoC_Z80_Toolbox"
 1114      38302D44 
 1114      65627567 
 1114      2D426F61 
 1114      72645C50 
 1115 0107 5C554152 		.ascii	"\\UART_to_RAM.cydsn\000"
 1115      545F746F 
 1115      5F52414D 
 1115      2E637964 
 1115      736E00
 1116              	.LASF13:
 1117 011a 63795F6D 		.ascii	"cy_meta_custnvl\000"
 1117      6574615F 
 1117      63757374 
 1117      6E766C00 
 1118              	.LASF12:
 1119 012a 63795F6D 		.ascii	"cy_meta_configecc\000"
 1119      6574615F 
 1119      636F6E66 
 1119      69676563 
 1119      6300
 1120              	.LASF8:
 1121 013c 756E7369 		.ascii	"unsigned int\000"
 1121      676E6564 
 1121      20696E74 
 1121      00
 1122              	.LASF7:
 1123 0149 6C6F6E67 		.ascii	"long long unsigned int\000"
 1123      206C6F6E 
 1123      6720756E 
 1123      7369676E 
 1123      65642069 
 1124              	.LASF10:
 1125 0160 75696E74 		.ascii	"uint8_t\000"
 1125      385F7400 
 1126              	.LASF15:
 1127 0168 63795F6D 		.ascii	"cy_meta_flashprotect\000"
 1127      6574615F 
 1127      666C6173 
 1127      6870726F 
 1127      74656374 
 1128              	.LASF14:
 1129 017d 63795F6D 		.ascii	"cy_meta_wonvl\000"
 1129      6574615F 
 1129      776F6E76 
 1129      6C00
 1130              	.LASF11:
 1131 018b 73697A65 		.ascii	"sizetype\000"
 1131      74797065 
ARM GAS  C:\Users\nicoz\AppData\Local\Temp\cc1WK1pk.s 			page 22


 1131      00
 1132              	.LASF6:
 1133 0194 6C6F6E67 		.ascii	"long long int\000"
 1133      206C6F6E 
 1133      6720696E 
 1133      7400
 1134              	.LASF2:
 1135 01a2 73686F72 		.ascii	"short int\000"
 1135      7420696E 
 1135      7400
 1136              	.LASF4:
 1137 01ac 6C6F6E67 		.ascii	"long int\000"
 1137      20696E74 
 1137      00
 1138              	.LASF0:
 1139 01b5 7369676E 		.ascii	"signed char\000"
 1139      65642063 
 1139      68617200 
 1140              	.LASF18:
 1141 01c1 47656E65 		.ascii	"Generated_Source\\PSoC5\\cymetadata.c\000"
 1141      72617465 
 1141      645F536F 
 1141      75726365 
 1141      5C50536F 
 1142              		.ident	"GCC: (GNU Tools for ARM Embedded Processors) 5.4.1 20160609 (release) [ARM/embedded-5-bran
