ARM GAS  C:\Users\nicoz\AppData\Local\Temp\ccfqlKUb.s 			page 1


   1              		.syntax unified
   2              		.cpu cortex-m3
   3              		.fpu softvfp
   4              		.eabi_attribute 20, 1
   5              		.eabi_attribute 21, 1
   6              		.eabi_attribute 23, 3
   7              		.eabi_attribute 24, 1
   8              		.eabi_attribute 25, 1
   9              		.eabi_attribute 26, 1
  10              		.eabi_attribute 30, 1
  11              		.eabi_attribute 34, 1
  12              		.eabi_attribute 18, 4
  13              		.thumb
  14              		.syntax unified
  15              		.file	"cymetadata.c"
  16              		.text
  17              	.Ltext0:
  18              		.cfi_sections	.debug_frame
  19              		.global	cy_metadata
  20              		.global	cy_meta_flashprotect
  21              		.global	cy_meta_wonvl
  22              		.global	cy_meta_custnvl
  23              		.global	cy_meta_configecc
  24              		.section	.cyconfigecc,"a",%progbits
  25              		.align	2
  26              		.type	cy_meta_configecc, %object
  27              		.size	cy_meta_configecc, 1084
  28              	cy_meta_configecc:
  29 0000 03       		.byte	3
  30 0001 52       		.byte	82
  31 0002 00       		.byte	0
  32 0003 40       		.byte	64
  33 0004 03       		.byte	3
  34 0005 64       		.byte	100
  35 0006 00       		.byte	0
  36 0007 40       		.byte	64
  37 0008 01       		.byte	1
  38 0009 07       		.byte	7
  39 000a 01       		.byte	1
  40 000b 40       		.byte	64
  41 000c 50       		.byte	80
  42 000d 08       		.byte	8
  43 000e 01       		.byte	1
  44 000f 40       		.byte	64
  45 0010 44       		.byte	68
  46 0011 09       		.byte	9
  47 0012 01       		.byte	1
  48 0013 40       		.byte	64
  49 0014 4A       		.byte	74
  50 0015 0A       		.byte	10
  51 0016 01       		.byte	1
  52 0017 40       		.byte	64
  53 0018 42       		.byte	66
  54 0019 0B       		.byte	11
  55 001a 01       		.byte	1
  56 001b 40       		.byte	64
  57 001c 0E       		.byte	14
ARM GAS  C:\Users\nicoz\AppData\Local\Temp\ccfqlKUb.s 			page 2


  58 001d 0C       		.byte	12
  59 001e 01       		.byte	1
  60 001f 40       		.byte	64
  61 0020 30       		.byte	48
  62 0021 0D       		.byte	13
  63 0022 01       		.byte	1
  64 0023 40       		.byte	64
  65 0024 03       		.byte	3
  66 0025 15       		.byte	21
  67 0026 01       		.byte	1
  68 0027 40       		.byte	64
  69 0028 02       		.byte	2
  70 0029 19       		.byte	25
  71 002a 01       		.byte	1
  72 002b 40       		.byte	64
  73 002c 05       		.byte	5
  74 002d 1B       		.byte	27
  75 002e 01       		.byte	1
  76 002f 40       		.byte	64
  77 0030 02       		.byte	2
  78 0031 40       		.byte	64
  79 0032 01       		.byte	1
  80 0033 40       		.byte	64
  81 0034 01       		.byte	1
  82 0035 41       		.byte	65
  83 0036 01       		.byte	1
  84 0037 40       		.byte	64
  85 0038 01       		.byte	1
  86 0039 42       		.byte	66
  87 003a 01       		.byte	1
  88 003b 40       		.byte	64
  89 003c 02       		.byte	2
  90 003d 43       		.byte	67
  91 003e 01       		.byte	1
  92 003f 40       		.byte	64
  93 0040 04       		.byte	4
  94 0041 45       		.byte	69
  95 0042 01       		.byte	1
  96 0043 40       		.byte	64
  97 0044 03       		.byte	3
  98 0045 46       		.byte	70
  99 0046 01       		.byte	1
 100 0047 40       		.byte	64
 101 0048 02       		.byte	2
 102 0049 48       		.byte	72
 103 004a 01       		.byte	1
 104 004b 40       		.byte	64
 105 004c 0D       		.byte	13
 106 004d 49       		.byte	73
 107 004e 01       		.byte	1
 108 004f 40       		.byte	64
 109 0050 02       		.byte	2
 110 0051 4C       		.byte	76
 111 0052 01       		.byte	1
 112 0053 40       		.byte	64
 113 0054 02       		.byte	2
 114 0055 4D       		.byte	77
ARM GAS  C:\Users\nicoz\AppData\Local\Temp\ccfqlKUb.s 			page 3


 115 0056 01       		.byte	1
 116 0057 40       		.byte	64
 117 0058 03       		.byte	3
 118 0059 50       		.byte	80
 119 005a 01       		.byte	1
 120 005b 40       		.byte	64
 121 005c 01       		.byte	1
 122 005d 51       		.byte	81
 123 005e 01       		.byte	1
 124 005f 40       		.byte	64
 125 0060 11       		.byte	17
 126 0061 02       		.byte	2
 127 0062 14       		.byte	20
 128 0063 01       		.byte	1
 129 0064 19       		.byte	25
 130 0065 01       		.byte	1
 131 0066 88       		.byte	-120
 132 0067 72       		.byte	114
 133 0068 8B       		.byte	-117
 134 0069 0F       		.byte	15
 135 006a 8C       		.byte	-116
 136 006b 38       		.byte	56
 137 006c EE       		.byte	-18
 138 006d 08       		.byte	8
 139 006e 01       		.byte	1
 140 006f 70       		.byte	112
 141 0070 04       		.byte	4
 142 0071 0D       		.byte	13
 143 0072 05       		.byte	5
 144 0073 0A       		.byte	10
 145 0074 06       		.byte	6
 146 0075 02       		.byte	2
 147 0076 07       		.byte	7
 148 0077 04       		.byte	4
 149 0078 08       		.byte	8
 150 0079 0F       		.byte	15
 151 007a 0B       		.byte	11
 152 007b 08       		.byte	8
 153 007c 0C       		.byte	12
 154 007d 0D       		.byte	13
 155 007e 0D       		.byte	13
 156 007f 40       		.byte	64
 157 0080 0E       		.byte	14
 158 0081 02       		.byte	2
 159 0082 0F       		.byte	15
 160 0083 10       		.byte	16
 161 0084 11       		.byte	17
 162 0085 10       		.byte	16
 163 0086 13       		.byte	19
 164 0087 60       		.byte	96
 165 0088 15       		.byte	21
 166 0089 20       		.byte	32
 167 008a 16       		.byte	22
 168 008b 02       		.byte	2
 169 008c 17       		.byte	23
 170 008d 10       		.byte	16
 171 008e 18       		.byte	24
ARM GAS  C:\Users\nicoz\AppData\Local\Temp\ccfqlKUb.s 			page 4


 172 008f 03       		.byte	3
 173 0090 19       		.byte	25
 174 0091 03       		.byte	3
 175 0092 1A       		.byte	26
 176 0093 0C       		.byte	12
 177 0094 1B       		.byte	27
 178 0095 0C       		.byte	12
 179 0096 23       		.byte	35
 180 0097 05       		.byte	5
 181 0098 24       		.byte	36
 182 0099 04       		.byte	4
 183 009a 25       		.byte	37
 184 009b 70       		.byte	112
 185 009c 28       		.byte	40
 186 009d 0C       		.byte	12
 187 009e 29       		.byte	41
 188 009f 03       		.byte	3
 189 00a0 2B       		.byte	43
 190 00a1 04       		.byte	4
 191 00a2 2C       		.byte	44
 192 00a3 08       		.byte	8
 193 00a4 2D       		.byte	45
 194 00a5 03       		.byte	3
 195 00a6 2F       		.byte	47
 196 00a7 04       		.byte	4
 197 00a8 31       		.byte	49
 198 00a9 70       		.byte	112
 199 00aa 32       		.byte	50
 200 00ab 01       		.byte	1
 201 00ac 35       		.byte	53
 202 00ad 0F       		.byte	15
 203 00ae 36       		.byte	54
 204 00af 0E       		.byte	14
 205 00b0 3A       		.byte	58
 206 00b1 A0       		.byte	-96
 207 00b2 3B       		.byte	59
 208 00b3 20       		.byte	32
 209 00b4 3E       		.byte	62
 210 00b5 04       		.byte	4
 211 00b6 56       		.byte	86
 212 00b7 02       		.byte	2
 213 00b8 57       		.byte	87
 214 00b9 11       		.byte	17
 215 00ba 58       		.byte	88
 216 00bb 04       		.byte	4
 217 00bc 59       		.byte	89
 218 00bd 04       		.byte	4
 219 00be 5B       		.byte	91
 220 00bf 04       		.byte	4
 221 00c0 5F       		.byte	95
 222 00c1 01       		.byte	1
 223 00c2 84       		.byte	-124
 224 00c3 0C       		.byte	12
 225 00c4 85       		.byte	-123
 226 00c5 02       		.byte	2
 227 00c6 86       		.byte	-122
 228 00c7 02       		.byte	2
ARM GAS  C:\Users\nicoz\AppData\Local\Temp\ccfqlKUb.s 			page 5


 229 00c8 8A       		.byte	-118
 230 00c9 0C       		.byte	12
 231 00ca 8C       		.byte	-116
 232 00cb 01       		.byte	1
 233 00cc 8F       		.byte	-113
 234 00cd 01       		.byte	1
 235 00ce 90       		.byte	-112
 236 00cf 01       		.byte	1
 237 00d0 96       		.byte	-106
 238 00d1 06       		.byte	6
 239 00d2 99       		.byte	-103
 240 00d3 03       		.byte	3
 241 00d4 9A       		.byte	-102
 242 00d5 0A       		.byte	10
 243 00d6 A2       		.byte	-94
 244 00d7 02       		.byte	2
 245 00d8 A4       		.byte	-92
 246 00d9 01       		.byte	1
 247 00da A9       		.byte	-87
 248 00db 03       		.byte	3
 249 00dc AA       		.byte	-86
 250 00dd 04       		.byte	4
 251 00de B1       		.byte	-79
 252 00df 03       		.byte	3
 253 00e0 B2       		.byte	-78
 254 00e1 0E       		.byte	14
 255 00e2 B4       		.byte	-76
 256 00e3 01       		.byte	1
 257 00e4 B9       		.byte	-71
 258 00e5 02       		.byte	2
 259 00e6 BA       		.byte	-70
 260 00e7 08       		.byte	8
 261 00e8 BF       		.byte	-65
 262 00e9 01       		.byte	1
 263 00ea C0       		.byte	-64
 264 00eb 04       		.byte	4
 265 00ec C7       		.byte	-57
 266 00ed 04       		.byte	4
 267 00ee C9       		.byte	-55
 268 00ef FF       		.byte	-1
 269 00f0 CA       		.byte	-54
 270 00f1 07       		.byte	7
 271 00f2 CB       		.byte	-53
 272 00f3 FF       		.byte	-1
 273 00f4 CC       		.byte	-52
 274 00f5 40       		.byte	64
 275 00f6 CD       		.byte	-51
 276 00f7 20       		.byte	32
 277 00f8 CE       		.byte	-50
 278 00f9 F0       		.byte	-16
 279 00fa CF       		.byte	-49
 280 00fb 05       		.byte	5
 281 00fc D0       		.byte	-48
 282 00fd 08       		.byte	8
 283 00fe D8       		.byte	-40
 284 00ff 04       		.byte	4
 285 0100 D9       		.byte	-39
ARM GAS  C:\Users\nicoz\AppData\Local\Temp\ccfqlKUb.s 			page 6


 286 0101 04       		.byte	4
 287 0102 DA       		.byte	-38
 288 0103 04       		.byte	4
 289 0104 DF       		.byte	-33
 290 0105 01       		.byte	1
 291 0106 E0       		.byte	-32
 292 0107 40       		.byte	64
 293 0108 E1       		.byte	-31
 294 0109 A8       		.byte	-88
 295 010a E2       		.byte	-30
 296 010b 40       		.byte	64
 297 010c E3       		.byte	-29
 298 010d 20       		.byte	32
 299 010e 00       		.byte	0
 300 010f 24       		.byte	36
 301 0110 01       		.byte	1
 302 0111 40       		.byte	64
 303 0112 05       		.byte	5
 304 0113 50       		.byte	80
 305 0114 07       		.byte	7
 306 0115 10       		.byte	16
 307 0116 08       		.byte	8
 308 0117 08       		.byte	8
 309 0118 09       		.byte	9
 310 0119 11       		.byte	17
 311 011a 0E       		.byte	14
 312 011b 04       		.byte	4
 313 011c 0F       		.byte	15
 314 011d 20       		.byte	32
 315 011e 10       		.byte	16
 316 011f 80       		.byte	-128
 317 0120 11       		.byte	17
 318 0121 04       		.byte	4
 319 0122 12       		.byte	18
 320 0123 04       		.byte	4
 321 0124 16       		.byte	22
 322 0125 02       		.byte	2
 323 0126 17       		.byte	23
 324 0127 28       		.byte	40
 325 0128 1B       		.byte	27
 326 0129 1C       		.byte	28
 327 012a 1D       		.byte	29
 328 012b 50       		.byte	80
 329 012c 1E       		.byte	30
 330 012d 20       		.byte	32
 331 012e 1F       		.byte	31
 332 012f 40       		.byte	64
 333 0130 21       		.byte	33
 334 0131 02       		.byte	2
 335 0132 25       		.byte	37
 336 0133 10       		.byte	16
 337 0134 26       		.byte	38
 338 0135 22       		.byte	34
 339 0136 27       		.byte	39
 340 0137 04       		.byte	4
 341 0138 28       		.byte	40
 342 0139 08       		.byte	8
ARM GAS  C:\Users\nicoz\AppData\Local\Temp\ccfqlKUb.s 			page 7


 343 013a 2B       		.byte	43
 344 013b 04       		.byte	4
 345 013c 2C       		.byte	44
 346 013d 80       		.byte	-128
 347 013e 2D       		.byte	45
 348 013f 04       		.byte	4
 349 0140 2F       		.byte	47
 350 0141 09       		.byte	9
 351 0142 32       		.byte	50
 352 0143 20       		.byte	32
 353 0144 36       		.byte	54
 354 0145 26       		.byte	38
 355 0146 38       		.byte	56
 356 0147 84       		.byte	-124
 357 0148 3C       		.byte	60
 358 0149 64       		.byte	100
 359 014a 3D       		.byte	61
 360 014b 02       		.byte	2
 361 014c 41       		.byte	65
 362 014d 02       		.byte	2
 363 014e 50       		.byte	80
 364 014f C0       		.byte	-64
 365 0150 51       		.byte	81
 366 0151 40       		.byte	64
 367 0152 52       		.byte	82
 368 0153 04       		.byte	4
 369 0154 5E       		.byte	94
 370 0155 20       		.byte	32
 371 0156 65       		.byte	101
 372 0157 10       		.byte	16
 373 0158 66       		.byte	102
 374 0159 10       		.byte	16
 375 015a 6C       		.byte	108
 376 015b 14       		.byte	20
 377 015c 6D       		.byte	109
 378 015d 44       		.byte	68
 379 015e 76       		.byte	118
 380 015f 0A       		.byte	10
 381 0160 77       		.byte	119
 382 0161 28       		.byte	40
 383 0162 8C       		.byte	-116
 384 0163 04       		.byte	4
 385 0164 8D       		.byte	-115
 386 0165 01       		.byte	1
 387 0166 90       		.byte	-112
 388 0167 44       		.byte	68
 389 0168 92       		.byte	-110
 390 0169 04       		.byte	4
 391 016a 93       		.byte	-109
 392 016b 02       		.byte	2
 393 016c 94       		.byte	-108
 394 016d 28       		.byte	40
 395 016e 95       		.byte	-107
 396 016f 82       		.byte	-126
 397 0170 97       		.byte	-105
 398 0171 80       		.byte	-128
 399 0172 9B       		.byte	-101
ARM GAS  C:\Users\nicoz\AppData\Local\Temp\ccfqlKUb.s 			page 8


 400 0173 10       		.byte	16
 401 0174 9C       		.byte	-100
 402 0175 08       		.byte	8
 403 0176 9E       		.byte	-98
 404 0177 1E       		.byte	30
 405 0178 9F       		.byte	-97
 406 0179 24       		.byte	36
 407 017a A0       		.byte	-96
 408 017b 10       		.byte	16
 409 017c A2       		.byte	-94
 410 017d 04       		.byte	4
 411 017e A6       		.byte	-90
 412 017f 23       		.byte	35
 413 0180 A7       		.byte	-89
 414 0181 10       		.byte	16
 415 0182 AF       		.byte	-81
 416 0183 20       		.byte	32
 417 0184 B3       		.byte	-77
 418 0185 12       		.byte	18
 419 0186 C0       		.byte	-64
 420 0187 E7       		.byte	-25
 421 0188 C2       		.byte	-62
 422 0189 6E       		.byte	110
 423 018a C4       		.byte	-60
 424 018b EE       		.byte	-18
 425 018c CA       		.byte	-54
 426 018d F4       		.byte	-12
 427 018e CC       		.byte	-52
 428 018f E4       		.byte	-28
 429 0190 CE       		.byte	-50
 430 0191 FA       		.byte	-6
 431 0192 D0       		.byte	-48
 432 0193 01       		.byte	1
 433 0194 D6       		.byte	-42
 434 0195 20       		.byte	32
 435 0196 04       		.byte	4
 436 0197 1C       		.byte	28
 437 0198 05       		.byte	5
 438 0199 0C       		.byte	12
 439 019a 06       		.byte	6
 440 019b 22       		.byte	34
 441 019c 07       		.byte	7
 442 019d 03       		.byte	3
 443 019e 0A       		.byte	10
 444 019f 03       		.byte	3
 445 01a0 0E       		.byte	14
 446 01a1 20       		.byte	32
 447 01a2 0F       		.byte	15
 448 01a3 03       		.byte	3
 449 01a4 12       		.byte	18
 450 01a5 20       		.byte	32
 451 01a6 14       		.byte	20
 452 01a7 2C       		.byte	44
 453 01a8 16       		.byte	22
 454 01a9 11       		.byte	17
 455 01aa 17       		.byte	23
 456 01ab 0C       		.byte	12
ARM GAS  C:\Users\nicoz\AppData\Local\Temp\ccfqlKUb.s 			page 9


 457 01ac 18       		.byte	24
 458 01ad 09       		.byte	9
 459 01ae 19       		.byte	25
 460 01af 01       		.byte	1
 461 01b0 1A       		.byte	26
 462 01b1 10       		.byte	16
 463 01b2 1B       		.byte	27
 464 01b3 06       		.byte	6
 465 01b4 20       		.byte	32
 466 01b5 14       		.byte	20
 467 01b6 24       		.byte	36
 468 01b7 30       		.byte	48
 469 01b8 26       		.byte	38
 470 01b9 0C       		.byte	12
 471 01ba 27       		.byte	39
 472 01bb 08       		.byte	8
 473 01bc 28       		.byte	40
 474 01bd 10       		.byte	16
 475 01be 29       		.byte	41
 476 01bf 01       		.byte	1
 477 01c0 2B       		.byte	43
 478 01c1 0E       		.byte	14
 479 01c2 30       		.byte	48
 480 01c3 20       		.byte	32
 481 01c4 32       		.byte	50
 482 01c5 1F       		.byte	31
 483 01c6 35       		.byte	53
 484 01c7 0F       		.byte	15
 485 01c8 3B       		.byte	59
 486 01c9 20       		.byte	32
 487 01ca 3E       		.byte	62
 488 01cb 01       		.byte	1
 489 01cc 40       		.byte	64
 490 01cd 31       		.byte	49
 491 01ce 41       		.byte	65
 492 01cf 02       		.byte	2
 493 01d0 45       		.byte	69
 494 01d1 CC       		.byte	-52
 495 01d2 46       		.byte	70
 496 01d3 EB       		.byte	-21
 497 01d4 48       		.byte	72
 498 01d5 0F       		.byte	15
 499 01d6 49       		.byte	73
 500 01d7 FF       		.byte	-1
 501 01d8 4A       		.byte	74
 502 01d9 FF       		.byte	-1
 503 01da 4B       		.byte	75
 504 01db FF       		.byte	-1
 505 01dc 4E       		.byte	78
 506 01dd F0       		.byte	-16
 507 01de 4F       		.byte	79
 508 01df 44       		.byte	68
 509 01e0 50       		.byte	80
 510 01e1 0C       		.byte	12
 511 01e2 58       		.byte	88
 512 01e3 04       		.byte	4
 513 01e4 59       		.byte	89
ARM GAS  C:\Users\nicoz\AppData\Local\Temp\ccfqlKUb.s 			page 10


 514 01e5 04       		.byte	4
 515 01e6 5A       		.byte	90
 516 01e7 04       		.byte	4
 517 01e8 5F       		.byte	95
 518 01e9 01       		.byte	1
 519 01ea 66       		.byte	102
 520 01eb C0       		.byte	-64
 521 01ec 6A       		.byte	106
 522 01ed 40       		.byte	64
 523 01ee 6B       		.byte	107
 524 01ef 02       		.byte	2
 525 01f0 84       		.byte	-124
 526 01f1 30       		.byte	48
 527 01f2 88       		.byte	-120
 528 01f3 30       		.byte	48
 529 01f4 8C       		.byte	-116
 530 01f5 20       		.byte	32
 531 01f6 8E       		.byte	-114
 532 01f7 10       		.byte	16
 533 01f8 8F       		.byte	-113
 534 01f9 01       		.byte	1
 535 01fa 93       		.byte	-109
 536 01fb 01       		.byte	1
 537 01fc 94       		.byte	-108
 538 01fd 04       		.byte	4
 539 01fe 98       		.byte	-104
 540 01ff 10       		.byte	16
 541 0200 9A       		.byte	-102
 542 0201 22       		.byte	34
 543 0202 9C       		.byte	-100
 544 0203 01       		.byte	1
 545 0204 A0       		.byte	-96
 546 0205 01       		.byte	1
 547 0206 A4       		.byte	-92
 548 0207 04       		.byte	4
 549 0208 A5       		.byte	-91
 550 0209 02       		.byte	2
 551 020a AA       		.byte	-86
 552 020b 04       		.byte	4
 553 020c AC       		.byte	-84
 554 020d 08       		.byte	8
 555 020e B0       		.byte	-80
 556 020f 30       		.byte	48
 557 0210 B2       		.byte	-78
 558 0211 0C       		.byte	12
 559 0212 B4       		.byte	-76
 560 0213 01       		.byte	1
 561 0214 B5       		.byte	-75
 562 0215 02       		.byte	2
 563 0216 B6       		.byte	-74
 564 0217 02       		.byte	2
 565 0218 B7       		.byte	-73
 566 0219 01       		.byte	1
 567 021a B8       		.byte	-72
 568 021b 08       		.byte	8
 569 021c BE       		.byte	-66
 570 021d 10       		.byte	16
ARM GAS  C:\Users\nicoz\AppData\Local\Temp\ccfqlKUb.s 			page 11


 571 021e BF       		.byte	-65
 572 021f 50       		.byte	80
 573 0220 D4       		.byte	-44
 574 0221 01       		.byte	1
 575 0222 D8       		.byte	-40
 576 0223 04       		.byte	4
 577 0224 D9       		.byte	-39
 578 0225 04       		.byte	4
 579 0226 DB       		.byte	-37
 580 0227 04       		.byte	4
 581 0228 DF       		.byte	-33
 582 0229 01       		.byte	1
 583 022a 00       		.byte	0
 584 022b 94       		.byte	-108
 585 022c 04       		.byte	4
 586 022d 68       		.byte	104
 587 022e 08       		.byte	8
 588 022f 0A       		.byte	10
 589 0230 0B       		.byte	11
 590 0231 08       		.byte	8
 591 0232 0C       		.byte	12
 592 0233 04       		.byte	4
 593 0234 0E       		.byte	14
 594 0235 0A       		.byte	10
 595 0236 10       		.byte	16
 596 0237 80       		.byte	-128
 597 0238 12       		.byte	18
 598 0239 24       		.byte	36
 599 023a 15       		.byte	21
 600 023b A2       		.byte	-94
 601 023c 17       		.byte	23
 602 023d 04       		.byte	4
 603 023e 18       		.byte	24
 604 023f 10       		.byte	16
 605 0240 19       		.byte	25
 606 0241 08       		.byte	8
 607 0242 1A       		.byte	26
 608 0243 40       		.byte	64
 609 0244 1C       		.byte	28
 610 0245 60       		.byte	96
 611 0246 1D       		.byte	29
 612 0247 04       		.byte	4
 613 0248 1E       		.byte	30
 614 0249 81       		.byte	-127
 615 024a 1F       		.byte	31
 616 024b 24       		.byte	36
 617 024c 20       		.byte	32
 618 024d 04       		.byte	4
 619 024e 21       		.byte	33
 620 024f 10       		.byte	16
 621 0250 27       		.byte	39
 622 0251 09       		.byte	9
 623 0252 28       		.byte	40
 624 0253 0C       		.byte	12
 625 0254 2A       		.byte	42
 626 0255 04       		.byte	4
 627 0256 2F       		.byte	47
ARM GAS  C:\Users\nicoz\AppData\Local\Temp\ccfqlKUb.s 			page 12


 628 0257 10       		.byte	16
 629 0258 31       		.byte	49
 630 0259 04       		.byte	4
 631 025a 32       		.byte	50
 632 025b 20       		.byte	32
 633 025c 35       		.byte	53
 634 025d 01       		.byte	1
 635 025e 38       		.byte	56
 636 025f 04       		.byte	4
 637 0260 39       		.byte	57
 638 0261 80       		.byte	-128
 639 0262 3F       		.byte	63
 640 0263 80       		.byte	-128
 641 0264 40       		.byte	64
 642 0265 0A       		.byte	10
 643 0266 41       		.byte	65
 644 0267 40       		.byte	64
 645 0268 43       		.byte	67
 646 0269 04       		.byte	4
 647 026a 46       		.byte	70
 648 026b 80       		.byte	-128
 649 026c 47       		.byte	71
 650 026d 01       		.byte	1
 651 026e 48       		.byte	72
 652 026f 40       		.byte	64
 653 0270 4A       		.byte	74
 654 0271 10       		.byte	16
 655 0272 4B       		.byte	75
 656 0273 02       		.byte	2
 657 0274 50       		.byte	80
 658 0275 80       		.byte	-128
 659 0276 53       		.byte	83
 660 0277 10       		.byte	16
 661 0278 5E       		.byte	94
 662 0279 60       		.byte	96
 663 027a 5F       		.byte	95
 664 027b 0A       		.byte	10
 665 027c 92       		.byte	-110
 666 027d 04       		.byte	4
 667 027e 96       		.byte	-106
 668 027f 01       		.byte	1
 669 0280 97       		.byte	-105
 670 0281 80       		.byte	-128
 671 0282 99       		.byte	-103
 672 0283 01       		.byte	1
 673 0284 9B       		.byte	-101
 674 0285 10       		.byte	16
 675 0286 9D       		.byte	-99
 676 0287 08       		.byte	8
 677 0288 9E       		.byte	-98
 678 0289 9A       		.byte	-102
 679 028a 9F       		.byte	-97
 680 028b 20       		.byte	32
 681 028c A2       		.byte	-94
 682 028d 04       		.byte	4
 683 028e A3       		.byte	-93
 684 028f 40       		.byte	64
ARM GAS  C:\Users\nicoz\AppData\Local\Temp\ccfqlKUb.s 			page 13


 685 0290 A6       		.byte	-90
 686 0291 42       		.byte	66
 687 0292 A7       		.byte	-89
 688 0293 10       		.byte	16
 689 0294 A8       		.byte	-88
 690 0295 01       		.byte	1
 691 0296 B5       		.byte	-75
 692 0297 02       		.byte	2
 693 0298 B6       		.byte	-74
 694 0299 04       		.byte	4
 695 029a B7       		.byte	-73
 696 029b 01       		.byte	1
 697 029c C0       		.byte	-64
 698 029d E7       		.byte	-25
 699 029e C2       		.byte	-62
 700 029f EE       		.byte	-18
 701 02a0 C4       		.byte	-60
 702 02a1 FE       		.byte	-2
 703 02a2 CA       		.byte	-54
 704 02a3 46       		.byte	70
 705 02a4 CC       		.byte	-52
 706 02a5 86       		.byte	-122
 707 02a6 CE       		.byte	-50
 708 02a7 1A       		.byte	26
 709 02a8 D0       		.byte	-48
 710 02a9 0E       		.byte	14
 711 02aa D6       		.byte	-42
 712 02ab F0       		.byte	-16
 713 02ac EC       		.byte	-20
 714 02ad 04       		.byte	4
 715 02ae 84       		.byte	-124
 716 02af 02       		.byte	2
 717 02b0 8A       		.byte	-118
 718 02b1 04       		.byte	4
 719 02b2 92       		.byte	-110
 720 02b3 01       		.byte	1
 721 02b4 98       		.byte	-104
 722 02b5 01       		.byte	1
 723 02b6 A2       		.byte	-94
 724 02b7 04       		.byte	4
 725 02b8 A4       		.byte	-92
 726 02b9 01       		.byte	1
 727 02ba AA       		.byte	-86
 728 02bb 01       		.byte	1
 729 02bc B2       		.byte	-78
 730 02bd 01       		.byte	1
 731 02be B4       		.byte	-76
 732 02bf 04       		.byte	4
 733 02c0 B6       		.byte	-74
 734 02c1 02       		.byte	2
 735 02c2 B8       		.byte	-72
 736 02c3 08       		.byte	8
 737 02c4 BE       		.byte	-66
 738 02c5 50       		.byte	80
 739 02c6 D8       		.byte	-40
 740 02c7 04       		.byte	4
 741 02c8 DF       		.byte	-33
ARM GAS  C:\Users\nicoz\AppData\Local\Temp\ccfqlKUb.s 			page 14


 742 02c9 01       		.byte	1
 743 02ca 00       		.byte	0
 744 02cb 10       		.byte	16
 745 02cc 01       		.byte	1
 746 02cd 08       		.byte	8
 747 02ce 05       		.byte	5
 748 02cf 02       		.byte	2
 749 02d0 06       		.byte	6
 750 02d1 08       		.byte	8
 751 02d2 07       		.byte	7
 752 02d3 20       		.byte	32
 753 02d4 09       		.byte	9
 754 02d5 20       		.byte	32
 755 02d6 0B       		.byte	11
 756 02d7 C0       		.byte	-64
 757 02d8 0C       		.byte	12
 758 02d9 40       		.byte	64
 759 02da 0E       		.byte	14
 760 02db 04       		.byte	4
 761 02dc 0F       		.byte	15
 762 02dd 60       		.byte	96
 763 02de 10       		.byte	16
 764 02df 80       		.byte	-128
 765 02e0 12       		.byte	18
 766 02e1 18       		.byte	24
 767 02e2 16       		.byte	22
 768 02e3 12       		.byte	18
 769 02e4 17       		.byte	23
 770 02e5 11       		.byte	17
 771 02e6 18       		.byte	24
 772 02e7 12       		.byte	18
 773 02e8 19       		.byte	25
 774 02e9 10       		.byte	16
 775 02ea 1D       		.byte	29
 776 02eb 23       		.byte	35
 777 02ec 1E       		.byte	30
 778 02ed 06       		.byte	6
 779 02ee 26       		.byte	38
 780 02ef 08       		.byte	8
 781 02f0 27       		.byte	39
 782 02f1 50       		.byte	80
 783 02f2 2D       		.byte	45
 784 02f3 10       		.byte	16
 785 02f4 2E       		.byte	46
 786 02f5 0A       		.byte	10
 787 02f6 2F       		.byte	47
 788 02f7 01       		.byte	1
 789 02f8 34       		.byte	52
 790 02f9 40       		.byte	64
 791 02fa 36       		.byte	54
 792 02fb 4A       		.byte	74
 793 02fc 37       		.byte	55
 794 02fd 21       		.byte	33
 795 02fe 3E       		.byte	62
 796 02ff 25       		.byte	37
 797 0300 3F       		.byte	63
 798 0301 40       		.byte	64
ARM GAS  C:\Users\nicoz\AppData\Local\Temp\ccfqlKUb.s 			page 15


 799 0302 45       		.byte	69
 800 0303 22       		.byte	34
 801 0304 46       		.byte	70
 802 0305 30       		.byte	48
 803 0306 47       		.byte	71
 804 0307 40       		.byte	64
 805 0308 4C       		.byte	76
 806 0309 80       		.byte	-128
 807 030a 4D       		.byte	77
 808 030b 10       		.byte	16
 809 030c 4F       		.byte	79
 810 030d 20       		.byte	32
 811 030e 57       		.byte	87
 812 030f 40       		.byte	64
 813 0310 5E       		.byte	94
 814 0311 02       		.byte	2
 815 0312 65       		.byte	101
 816 0313 10       		.byte	16
 817 0314 66       		.byte	102
 818 0315 80       		.byte	-128
 819 0316 C0       		.byte	-64
 820 0317 76       		.byte	118
 821 0318 C2       		.byte	-62
 822 0319 FA       		.byte	-6
 823 031a C4       		.byte	-60
 824 031b FE       		.byte	-2
 825 031c CA       		.byte	-54
 826 031d F0       		.byte	-16
 827 031e CC       		.byte	-52
 828 031f F0       		.byte	-16
 829 0320 CE       		.byte	-50
 830 0321 F0       		.byte	-16
 831 0322 D0       		.byte	-48
 832 0323 F0       		.byte	-16
 833 0324 D2       		.byte	-46
 834 0325 20       		.byte	32
 835 0326 D6       		.byte	-42
 836 0327 80       		.byte	-128
 837 0328 D8       		.byte	-40
 838 0329 30       		.byte	48
 839 032a E0       		.byte	-32
 840 032b 20       		.byte	32
 841 032c EC       		.byte	-20
 842 032d 01       		.byte	1
 843 032e EE       		.byte	-18
 844 032f 40       		.byte	64
 845 0330 95       		.byte	-107
 846 0331 02       		.byte	2
 847 0332 A6       		.byte	-90
 848 0333 01       		.byte	1
 849 0334 89       		.byte	-119
 850 0335 01       		.byte	1
 851 0336 95       		.byte	-107
 852 0337 02       		.byte	2
 853 0338 AA       		.byte	-86
 854 0339 01       		.byte	1
 855 033a E0       		.byte	-32
ARM GAS  C:\Users\nicoz\AppData\Local\Temp\ccfqlKUb.s 			page 16


 856 033b 20       		.byte	32
 857 033c EE       		.byte	-18
 858 033d 40       		.byte	64
 859 033e 33       		.byte	51
 860 033f 20       		.byte	32
 861 0340 CC       		.byte	-52
 862 0341 10       		.byte	16
 863 0342 A7       		.byte	-89
 864 0343 20       		.byte	32
 865 0344 A7       		.byte	-89
 866 0345 20       		.byte	32
 867 0346 AF       		.byte	-81
 868 0347 20       		.byte	32
 869 0348 EE       		.byte	-18
 870 0349 10       		.byte	16
 871 034a 01       		.byte	1
 872 034b 08       		.byte	8
 873 034c 53       		.byte	83
 874 034d 01       		.byte	1
 875 034e C0       		.byte	-64
 876 034f 08       		.byte	8
 877 0350 D4       		.byte	-44
 878 0351 01       		.byte	1
 879 0352 AB       		.byte	-85
 880 0353 01       		.byte	1
 881 0354 B5       		.byte	-75
 882 0355 08       		.byte	8
 883 0356 EA       		.byte	-22
 884 0357 02       		.byte	2
 885 0358 23       		.byte	35
 886 0359 20       		.byte	32
 887 035a C8       		.byte	-56
 888 035b 40       		.byte	64
 889 035c 01       		.byte	1
 890 035d 20       		.byte	32
 891 035e 07       		.byte	7
 892 035f 40       		.byte	64
 893 0360 50       		.byte	80
 894 0361 10       		.byte	16
 895 0362 5B       		.byte	91
 896 0363 20       		.byte	32
 897 0364 89       		.byte	-119
 898 0365 20       		.byte	32
 899 0366 90       		.byte	-112
 900 0367 20       		.byte	32
 901 0368 9B       		.byte	-101
 902 0369 20       		.byte	32
 903 036a 9F       		.byte	-97
 904 036b 40       		.byte	64
 905 036c AB       		.byte	-85
 906 036d 40       		.byte	64
 907 036e B4       		.byte	-76
 908 036f 10       		.byte	16
 909 0370 C0       		.byte	-64
 910 0371 60       		.byte	96
 911 0372 D4       		.byte	-44
 912 0373 A0       		.byte	-96
ARM GAS  C:\Users\nicoz\AppData\Local\Temp\ccfqlKUb.s 			page 17


 913 0374 EC       		.byte	-20
 914 0375 80       		.byte	-128
 915 0376 03       		.byte	3
 916 0377 02       		.byte	2
 917 0378 C0       		.byte	-64
 918 0379 02       		.byte	2
 919 037a B7       		.byte	-73
 920 037b 02       		.byte	2
 921 037c EE       		.byte	-18
 922 037d 02       		.byte	2
 923 037e 00       		.byte	0
 924 037f 01       		.byte	1
 925 0380 0C       		.byte	12
 926 0381 01       		.byte	1
 927 0382 0E       		.byte	14
 928 0383 01       		.byte	1
 929 0384 00       		.byte	0
 930 0385 03       		.byte	3
 931 0386 00       		.byte	0
 932 0387 00       		.byte	0
 933 0388 21       		.byte	33
 934 0389 00       		.byte	0
 935 038a 00       		.byte	0
 936 038b 10       		.byte	16
 937 038c 18       		.byte	24
 938 038d 1C       		.byte	28
 939 038e 00       		.byte	0
 940 038f 60       		.byte	96
 941 0390 08       		.byte	8
 942 0391 7C       		.byte	124
 943 0392 00       		.byte	0
 944 0393 00       		.byte	0
 945 0394 00       		.byte	0
 946 0395 70       		.byte	112
 947 0396 00       		.byte	0
 948 0397 04       		.byte	4
 949 0398 78       		.byte	120
 950 0399 00       		.byte	0
 951 039a 07       		.byte	7
 952 039b 01       		.byte	1
 953 039c 00       		.byte	0
 954 039d 70       		.byte	112
 955 039e 67       		.byte	103
 956 039f 08       		.byte	8
 957 03a0 67       		.byte	103
 958 03a1 60       		.byte	96
 959 03a2 18       		.byte	24
 960 03a3 00       		.byte	0
 961 03a4 42       		.byte	66
 962 03a5 00       		.byte	0
 963 03a6 00       		.byte	0
 964 03a7 02       		.byte	2
 965 03a8 63       		.byte	99
 966 03a9 40       		.byte	64
 967 03aa 00       		.byte	0
 968 03ab 00       		.byte	0
 969 03ac 7F       		.byte	127
ARM GAS  C:\Users\nicoz\AppData\Local\Temp\ccfqlKUb.s 			page 18


 970 03ad 20       		.byte	32
 971 03ae 00       		.byte	0
 972 03af 00       		.byte	0
 973 03b0 1C       		.byte	28
 974 03b1 00       		.byte	0
 975 03b2 63       		.byte	99
 976 03b3 0C       		.byte	12
 977 03b4 10       		.byte	16
 978 03b5 10       		.byte	16
 979 03b6 00       		.byte	0
 980 03b7 02       		.byte	2
 981 03b8 1C       		.byte	28
 982 03b9 03       		.byte	3
 983 03ba 00       		.byte	0
 984 03bb 7C       		.byte	124
 985 03bc 78       		.byte	120
 986 03bd 00       		.byte	0
 987 03be 03       		.byte	3
 988 03bf 00       		.byte	0
 989 03c0 00       		.byte	0
 990 03c1 00       		.byte	0
 991 03c2 20       		.byte	32
 992 03c3 08       		.byte	8
 993 03c4 00       		.byte	0
 994 03c5 00       		.byte	0
 995 03c6 00       		.byte	0
 996 03c7 01       		.byte	1
 997 03c8 26       		.byte	38
 998 03c9 03       		.byte	3
 999 03ca 04       		.byte	4
 1000 03cb 00       		.byte	0
 1001 03cc 01       		.byte	1
 1002 03cd E0       		.byte	-32
 1003 03ce 0C       		.byte	12
 1004 03cf 00       		.byte	0
 1005 03d0 06       		.byte	6
 1006 03d1 FF       		.byte	-1
 1007 03d2 FF       		.byte	-1
 1008 03d3 FF       		.byte	-1
 1009 03d4 62       		.byte	98
 1010 03d5 A0       		.byte	-96
 1011 03d6 F0       		.byte	-16
 1012 03d7 41       		.byte	65
 1013 03d8 0C       		.byte	12
 1014 03d9 00       		.byte	0
 1015 03da 00       		.byte	0
 1016 03db 00       		.byte	0
 1017 03dc 18       		.byte	24
 1018 03dd 00       		.byte	0
 1019 03de 00       		.byte	0
 1020 03df 00       		.byte	0
 1021 03e0 04       		.byte	4
 1022 03e1 04       		.byte	4
 1023 03e2 04       		.byte	4
 1024 03e3 04       		.byte	4
 1025 03e4 00       		.byte	0
 1026 03e5 00       		.byte	0
ARM GAS  C:\Users\nicoz\AppData\Local\Temp\ccfqlKUb.s 			page 19


 1027 03e6 00       		.byte	0
 1028 03e7 01       		.byte	1
 1029 03e8 00       		.byte	0
 1030 03e9 00       		.byte	0
 1031 03ea 00       		.byte	0
 1032 03eb 00       		.byte	0
 1033 03ec 00       		.byte	0
 1034 03ed 00       		.byte	0
 1035 03ee 40       		.byte	64
 1036 03ef 02       		.byte	2
 1037 03f0 00       		.byte	0
 1038 03f1 10       		.byte	16
 1039 03f2 30       		.byte	48
 1040 03f3 10       		.byte	16
 1041 03f4 00       		.byte	0
 1042 03f5 10       		.byte	16
 1043 03f6 10       		.byte	16
 1044 03f7 12       		.byte	18
 1045 03f8 00       		.byte	0
 1046 03f9 00       		.byte	0
 1047 03fa 00       		.byte	0
 1048 03fb 00       		.byte	0
 1049 03fc 00       		.byte	0
 1050 03fd 00       		.byte	0
 1051 03fe 00       		.byte	0
 1052 03ff 00       		.byte	0
 1053 0400 00       		.byte	0
 1054 0401 00       		.byte	0
 1055 0402 00       		.byte	0
 1056 0403 00       		.byte	0
 1057 0404 00       		.byte	0
 1058 0405 00       		.byte	0
 1059 0406 00       		.byte	0
 1060 0407 00       		.byte	0
 1061 0408 FF       		.byte	-1
 1062 0409 00       		.byte	0
 1063 040a 00       		.byte	0
 1064 040b 00       		.byte	0
 1065 040c 00       		.byte	0
 1066 040d 00       		.byte	0
 1067 040e 00       		.byte	0
 1068 040f 00       		.byte	0
 1069 0410 04       		.byte	4
 1070 0411 00       		.byte	0
 1071 0412 00       		.byte	0
 1072 0413 0F       		.byte	15
 1073 0414 0B       		.byte	11
 1074 0415 00       		.byte	0
 1075 0416 00       		.byte	0
 1076 0417 00       		.byte	0
 1077 0418 00       		.byte	0
 1078 0419 00       		.byte	0
 1079 041a 00       		.byte	0
 1080 041b 00       		.byte	0
 1081 041c 02       		.byte	2
 1082 041d 00       		.byte	0
 1083 041e 01       		.byte	1
ARM GAS  C:\Users\nicoz\AppData\Local\Temp\ccfqlKUb.s 			page 20


 1084 041f 02       		.byte	2
 1085 0420 02       		.byte	2
 1086 0421 00       		.byte	0
 1087 0422 02       		.byte	2
 1088 0423 00       		.byte	0
 1089 0424 00       		.byte	0
 1090 0425 00       		.byte	0
 1091 0426 00       		.byte	0
 1092 0427 00       		.byte	0
 1093 0428 06       		.byte	6
 1094 0429 09       		.byte	9
 1095 042a 09       		.byte	9
 1096 042b 00       		.byte	0
 1097 042c 09       		.byte	9
 1098 042d 00       		.byte	0
 1099 042e 00       		.byte	0
 1100 042f 00       		.byte	0
 1101 0430 FF       		.byte	-1
 1102 0431 00       		.byte	0
 1103 0432 FF       		.byte	-1
 1104 0433 FF       		.byte	-1
 1105 0434 FF       		.byte	-1
 1106 0435 00       		.byte	0
 1107 0436 00       		.byte	0
 1108 0437 00       		.byte	0
 1109 0438 00       		.byte	0
 1110 0439 00       		.byte	0
 1111 043a 00       		.byte	0
 1112 043b 00       		.byte	0
 1113              		.section	.cywolatch,"a",%progbits
 1114              		.align	2
 1115              		.type	cy_meta_wonvl, %object
 1116              		.size	cy_meta_wonvl, 4
 1117              	cy_meta_wonvl:
 1118 0000 BC       		.byte	-68
 1119 0001 90       		.byte	-112
 1120 0002 AC       		.byte	-84
 1121 0003 AF       		.byte	-81
 1122              		.section	.cycustnvl,"a",%progbits
 1123              		.align	2
 1124              		.type	cy_meta_custnvl, %object
 1125              		.size	cy_meta_custnvl, 4
 1126              	cy_meta_custnvl:
 1127 0000 00       		.byte	0
 1128 0001 00       		.byte	0
 1129 0002 40       		.byte	64
 1130 0003 05       		.byte	5
 1131              		.section	.cymeta,"a",%progbits
 1132              		.align	2
 1133              		.type	cy_metadata, %object
 1134              		.size	cy_metadata, 12
 1135              	cy_metadata:
 1136 0000 00       		.byte	0
 1137 0001 01       		.byte	1
 1138 0002 2E       		.byte	46
 1139 0003 16       		.byte	22
 1140 0004 00       		.byte	0
ARM GAS  C:\Users\nicoz\AppData\Local\Temp\ccfqlKUb.s 			page 21


 1141 0005 69       		.byte	105
 1142 0006 00       		.byte	0
 1143 0007 01       		.byte	1
 1144 0008 00       		.byte	0
 1145 0009 00       		.byte	0
 1146 000a 00       		.byte	0
 1147 000b 00       		.byte	0
 1148              		.section	.cyflashprotect,"a",%progbits
 1149              		.align	2
 1150              		.type	cy_meta_flashprotect, %object
 1151              		.size	cy_meta_flashprotect, 256
 1152              	cy_meta_flashprotect:
 1153 0000 00000000 		.space	256
 1153      00000000 
 1153      00000000 
 1153      00000000 
 1153      00000000 
 1154              		.text
 1155              	.Letext0:
 1156              		.file 1 "c:\\program files (x86)\\cypress\\psoc creator\\4.4\\psoc creator\\import\\gnu\\arm\\5.4.
 1157              		.file 2 "c:\\program files (x86)\\cypress\\psoc creator\\4.4\\psoc creator\\import\\gnu\\arm\\5.4.
 1158              		.file 3 "Generated_Source\\PSoC5\\cymetadata.c"
 1159              		.section	.debug_info,"",%progbits
 1160              	.Ldebug_info0:
 1161 0000 31010000 		.4byte	0x131
 1162 0004 0400     		.2byte	0x4
 1163 0006 00000000 		.4byte	.Ldebug_abbrev0
 1164 000a 04       		.byte	0x4
 1165 000b 01       		.uleb128 0x1
 1166 000c 24000000 		.4byte	.LASF17
 1167 0010 0C       		.byte	0xc
 1168 0011 C1010000 		.4byte	.LASF18
 1169 0015 D7000000 		.4byte	.LASF19
 1170 0019 00000000 		.4byte	.Ldebug_line0
 1171 001d 02       		.uleb128 0x2
 1172 001e 01       		.byte	0x1
 1173 001f 06       		.byte	0x6
 1174 0020 B5010000 		.4byte	.LASF0
 1175 0024 03       		.uleb128 0x3
 1176 0025 00000000 		.4byte	.LASF9
 1177 0029 01       		.byte	0x1
 1178 002a 1D       		.byte	0x1d
 1179 002b 2F000000 		.4byte	0x2f
 1180 002f 02       		.uleb128 0x2
 1181 0030 01       		.byte	0x1
 1182 0031 08       		.byte	0x8
 1183 0032 16000000 		.4byte	.LASF1
 1184 0036 02       		.uleb128 0x2
 1185 0037 02       		.byte	0x2
 1186 0038 05       		.byte	0x5
 1187 0039 A2010000 		.4byte	.LASF2
 1188 003d 02       		.uleb128 0x2
 1189 003e 02       		.byte	0x2
 1190 003f 07       		.byte	0x7
 1191 0040 C4000000 		.4byte	.LASF3
 1192 0044 02       		.uleb128 0x2
 1193 0045 04       		.byte	0x4
ARM GAS  C:\Users\nicoz\AppData\Local\Temp\ccfqlKUb.s 			page 22


 1194 0046 05       		.byte	0x5
 1195 0047 AC010000 		.4byte	.LASF4
 1196 004b 02       		.uleb128 0x2
 1197 004c 04       		.byte	0x4
 1198 004d 07       		.byte	0x7
 1199 004e B2000000 		.4byte	.LASF5
 1200 0052 02       		.uleb128 0x2
 1201 0053 08       		.byte	0x8
 1202 0054 05       		.byte	0x5
 1203 0055 94010000 		.4byte	.LASF6
 1204 0059 02       		.uleb128 0x2
 1205 005a 08       		.byte	0x8
 1206 005b 07       		.byte	0x7
 1207 005c 49010000 		.4byte	.LASF7
 1208 0060 04       		.uleb128 0x4
 1209 0061 04       		.byte	0x4
 1210 0062 05       		.byte	0x5
 1211 0063 696E7400 		.ascii	"int\000"
 1212 0067 02       		.uleb128 0x2
 1213 0068 04       		.byte	0x4
 1214 0069 07       		.byte	0x7
 1215 006a 3C010000 		.4byte	.LASF8
 1216 006e 03       		.uleb128 0x3
 1217 006f 60010000 		.4byte	.LASF10
 1218 0073 02       		.byte	0x2
 1219 0074 18       		.byte	0x18
 1220 0075 24000000 		.4byte	0x24
 1221 0079 05       		.uleb128 0x5
 1222 007a 91000000 		.4byte	0x91
 1223 007e 8A000000 		.4byte	0x8a
 1224 0082 06       		.uleb128 0x6
 1225 0083 8A000000 		.4byte	0x8a
 1226 0087 3B04     		.2byte	0x43b
 1227 0089 00       		.byte	0
 1228 008a 02       		.uleb128 0x2
 1229 008b 04       		.byte	0x4
 1230 008c 07       		.byte	0x7
 1231 008d 8B010000 		.4byte	.LASF11
 1232 0091 07       		.uleb128 0x7
 1233 0092 6E000000 		.4byte	0x6e
 1234 0096 08       		.uleb128 0x8
 1235 0097 2A010000 		.4byte	.LASF12
 1236 009b 03       		.byte	0x3
 1237 009c 1F       		.byte	0x1f
 1238 009d A7000000 		.4byte	0xa7
 1239 00a1 05       		.uleb128 0x5
 1240 00a2 03       		.byte	0x3
 1241 00a3 00000000 		.4byte	cy_meta_configecc
 1242 00a7 07       		.uleb128 0x7
 1243 00a8 79000000 		.4byte	0x79
 1244 00ac 05       		.uleb128 0x5
 1245 00ad 91000000 		.4byte	0x91
 1246 00b1 BC000000 		.4byte	0xbc
 1247 00b5 09       		.uleb128 0x9
 1248 00b6 8A000000 		.4byte	0x8a
 1249 00ba 03       		.byte	0x3
 1250 00bb 00       		.byte	0
ARM GAS  C:\Users\nicoz\AppData\Local\Temp\ccfqlKUb.s 			page 23


 1251 00bc 08       		.uleb128 0x8
 1252 00bd 1A010000 		.4byte	.LASF13
 1253 00c1 03       		.byte	0x3
 1254 00c2 B4       		.byte	0xb4
 1255 00c3 CD000000 		.4byte	0xcd
 1256 00c7 05       		.uleb128 0x5
 1257 00c8 03       		.byte	0x3
 1258 00c9 00000000 		.4byte	cy_meta_custnvl
 1259 00cd 07       		.uleb128 0x7
 1260 00ce AC000000 		.4byte	0xac
 1261 00d2 08       		.uleb128 0x8
 1262 00d3 7D010000 		.4byte	.LASF14
 1263 00d7 03       		.byte	0x3
 1264 00d8 C2       		.byte	0xc2
 1265 00d9 E3000000 		.4byte	0xe3
 1266 00dd 05       		.uleb128 0x5
 1267 00de 03       		.byte	0x3
 1268 00df 00000000 		.4byte	cy_meta_wonvl
 1269 00e3 07       		.uleb128 0x7
 1270 00e4 AC000000 		.4byte	0xac
 1271 00e8 05       		.uleb128 0x5
 1272 00e9 91000000 		.4byte	0x91
 1273 00ed F8000000 		.4byte	0xf8
 1274 00f1 09       		.uleb128 0x9
 1275 00f2 8A000000 		.4byte	0x8a
 1276 00f6 FF       		.byte	0xff
 1277 00f7 00       		.byte	0
 1278 00f8 08       		.uleb128 0x8
 1279 00f9 68010000 		.4byte	.LASF15
 1280 00fd 03       		.byte	0x3
 1281 00fe D0       		.byte	0xd0
 1282 00ff 09010000 		.4byte	0x109
 1283 0103 05       		.uleb128 0x5
 1284 0104 03       		.byte	0x3
 1285 0105 00000000 		.4byte	cy_meta_flashprotect
 1286 0109 07       		.uleb128 0x7
 1287 010a E8000000 		.4byte	0xe8
 1288 010e 05       		.uleb128 0x5
 1289 010f 91000000 		.4byte	0x91
 1290 0113 1E010000 		.4byte	0x11e
 1291 0117 09       		.uleb128 0x9
 1292 0118 8A000000 		.4byte	0x8a
 1293 011c 0B       		.byte	0xb
 1294 011d 00       		.byte	0
 1295 011e 08       		.uleb128 0x8
 1296 011f 0A000000 		.4byte	.LASF16
 1297 0123 03       		.byte	0x3
 1298 0124 FD       		.byte	0xfd
 1299 0125 2F010000 		.4byte	0x12f
 1300 0129 05       		.uleb128 0x5
 1301 012a 03       		.byte	0x3
 1302 012b 00000000 		.4byte	cy_metadata
 1303 012f 07       		.uleb128 0x7
 1304 0130 0E010000 		.4byte	0x10e
 1305 0134 00       		.byte	0
 1306              		.section	.debug_abbrev,"",%progbits
 1307              	.Ldebug_abbrev0:
ARM GAS  C:\Users\nicoz\AppData\Local\Temp\ccfqlKUb.s 			page 24


 1308 0000 01       		.uleb128 0x1
 1309 0001 11       		.uleb128 0x11
 1310 0002 01       		.byte	0x1
 1311 0003 25       		.uleb128 0x25
 1312 0004 0E       		.uleb128 0xe
 1313 0005 13       		.uleb128 0x13
 1314 0006 0B       		.uleb128 0xb
 1315 0007 03       		.uleb128 0x3
 1316 0008 0E       		.uleb128 0xe
 1317 0009 1B       		.uleb128 0x1b
 1318 000a 0E       		.uleb128 0xe
 1319 000b 10       		.uleb128 0x10
 1320 000c 17       		.uleb128 0x17
 1321 000d 00       		.byte	0
 1322 000e 00       		.byte	0
 1323 000f 02       		.uleb128 0x2
 1324 0010 24       		.uleb128 0x24
 1325 0011 00       		.byte	0
 1326 0012 0B       		.uleb128 0xb
 1327 0013 0B       		.uleb128 0xb
 1328 0014 3E       		.uleb128 0x3e
 1329 0015 0B       		.uleb128 0xb
 1330 0016 03       		.uleb128 0x3
 1331 0017 0E       		.uleb128 0xe
 1332 0018 00       		.byte	0
 1333 0019 00       		.byte	0
 1334 001a 03       		.uleb128 0x3
 1335 001b 16       		.uleb128 0x16
 1336 001c 00       		.byte	0
 1337 001d 03       		.uleb128 0x3
 1338 001e 0E       		.uleb128 0xe
 1339 001f 3A       		.uleb128 0x3a
 1340 0020 0B       		.uleb128 0xb
 1341 0021 3B       		.uleb128 0x3b
 1342 0022 0B       		.uleb128 0xb
 1343 0023 49       		.uleb128 0x49
 1344 0024 13       		.uleb128 0x13
 1345 0025 00       		.byte	0
 1346 0026 00       		.byte	0
 1347 0027 04       		.uleb128 0x4
 1348 0028 24       		.uleb128 0x24
 1349 0029 00       		.byte	0
 1350 002a 0B       		.uleb128 0xb
 1351 002b 0B       		.uleb128 0xb
 1352 002c 3E       		.uleb128 0x3e
 1353 002d 0B       		.uleb128 0xb
 1354 002e 03       		.uleb128 0x3
 1355 002f 08       		.uleb128 0x8
 1356 0030 00       		.byte	0
 1357 0031 00       		.byte	0
 1358 0032 05       		.uleb128 0x5
 1359 0033 01       		.uleb128 0x1
 1360 0034 01       		.byte	0x1
 1361 0035 49       		.uleb128 0x49
 1362 0036 13       		.uleb128 0x13
 1363 0037 01       		.uleb128 0x1
 1364 0038 13       		.uleb128 0x13
ARM GAS  C:\Users\nicoz\AppData\Local\Temp\ccfqlKUb.s 			page 25


 1365 0039 00       		.byte	0
 1366 003a 00       		.byte	0
 1367 003b 06       		.uleb128 0x6
 1368 003c 21       		.uleb128 0x21
 1369 003d 00       		.byte	0
 1370 003e 49       		.uleb128 0x49
 1371 003f 13       		.uleb128 0x13
 1372 0040 2F       		.uleb128 0x2f
 1373 0041 05       		.uleb128 0x5
 1374 0042 00       		.byte	0
 1375 0043 00       		.byte	0
 1376 0044 07       		.uleb128 0x7
 1377 0045 26       		.uleb128 0x26
 1378 0046 00       		.byte	0
 1379 0047 49       		.uleb128 0x49
 1380 0048 13       		.uleb128 0x13
 1381 0049 00       		.byte	0
 1382 004a 00       		.byte	0
 1383 004b 08       		.uleb128 0x8
 1384 004c 34       		.uleb128 0x34
 1385 004d 00       		.byte	0
 1386 004e 03       		.uleb128 0x3
 1387 004f 0E       		.uleb128 0xe
 1388 0050 3A       		.uleb128 0x3a
 1389 0051 0B       		.uleb128 0xb
 1390 0052 3B       		.uleb128 0x3b
 1391 0053 0B       		.uleb128 0xb
 1392 0054 49       		.uleb128 0x49
 1393 0055 13       		.uleb128 0x13
 1394 0056 3F       		.uleb128 0x3f
 1395 0057 19       		.uleb128 0x19
 1396 0058 02       		.uleb128 0x2
 1397 0059 18       		.uleb128 0x18
 1398 005a 00       		.byte	0
 1399 005b 00       		.byte	0
 1400 005c 09       		.uleb128 0x9
 1401 005d 21       		.uleb128 0x21
 1402 005e 00       		.byte	0
 1403 005f 49       		.uleb128 0x49
 1404 0060 13       		.uleb128 0x13
 1405 0061 2F       		.uleb128 0x2f
 1406 0062 0B       		.uleb128 0xb
 1407 0063 00       		.byte	0
 1408 0064 00       		.byte	0
 1409 0065 00       		.byte	0
 1410              		.section	.debug_aranges,"",%progbits
 1411 0000 14000000 		.4byte	0x14
 1412 0004 0200     		.2byte	0x2
 1413 0006 00000000 		.4byte	.Ldebug_info0
 1414 000a 04       		.byte	0x4
 1415 000b 00       		.byte	0
 1416 000c 0000     		.2byte	0
 1417 000e 0000     		.2byte	0
 1418 0010 00000000 		.4byte	0
 1419 0014 00000000 		.4byte	0
 1420              		.section	.debug_line,"",%progbits
 1421              	.Ldebug_line0:
ARM GAS  C:\Users\nicoz\AppData\Local\Temp\ccfqlKUb.s 			page 26


 1422 0000 3D010000 		.section	.debug_str,"MS",%progbits,1
 1422      02003701 
 1422      00000201 
 1422      FB0E0D00 
 1422      01010101 
 1423              	.LASF9:
 1424 0000 5F5F7569 		.ascii	"__uint8_t\000"
 1424      6E74385F 
 1424      7400
 1425              	.LASF16:
 1426 000a 63795F6D 		.ascii	"cy_metadata\000"
 1426      65746164 
 1426      61746100 
 1427              	.LASF1:
 1428 0016 756E7369 		.ascii	"unsigned char\000"
 1428      676E6564 
 1428      20636861 
 1428      7200
 1429              	.LASF17:
 1430 0024 474E5520 		.ascii	"GNU C11 5.4.1 20160609 (release) [ARM/embedded-5-br"
 1430      43313120 
 1430      352E342E 
 1430      31203230 
 1430      31363036 
 1431 0057 616E6368 		.ascii	"anch revision 237715] -mcpu=cortex-m3 -mthumb -g -O"
 1431      20726576 
 1431      6973696F 
 1431      6E203233 
 1431      37373135 
 1432 008a 67202D66 		.ascii	"g -ffunction-sections -ffat-lto-objects\000"
 1432      66756E63 
 1432      74696F6E 
 1432      2D736563 
 1432      74696F6E 
 1433              	.LASF5:
 1434 00b2 6C6F6E67 		.ascii	"long unsigned int\000"
 1434      20756E73 
 1434      69676E65 
 1434      6420696E 
 1434      7400
 1435              	.LASF3:
 1436 00c4 73686F72 		.ascii	"short unsigned int\000"
 1436      7420756E 
 1436      7369676E 
 1436      65642069 
 1436      6E7400
 1437              	.LASF19:
 1438 00d7 433A5C5A 		.ascii	"C:\\Z80-Debug-Board\\PSoC_Program\\PSoC_Z80_Toolbox"
 1438      38302D44 
 1438      65627567 
 1438      2D426F61 
 1438      72645C50 
 1439 0107 5C524F4D 		.ascii	"\\ROM_in_PSoC.cydsn\000"
 1439      5F696E5F 
 1439      50536F43 
 1439      2E637964 
 1439      736E00
ARM GAS  C:\Users\nicoz\AppData\Local\Temp\ccfqlKUb.s 			page 27


 1440              	.LASF13:
 1441 011a 63795F6D 		.ascii	"cy_meta_custnvl\000"
 1441      6574615F 
 1441      63757374 
 1441      6E766C00 
 1442              	.LASF12:
 1443 012a 63795F6D 		.ascii	"cy_meta_configecc\000"
 1443      6574615F 
 1443      636F6E66 
 1443      69676563 
 1443      6300
 1444              	.LASF8:
 1445 013c 756E7369 		.ascii	"unsigned int\000"
 1445      676E6564 
 1445      20696E74 
 1445      00
 1446              	.LASF7:
 1447 0149 6C6F6E67 		.ascii	"long long unsigned int\000"
 1447      206C6F6E 
 1447      6720756E 
 1447      7369676E 
 1447      65642069 
 1448              	.LASF10:
 1449 0160 75696E74 		.ascii	"uint8_t\000"
 1449      385F7400 
 1450              	.LASF15:
 1451 0168 63795F6D 		.ascii	"cy_meta_flashprotect\000"
 1451      6574615F 
 1451      666C6173 
 1451      6870726F 
 1451      74656374 
 1452              	.LASF14:
 1453 017d 63795F6D 		.ascii	"cy_meta_wonvl\000"
 1453      6574615F 
 1453      776F6E76 
 1453      6C00
 1454              	.LASF11:
 1455 018b 73697A65 		.ascii	"sizetype\000"
 1455      74797065 
 1455      00
 1456              	.LASF6:
 1457 0194 6C6F6E67 		.ascii	"long long int\000"
 1457      206C6F6E 
 1457      6720696E 
 1457      7400
 1458              	.LASF2:
 1459 01a2 73686F72 		.ascii	"short int\000"
 1459      7420696E 
 1459      7400
 1460              	.LASF4:
 1461 01ac 6C6F6E67 		.ascii	"long int\000"
 1461      20696E74 
 1461      00
 1462              	.LASF0:
 1463 01b5 7369676E 		.ascii	"signed char\000"
 1463      65642063 
 1463      68617200 
ARM GAS  C:\Users\nicoz\AppData\Local\Temp\ccfqlKUb.s 			page 28


 1464              	.LASF18:
 1465 01c1 47656E65 		.ascii	"Generated_Source\\PSoC5\\cymetadata.c\000"
 1465      72617465 
 1465      645F536F 
 1465      75726365 
 1465      5C50536F 
 1466              		.ident	"GCC: (GNU Tools for ARM Embedded Processors) 5.4.1 20160609 (release) [ARM/embedded-5-bran
