ARM GAS  C:\Users\nicoz\AppData\Local\Temp\cc7xLMFQ.s 			page 1


   1              		.syntax unified
   2              		.cpu cortex-m3
   3              		.fpu softvfp
   4              		.eabi_attribute 20, 1
   5              		.eabi_attribute 21, 1
   6              		.eabi_attribute 23, 3
   7              		.eabi_attribute 24, 1
   8              		.eabi_attribute 25, 1
   9              		.eabi_attribute 26, 1
  10              		.eabi_attribute 30, 1
  11              		.eabi_attribute 34, 1
  12              		.eabi_attribute 18, 4
  13              		.thumb
  14              		.syntax unified
  15              		.file	"main.c"
  16              		.text
  17              	.Ltext0:
  18              		.cfi_sections	.debug_frame
  19              		.section	.text.PUSH_ROM,"ax",%progbits
  20              		.align	2
  21              		.global	PUSH_ROM
  22              		.thumb
  23              		.thumb_func
  24              		.type	PUSH_ROM, %function
  25              	PUSH_ROM:
  26              	.LFB64:
  27              		.file 1 "main.c"
   1:main.c        **** /* ========================================
   2:main.c        ****  *
   3:main.c        ****  * Copyright YOUR COMPANY, THE YEAR
   4:main.c        ****  * All Rights Reserved
   5:main.c        ****  * UNPUBLISHED, LICENSED SOFTWARE.
   6:main.c        ****  *
   7:main.c        ****  * CONFIDENTIAL AND PROPRIETARY INFORMATION
   8:main.c        ****  * WHICH IS THE PROPERTY OF your company.
   9:main.c        ****  *
  10:main.c        ****  * ========================================
  11:main.c        **** */
  12:main.c        **** #include "project.h"
  13:main.c        **** #include <stdio.h>
  14:main.c        **** 
  15:main.c        **** #define SIZE 256
  16:main.c        **** volatile uint8_t memory[SIZE];
  17:main.c        **** 
  18:main.c        **** char out[] = {};
  19:main.c        **** uint8_t data, addr;
  20:main.c        **** 
  21:main.c        **** CY_ISR(PUSH_ROM){
  28              		.loc 1 21 0
  29              		.cfi_startproc
  30              		@ args = 0, pretend = 0, frame = 0
  31              		@ frame_needed = 0, uses_anonymous_args = 0
  32 0000 08B5     		push	{r3, lr}
  33              		.cfi_def_cfa_offset 8
  34              		.cfi_offset 3, -8
  35              		.cfi_offset 14, -4
  22:main.c        ****     
ARM GAS  C:\Users\nicoz\AppData\Local\Temp\cc7xLMFQ.s 			page 2


  23:main.c        ****     // push the Data corresponding to the Addr onto the Data-Bus
  24:main.c        ****     Data_Write( memory[Addr_LSB_Read()] );
  36              		.loc 1 24 0
  37 0002 FFF7FEFF 		bl	Addr_LSB_Read
  38              	.LVL0:
  39 0006 024B     		ldr	r3, .L3
  40 0008 185C     		ldrb	r0, [r3, r0]	@ zero_extendqisi2
  41 000a FFF7FEFF 		bl	Data_Write
  42              	.LVL1:
  43 000e 08BD     		pop	{r3, pc}
  44              	.L4:
  45              		.align	2
  46              	.L3:
  47 0010 00000000 		.word	memory
  48              		.cfi_endproc
  49              	.LFE64:
  50              		.size	PUSH_ROM, .-PUSH_ROM
  51              		.section	.text.memory_Init,"ax",%progbits
  52              		.align	2
  53              		.global	memory_Init
  54              		.thumb
  55              		.thumb_func
  56              		.type	memory_Init, %function
  57              	memory_Init:
  58              	.LFB65:
  25:main.c        **** 
  26:main.c        **** }
  27:main.c        **** 
  28:main.c        **** void memory_Init(){
  59              		.loc 1 28 0
  60              		.cfi_startproc
  61              		@ args = 0, pretend = 0, frame = 0
  62              		@ frame_needed = 0, uses_anonymous_args = 0
  63 0000 10B5     		push	{r4, lr}
  64              		.cfi_def_cfa_offset 8
  65              		.cfi_offset 4, -8
  66              		.cfi_offset 14, -4
  67              	.LVL2:
  68              	.LBB2:
  29:main.c        **** 
  30:main.c        ****     for( uint32_t i=0; i < SIZE; i++){
  69              		.loc 1 30 0
  70 0002 0024     		movs	r4, #0
  71 0004 06E0     		b	.L6
  72              	.LVL3:
  73              	.L7:
  31:main.c        ****         
  32:main.c        ****         memory[i] = 0;
  74              		.loc 1 32 0 discriminator 3
  75 0006 064B     		ldr	r3, .L9
  76 0008 0022     		movs	r2, #0
  77 000a 1A55     		strb	r2, [r3, r4]
  33:main.c        ****         
  34:main.c        ****         //Test Code
  35:main.c        ****         UART_PutChar(memory[i]);
  78              		.loc 1 35 0 discriminator 3
  79 000c 185D     		ldrb	r0, [r3, r4]	@ zero_extendqisi2
ARM GAS  C:\Users\nicoz\AppData\Local\Temp\cc7xLMFQ.s 			page 3


  80 000e FFF7FEFF 		bl	UART_PutChar
  81              	.LVL4:
  30:main.c        ****         
  82              		.loc 1 30 0 discriminator 3
  83 0012 0134     		adds	r4, r4, #1
  84              	.LVL5:
  85              	.L6:
  30:main.c        ****         
  86              		.loc 1 30 0 is_stmt 0 discriminator 1
  87 0014 FF2C     		cmp	r4, #255
  88 0016 F6D9     		bls	.L7
  89              	.LBE2:
  36:main.c        ****         
  37:main.c        ****     }
  38:main.c        ****     UART_PutChar('\n');
  90              		.loc 1 38 0 is_stmt 1
  91 0018 0A20     		movs	r0, #10
  92 001a FFF7FEFF 		bl	UART_PutChar
  93              	.LVL6:
  94 001e 10BD     		pop	{r4, pc}
  95              	.LVL7:
  96              	.L10:
  97              		.align	2
  98              	.L9:
  99 0020 00000000 		.word	memory
 100              		.cfi_endproc
 101              	.LFE65:
 102              		.size	memory_Init, .-memory_Init
 103              		.section	.text.main,"ax",%progbits
 104              		.align	2
 105              		.global	main
 106              		.thumb
 107              		.thumb_func
 108              		.type	main, %function
 109              	main:
 110              	.LFB66:
  39:main.c        **** }
  40:main.c        **** 
  41:main.c        **** int main(void)
  42:main.c        **** {
 111              		.loc 1 42 0
 112              		.cfi_startproc
 113              		@ Volatile: function does not return.
 114              		@ args = 0, pretend = 0, frame = 0
 115              		@ frame_needed = 0, uses_anonymous_args = 0
 116 0000 08B5     		push	{r3, lr}
 117              		.cfi_def_cfa_offset 8
 118              		.cfi_offset 3, -8
 119              		.cfi_offset 14, -4
  43:main.c        ****     UART_Start();
 120              		.loc 1 43 0
 121 0002 FFF7FEFF 		bl	UART_Start
 122              	.LVL8:
  44:main.c        ****     
  45:main.c        ****     //write memory full of NOPs
  46:main.c        ****     memory_Init();
 123              		.loc 1 46 0
ARM GAS  C:\Users\nicoz\AppData\Local\Temp\cc7xLMFQ.s 			page 4


 124 0006 FFF7FEFF 		bl	memory_Init
 125              	.LVL9:
  47:main.c        ****     
  48:main.c        ****     UART_PutString("***Test Output for simulation ROM with PSoC5***\n");
 126              		.loc 1 48 0
 127 000a 1348     		ldr	r0, .L16
 128 000c FFF7FEFF 		bl	UART_PutString
 129              	.LVL10:
  49:main.c        ****     UART_PutString(" Addr | Data ");
 130              		.loc 1 49 0
 131 0010 1248     		ldr	r0, .L16+4
 132 0012 FFF7FEFF 		bl	UART_PutString
 133              	.LVL11:
  50:main.c        ****     
  51:main.c        ****     ROM_Access_StartEx(PUSH_ROM);
 134              		.loc 1 51 0
 135 0016 1248     		ldr	r0, .L16+8
 136 0018 FFF7FEFF 		bl	ROM_Access_StartEx
 137              	.LVL12:
  52:main.c        ****     ROM_Access_ClearPending();
 138              		.loc 1 52 0
 139 001c FFF7FEFF 		bl	ROM_Access_ClearPending
 140              	.LVL13:
  53:main.c        ****     
  54:main.c        ****     CyGlobalIntEnable; /* Enable global interrupts. */
 141              		.loc 1 54 0
 142              		.syntax unified
 143              	@ 54 "main.c" 1
 144 0020 62B6     		CPSIE   i
 145              	@ 0 "" 2
 146              		.thumb
 147              		.syntax unified
 148              	.L12:
  55:main.c        **** 
  56:main.c        ****     /* Place your initialization/startup code here (e.g. MyInst_Start()) */
  57:main.c        **** 
  58:main.c        ****     for(;;)
  59:main.c        ****     {
  60:main.c        ****         //trigger at every new clock cycle
  61:main.c        ****         if(Clock_out_Read()){
 149              		.loc 1 61 0
 150 0022 FFF7FEFF 		bl	Clock_out_Read
 151              	.LVL14:
 152 0026 0028     		cmp	r0, #0
 153 0028 FBD0     		beq	.L12
  62:main.c        ****             
  63:main.c        ****             data = Data_Read();
 154              		.loc 1 63 0
 155 002a FFF7FEFF 		bl	Data_Read
 156              	.LVL15:
 157 002e 0D4D     		ldr	r5, .L16+12
 158 0030 2870     		strb	r0, [r5]
  64:main.c        ****             addr = Addr_LSB_Read();
 159              		.loc 1 64 0
 160 0032 FFF7FEFF 		bl	Addr_LSB_Read
 161              	.LVL16:
 162 0036 0246     		mov	r2, r0
ARM GAS  C:\Users\nicoz\AppData\Local\Temp\cc7xLMFQ.s 			page 5


 163 0038 0B4B     		ldr	r3, .L16+16
 164 003a 1870     		strb	r0, [r3]
  65:main.c        ****             
  66:main.c        ****             sprintf(out, "\n  %2x  |  %2x  ", addr, data);
 165              		.loc 1 66 0
 166 003c 0B4C     		ldr	r4, .L16+20
 167 003e 2B78     		ldrb	r3, [r5]	@ zero_extendqisi2
 168 0040 0B49     		ldr	r1, .L16+24
 169 0042 2046     		mov	r0, r4
 170 0044 FFF7FEFF 		bl	sprintf
 171              	.LVL17:
  67:main.c        ****             //send the table entry to the PC
  68:main.c        ****             UART_PutString(out);            
 172              		.loc 1 68 0
 173 0048 2046     		mov	r0, r4
 174 004a FFF7FEFF 		bl	UART_PutString
 175              	.LVL18:
 176              	.L13:
  69:main.c        ****             
  70:main.c        ****             //wait for the clock to go low again
  71:main.c        ****             while(Clock_out_Read());
 177              		.loc 1 71 0 discriminator 1
 178 004e FFF7FEFF 		bl	Clock_out_Read
 179              	.LVL19:
 180 0052 0028     		cmp	r0, #0
 181 0054 FBD1     		bne	.L13
 182 0056 E4E7     		b	.L12
 183              	.L17:
 184              		.align	2
 185              	.L16:
 186 0058 00000000 		.word	.LC0
 187 005c 34000000 		.word	.LC1
 188 0060 00000000 		.word	PUSH_ROM
 189 0064 00000000 		.word	data
 190 0068 00000000 		.word	addr
 191 006c 00000000 		.word	.LANCHOR0
 192 0070 44000000 		.word	.LC2
 193              		.cfi_endproc
 194              	.LFE66:
 195              		.size	main, .-main
 196              		.comm	addr,1,1
 197              		.comm	data,1,1
 198              		.global	out
 199              		.comm	memory,256,4
 200              		.section	.rodata.str1.4,"aMS",%progbits,1
 201              		.align	2
 202              	.LC0:
 203 0000 2A2A2A54 		.ascii	"***Test Output for simulation ROM with PSoC5***\012"
 203      65737420 
 203      4F757470 
 203      75742066 
 203      6F722073 
 204 0030 00       		.ascii	"\000"
 205 0031 000000   		.space	3
 206              	.LC1:
 207 0034 20416464 		.ascii	" Addr | Data \000"
 207      72207C20 
ARM GAS  C:\Users\nicoz\AppData\Local\Temp\cc7xLMFQ.s 			page 6


 207      44617461 
 207      2000
 208 0042 0000     		.space	2
 209              	.LC2:
 210 0044 0A202025 		.ascii	"\012  %2x  |  %2x  \000"
 210      32782020 
 210      7C202025 
 210      32782020 
 210      00
 211              		.bss
 212              		.align	2
 213              		.set	.LANCHOR0,. + 0
 214              		.type	out, %object
 215              		.size	out, 0
 216              	out:
 217              		.text
 218              	.Letext0:
 219              		.file 2 "c:\\program files (x86)\\cypress\\psoc creator\\4.4\\psoc creator\\import\\gnu\\arm\\5.4.
 220              		.file 3 "c:\\program files (x86)\\cypress\\psoc creator\\4.4\\psoc creator\\import\\gnu\\arm\\5.4.
 221              		.file 4 "Generated_Source\\PSoC5/core_cm3.h"
 222              		.file 5 "Generated_Source\\PSoC5/Addr_LSB.h"
 223              		.file 6 "Generated_Source\\PSoC5/Data.h"
 224              		.file 7 "Generated_Source\\PSoC5/UART.h"
 225              		.file 8 "Generated_Source\\PSoC5/ROM_Access.h"
 226              		.file 9 "Generated_Source\\PSoC5/Clock_out.h"
 227              		.file 10 "c:\\program files (x86)\\cypress\\psoc creator\\4.4\\psoc creator\\import\\gnu\\arm\\5.4
 228              		.section	.debug_info,"",%progbits
 229              	.Ldebug_info0:
 230 0000 01030000 		.4byte	0x301
 231 0004 0400     		.2byte	0x4
 232 0006 00000000 		.4byte	.Ldebug_abbrev0
 233 000a 04       		.byte	0x4
 234 000b 01       		.uleb128 0x1
 235 000c 65000000 		.4byte	.LASF35
 236 0010 0C       		.byte	0xc
 237 0011 20020000 		.4byte	.LASF36
 238 0015 37010000 		.4byte	.LASF37
 239 0019 00000000 		.4byte	.Ldebug_ranges0+0
 240 001d 00000000 		.4byte	0
 241 0021 00000000 		.4byte	.Ldebug_line0
 242 0025 02       		.uleb128 0x2
 243 0026 01       		.byte	0x1
 244 0027 06       		.byte	0x6
 245 0028 54020000 		.4byte	.LASF0
 246 002c 03       		.uleb128 0x3
 247 002d 00000000 		.4byte	.LASF4
 248 0031 02       		.byte	0x2
 249 0032 1D       		.byte	0x1d
 250 0033 37000000 		.4byte	0x37
 251 0037 02       		.uleb128 0x2
 252 0038 01       		.byte	0x1
 253 0039 08       		.byte	0x8
 254 003a 57000000 		.4byte	.LASF1
 255 003e 02       		.uleb128 0x2
 256 003f 02       		.byte	0x2
 257 0040 05       		.byte	0x5
 258 0041 2C020000 		.4byte	.LASF2
ARM GAS  C:\Users\nicoz\AppData\Local\Temp\cc7xLMFQ.s 			page 7


 259 0045 02       		.uleb128 0x2
 260 0046 02       		.byte	0x2
 261 0047 07       		.byte	0x7
 262 0048 14000000 		.4byte	.LASF3
 263 004c 03       		.uleb128 0x3
 264 004d 0A000000 		.4byte	.LASF5
 265 0051 02       		.byte	0x2
 266 0052 3F       		.byte	0x3f
 267 0053 57000000 		.4byte	0x57
 268 0057 02       		.uleb128 0x2
 269 0058 04       		.byte	0x4
 270 0059 05       		.byte	0x5
 271 005a 3F020000 		.4byte	.LASF6
 272 005e 03       		.uleb128 0x3
 273 005f 7A010000 		.4byte	.LASF7
 274 0063 02       		.byte	0x2
 275 0064 41       		.byte	0x41
 276 0065 69000000 		.4byte	0x69
 277 0069 02       		.uleb128 0x2
 278 006a 04       		.byte	0x4
 279 006b 07       		.byte	0x7
 280 006c F3000000 		.4byte	.LASF8
 281 0070 02       		.uleb128 0x2
 282 0071 08       		.byte	0x8
 283 0072 05       		.byte	0x5
 284 0073 09020000 		.4byte	.LASF9
 285 0077 02       		.uleb128 0x2
 286 0078 08       		.byte	0x8
 287 0079 07       		.byte	0x7
 288 007a AA010000 		.4byte	.LASF10
 289 007e 04       		.uleb128 0x4
 290 007f 04       		.byte	0x4
 291 0080 05       		.byte	0x5
 292 0081 696E7400 		.ascii	"int\000"
 293 0085 02       		.uleb128 0x2
 294 0086 04       		.byte	0x4
 295 0087 07       		.byte	0x7
 296 0088 9D010000 		.4byte	.LASF11
 297 008c 03       		.uleb128 0x3
 298 008d C1010000 		.4byte	.LASF12
 299 0091 03       		.byte	0x3
 300 0092 18       		.byte	0x18
 301 0093 2C000000 		.4byte	0x2c
 302 0097 03       		.uleb128 0x3
 303 0098 DC010000 		.4byte	.LASF13
 304 009c 03       		.byte	0x3
 305 009d 2C       		.byte	0x2c
 306 009e 4C000000 		.4byte	0x4c
 307 00a2 03       		.uleb128 0x3
 308 00a3 36020000 		.4byte	.LASF14
 309 00a7 03       		.byte	0x3
 310 00a8 30       		.byte	0x30
 311 00a9 5E000000 		.4byte	0x5e
 312 00ad 02       		.uleb128 0x2
 313 00ae 04       		.byte	0x4
 314 00af 04       		.byte	0x4
 315 00b0 4C000000 		.4byte	.LASF15
ARM GAS  C:\Users\nicoz\AppData\Local\Temp\cc7xLMFQ.s 			page 8


 316 00b4 02       		.uleb128 0x2
 317 00b5 08       		.byte	0x8
 318 00b6 04       		.byte	0x4
 319 00b7 22010000 		.4byte	.LASF16
 320 00bb 02       		.uleb128 0x2
 321 00bc 01       		.byte	0x1
 322 00bd 08       		.byte	0x8
 323 00be 27020000 		.4byte	.LASF17
 324 00c2 02       		.uleb128 0x2
 325 00c3 08       		.byte	0x8
 326 00c4 04       		.byte	0x4
 327 00c5 48020000 		.4byte	.LASF18
 328 00c9 02       		.uleb128 0x2
 329 00ca 04       		.byte	0x4
 330 00cb 07       		.byte	0x7
 331 00cc 17020000 		.4byte	.LASF19
 332 00d0 05       		.uleb128 0x5
 333 00d1 8C000000 		.4byte	0x8c
 334 00d5 06       		.uleb128 0x6
 335 00d6 D3010000 		.4byte	.LASF38
 336 00da 01       		.byte	0x1
 337 00db 15       		.byte	0x15
 338 00dc 00000000 		.4byte	.LFB64
 339 00e0 14000000 		.4byte	.LFE64-.LFB64
 340 00e4 01       		.uleb128 0x1
 341 00e5 9C       		.byte	0x9c
 342 00e6 FD000000 		.4byte	0xfd
 343 00ea 07       		.uleb128 0x7
 344 00eb 06000000 		.4byte	.LVL0
 345 00ef 96020000 		.4byte	0x296
 346 00f3 07       		.uleb128 0x7
 347 00f4 0E000000 		.4byte	.LVL1
 348 00f8 A1020000 		.4byte	0x2a1
 349 00fc 00       		.byte	0
 350 00fd 08       		.uleb128 0x8
 351 00fe 36000000 		.4byte	.LASF39
 352 0102 01       		.byte	0x1
 353 0103 1C       		.byte	0x1c
 354 0104 00000000 		.4byte	.LFB65
 355 0108 24000000 		.4byte	.LFE65-.LFB65
 356 010c 01       		.uleb128 0x1
 357 010d 9C       		.byte	0x9c
 358 010e 46010000 		.4byte	0x146
 359 0112 09       		.uleb128 0x9
 360 0113 02000000 		.4byte	.LBB2
 361 0117 16000000 		.4byte	.LBE2-.LBB2
 362 011b 36010000 		.4byte	0x136
 363 011f 0A       		.uleb128 0xa
 364 0120 6900     		.ascii	"i\000"
 365 0122 01       		.byte	0x1
 366 0123 1E       		.byte	0x1e
 367 0124 A2000000 		.4byte	0xa2
 368 0128 00000000 		.4byte	.LLST0
 369 012c 07       		.uleb128 0x7
 370 012d 12000000 		.4byte	.LVL4
 371 0131 AC020000 		.4byte	0x2ac
 372 0135 00       		.byte	0
ARM GAS  C:\Users\nicoz\AppData\Local\Temp\cc7xLMFQ.s 			page 9


 373 0136 0B       		.uleb128 0xb
 374 0137 1E000000 		.4byte	.LVL6
 375 013b AC020000 		.4byte	0x2ac
 376 013f 0C       		.uleb128 0xc
 377 0140 01       		.uleb128 0x1
 378 0141 50       		.byte	0x50
 379 0142 01       		.uleb128 0x1
 380 0143 3A       		.byte	0x3a
 381 0144 00       		.byte	0
 382 0145 00       		.byte	0
 383 0146 0D       		.uleb128 0xd
 384 0147 98010000 		.4byte	.LASF40
 385 014b 01       		.byte	0x1
 386 014c 29       		.byte	0x29
 387 014d 7E000000 		.4byte	0x7e
 388 0151 00000000 		.4byte	.LFB66
 389 0155 74000000 		.4byte	.LFE66-.LFB66
 390 0159 01       		.uleb128 0x1
 391 015a 9C       		.byte	0x9c
 392 015b 15020000 		.4byte	0x215
 393 015f 07       		.uleb128 0x7
 394 0160 06000000 		.4byte	.LVL8
 395 0164 B7020000 		.4byte	0x2b7
 396 0168 07       		.uleb128 0x7
 397 0169 0A000000 		.4byte	.LVL9
 398 016d FD000000 		.4byte	0xfd
 399 0171 0E       		.uleb128 0xe
 400 0172 10000000 		.4byte	.LVL10
 401 0176 C2020000 		.4byte	0x2c2
 402 017a 88010000 		.4byte	0x188
 403 017e 0C       		.uleb128 0xc
 404 017f 01       		.uleb128 0x1
 405 0180 50       		.byte	0x50
 406 0181 05       		.uleb128 0x5
 407 0182 03       		.byte	0x3
 408 0183 00000000 		.4byte	.LC0
 409 0187 00       		.byte	0
 410 0188 0E       		.uleb128 0xe
 411 0189 16000000 		.4byte	.LVL11
 412 018d C2020000 		.4byte	0x2c2
 413 0191 9F010000 		.4byte	0x19f
 414 0195 0C       		.uleb128 0xc
 415 0196 01       		.uleb128 0x1
 416 0197 50       		.byte	0x50
 417 0198 05       		.uleb128 0x5
 418 0199 03       		.byte	0x3
 419 019a 34000000 		.4byte	.LC1
 420 019e 00       		.byte	0
 421 019f 0E       		.uleb128 0xe
 422 01a0 1C000000 		.4byte	.LVL12
 423 01a4 CD020000 		.4byte	0x2cd
 424 01a8 B6010000 		.4byte	0x1b6
 425 01ac 0C       		.uleb128 0xc
 426 01ad 01       		.uleb128 0x1
 427 01ae 50       		.byte	0x50
 428 01af 05       		.uleb128 0x5
 429 01b0 03       		.byte	0x3
ARM GAS  C:\Users\nicoz\AppData\Local\Temp\cc7xLMFQ.s 			page 10


 430 01b1 00000000 		.4byte	PUSH_ROM
 431 01b5 00       		.byte	0
 432 01b6 07       		.uleb128 0x7
 433 01b7 20000000 		.4byte	.LVL13
 434 01bb D8020000 		.4byte	0x2d8
 435 01bf 07       		.uleb128 0x7
 436 01c0 26000000 		.4byte	.LVL14
 437 01c4 E3020000 		.4byte	0x2e3
 438 01c8 07       		.uleb128 0x7
 439 01c9 2E000000 		.4byte	.LVL15
 440 01cd EE020000 		.4byte	0x2ee
 441 01d1 07       		.uleb128 0x7
 442 01d2 36000000 		.4byte	.LVL16
 443 01d6 96020000 		.4byte	0x296
 444 01da 0E       		.uleb128 0xe
 445 01db 48000000 		.4byte	.LVL17
 446 01df F9020000 		.4byte	0x2f9
 447 01e3 F7010000 		.4byte	0x1f7
 448 01e7 0C       		.uleb128 0xc
 449 01e8 01       		.uleb128 0x1
 450 01e9 50       		.byte	0x50
 451 01ea 02       		.uleb128 0x2
 452 01eb 74       		.byte	0x74
 453 01ec 00       		.sleb128 0
 454 01ed 0C       		.uleb128 0xc
 455 01ee 01       		.uleb128 0x1
 456 01ef 51       		.byte	0x51
 457 01f0 05       		.uleb128 0x5
 458 01f1 03       		.byte	0x3
 459 01f2 44000000 		.4byte	.LC2
 460 01f6 00       		.byte	0
 461 01f7 0E       		.uleb128 0xe
 462 01f8 4E000000 		.4byte	.LVL18
 463 01fc C2020000 		.4byte	0x2c2
 464 0200 0B020000 		.4byte	0x20b
 465 0204 0C       		.uleb128 0xc
 466 0205 01       		.uleb128 0x1
 467 0206 50       		.byte	0x50
 468 0207 02       		.uleb128 0x2
 469 0208 74       		.byte	0x74
 470 0209 00       		.sleb128 0
 471 020a 00       		.byte	0
 472 020b 07       		.uleb128 0x7
 473 020c 52000000 		.4byte	.LVL19
 474 0210 E3020000 		.4byte	0x2e3
 475 0214 00       		.byte	0
 476 0215 0F       		.uleb128 0xf
 477 0216 15010000 		.4byte	.LASF20
 478 021a 04       		.byte	0x4
 479 021b 1207     		.2byte	0x712
 480 021d 21020000 		.4byte	0x221
 481 0221 05       		.uleb128 0x5
 482 0222 97000000 		.4byte	0x97
 483 0226 10       		.uleb128 0x10
 484 0227 D0000000 		.4byte	0xd0
 485 022b 36020000 		.4byte	0x236
 486 022f 11       		.uleb128 0x11
ARM GAS  C:\Users\nicoz\AppData\Local\Temp\cc7xLMFQ.s 			page 11


 487 0230 C9000000 		.4byte	0xc9
 488 0234 FF       		.byte	0xff
 489 0235 00       		.byte	0
 490 0236 12       		.uleb128 0x12
 491 0237 6F020000 		.4byte	.LASF21
 492 023b 01       		.byte	0x1
 493 023c 10       		.byte	0x10
 494 023d 47020000 		.4byte	0x247
 495 0241 05       		.uleb128 0x5
 496 0242 03       		.byte	0x3
 497 0243 00000000 		.4byte	memory
 498 0247 05       		.uleb128 0x5
 499 0248 26020000 		.4byte	0x226
 500 024c 10       		.uleb128 0x10
 501 024d BB000000 		.4byte	0xbb
 502 0251 5C020000 		.4byte	0x25c
 503 0255 13       		.uleb128 0x13
 504 0256 5C020000 		.4byte	0x25c
 505 025a 7F       		.sleb128 -1
 506 025b 00       		.byte	0
 507 025c 02       		.uleb128 0x2
 508 025d 04       		.byte	0x4
 509 025e 05       		.byte	0x5
 510 025f C9010000 		.4byte	.LASF22
 511 0263 14       		.uleb128 0x14
 512 0264 6F757400 		.ascii	"out\000"
 513 0268 01       		.byte	0x1
 514 0269 12       		.byte	0x12
 515 026a 4C020000 		.4byte	0x24c
 516 026e 05       		.uleb128 0x5
 517 026f 03       		.byte	0x3
 518 0270 00000000 		.4byte	out
 519 0274 12       		.uleb128 0x12
 520 0275 52000000 		.4byte	.LASF23
 521 0279 01       		.byte	0x1
 522 027a 13       		.byte	0x13
 523 027b 8C000000 		.4byte	0x8c
 524 027f 05       		.uleb128 0x5
 525 0280 03       		.byte	0x3
 526 0281 00000000 		.4byte	data
 527 0285 12       		.uleb128 0x12
 528 0286 05010000 		.4byte	.LASF24
 529 028a 01       		.byte	0x1
 530 028b 13       		.byte	0x13
 531 028c 8C000000 		.4byte	0x8c
 532 0290 05       		.uleb128 0x5
 533 0291 03       		.byte	0x3
 534 0292 00000000 		.4byte	addr
 535 0296 15       		.uleb128 0x15
 536 0297 29010000 		.4byte	.LASF25
 537 029b 29010000 		.4byte	.LASF25
 538 029f 05       		.byte	0x5
 539 02a0 29       		.byte	0x29
 540 02a1 15       		.uleb128 0x15
 541 02a2 0A010000 		.4byte	.LASF26
 542 02a6 0A010000 		.4byte	.LASF26
 543 02aa 06       		.byte	0x6
ARM GAS  C:\Users\nicoz\AppData\Local\Temp\cc7xLMFQ.s 			page 12


 544 02ab 26       		.byte	0x26
 545 02ac 15       		.uleb128 0x15
 546 02ad E4010000 		.4byte	.LASF27
 547 02b1 E4010000 		.4byte	.LASF27
 548 02b5 07       		.byte	0x7
 549 02b6 8A       		.byte	0x8a
 550 02b7 15       		.uleb128 0x15
 551 02b8 7E020000 		.4byte	.LASF28
 552 02bc 7E020000 		.4byte	.LASF28
 553 02c0 07       		.byte	0x7
 554 02c1 54       		.byte	0x54
 555 02c2 15       		.uleb128 0x15
 556 02c3 60020000 		.4byte	.LASF29
 557 02c7 60020000 		.4byte	.LASF29
 558 02cb 07       		.byte	0x7
 559 02cc 8B       		.byte	0x8b
 560 02cd 15       		.uleb128 0x15
 561 02ce 85010000 		.4byte	.LASF30
 562 02d2 85010000 		.4byte	.LASF30
 563 02d6 08       		.byte	0x8
 564 02d7 18       		.byte	0x18
 565 02d8 15       		.uleb128 0x15
 566 02d9 F1010000 		.4byte	.LASF31
 567 02dd F1010000 		.4byte	.LASF31
 568 02e1 08       		.byte	0x8
 569 02e2 28       		.byte	0x28
 570 02e3 15       		.uleb128 0x15
 571 02e4 27000000 		.4byte	.LASF32
 572 02e8 27000000 		.4byte	.LASF32
 573 02ec 09       		.byte	0x9
 574 02ed 29       		.byte	0x29
 575 02ee 15       		.uleb128 0x15
 576 02ef 42000000 		.4byte	.LASF33
 577 02f3 42000000 		.4byte	.LASF33
 578 02f7 06       		.byte	0x6
 579 02f8 29       		.byte	0x29
 580 02f9 15       		.uleb128 0x15
 581 02fa 76020000 		.4byte	.LASF34
 582 02fe 76020000 		.4byte	.LASF34
 583 0302 0A       		.byte	0xa
 584 0303 E7       		.byte	0xe7
 585 0304 00       		.byte	0
 586              		.section	.debug_abbrev,"",%progbits
 587              	.Ldebug_abbrev0:
 588 0000 01       		.uleb128 0x1
 589 0001 11       		.uleb128 0x11
 590 0002 01       		.byte	0x1
 591 0003 25       		.uleb128 0x25
 592 0004 0E       		.uleb128 0xe
 593 0005 13       		.uleb128 0x13
 594 0006 0B       		.uleb128 0xb
 595 0007 03       		.uleb128 0x3
 596 0008 0E       		.uleb128 0xe
 597 0009 1B       		.uleb128 0x1b
 598 000a 0E       		.uleb128 0xe
 599 000b 55       		.uleb128 0x55
 600 000c 17       		.uleb128 0x17
ARM GAS  C:\Users\nicoz\AppData\Local\Temp\cc7xLMFQ.s 			page 13


 601 000d 11       		.uleb128 0x11
 602 000e 01       		.uleb128 0x1
 603 000f 10       		.uleb128 0x10
 604 0010 17       		.uleb128 0x17
 605 0011 00       		.byte	0
 606 0012 00       		.byte	0
 607 0013 02       		.uleb128 0x2
 608 0014 24       		.uleb128 0x24
 609 0015 00       		.byte	0
 610 0016 0B       		.uleb128 0xb
 611 0017 0B       		.uleb128 0xb
 612 0018 3E       		.uleb128 0x3e
 613 0019 0B       		.uleb128 0xb
 614 001a 03       		.uleb128 0x3
 615 001b 0E       		.uleb128 0xe
 616 001c 00       		.byte	0
 617 001d 00       		.byte	0
 618 001e 03       		.uleb128 0x3
 619 001f 16       		.uleb128 0x16
 620 0020 00       		.byte	0
 621 0021 03       		.uleb128 0x3
 622 0022 0E       		.uleb128 0xe
 623 0023 3A       		.uleb128 0x3a
 624 0024 0B       		.uleb128 0xb
 625 0025 3B       		.uleb128 0x3b
 626 0026 0B       		.uleb128 0xb
 627 0027 49       		.uleb128 0x49
 628 0028 13       		.uleb128 0x13
 629 0029 00       		.byte	0
 630 002a 00       		.byte	0
 631 002b 04       		.uleb128 0x4
 632 002c 24       		.uleb128 0x24
 633 002d 00       		.byte	0
 634 002e 0B       		.uleb128 0xb
 635 002f 0B       		.uleb128 0xb
 636 0030 3E       		.uleb128 0x3e
 637 0031 0B       		.uleb128 0xb
 638 0032 03       		.uleb128 0x3
 639 0033 08       		.uleb128 0x8
 640 0034 00       		.byte	0
 641 0035 00       		.byte	0
 642 0036 05       		.uleb128 0x5
 643 0037 35       		.uleb128 0x35
 644 0038 00       		.byte	0
 645 0039 49       		.uleb128 0x49
 646 003a 13       		.uleb128 0x13
 647 003b 00       		.byte	0
 648 003c 00       		.byte	0
 649 003d 06       		.uleb128 0x6
 650 003e 2E       		.uleb128 0x2e
 651 003f 01       		.byte	0x1
 652 0040 3F       		.uleb128 0x3f
 653 0041 19       		.uleb128 0x19
 654 0042 03       		.uleb128 0x3
 655 0043 0E       		.uleb128 0xe
 656 0044 3A       		.uleb128 0x3a
 657 0045 0B       		.uleb128 0xb
ARM GAS  C:\Users\nicoz\AppData\Local\Temp\cc7xLMFQ.s 			page 14


 658 0046 3B       		.uleb128 0x3b
 659 0047 0B       		.uleb128 0xb
 660 0048 27       		.uleb128 0x27
 661 0049 19       		.uleb128 0x19
 662 004a 11       		.uleb128 0x11
 663 004b 01       		.uleb128 0x1
 664 004c 12       		.uleb128 0x12
 665 004d 06       		.uleb128 0x6
 666 004e 40       		.uleb128 0x40
 667 004f 18       		.uleb128 0x18
 668 0050 9742     		.uleb128 0x2117
 669 0052 19       		.uleb128 0x19
 670 0053 01       		.uleb128 0x1
 671 0054 13       		.uleb128 0x13
 672 0055 00       		.byte	0
 673 0056 00       		.byte	0
 674 0057 07       		.uleb128 0x7
 675 0058 898201   		.uleb128 0x4109
 676 005b 00       		.byte	0
 677 005c 11       		.uleb128 0x11
 678 005d 01       		.uleb128 0x1
 679 005e 31       		.uleb128 0x31
 680 005f 13       		.uleb128 0x13
 681 0060 00       		.byte	0
 682 0061 00       		.byte	0
 683 0062 08       		.uleb128 0x8
 684 0063 2E       		.uleb128 0x2e
 685 0064 01       		.byte	0x1
 686 0065 3F       		.uleb128 0x3f
 687 0066 19       		.uleb128 0x19
 688 0067 03       		.uleb128 0x3
 689 0068 0E       		.uleb128 0xe
 690 0069 3A       		.uleb128 0x3a
 691 006a 0B       		.uleb128 0xb
 692 006b 3B       		.uleb128 0x3b
 693 006c 0B       		.uleb128 0xb
 694 006d 11       		.uleb128 0x11
 695 006e 01       		.uleb128 0x1
 696 006f 12       		.uleb128 0x12
 697 0070 06       		.uleb128 0x6
 698 0071 40       		.uleb128 0x40
 699 0072 18       		.uleb128 0x18
 700 0073 9742     		.uleb128 0x2117
 701 0075 19       		.uleb128 0x19
 702 0076 01       		.uleb128 0x1
 703 0077 13       		.uleb128 0x13
 704 0078 00       		.byte	0
 705 0079 00       		.byte	0
 706 007a 09       		.uleb128 0x9
 707 007b 0B       		.uleb128 0xb
 708 007c 01       		.byte	0x1
 709 007d 11       		.uleb128 0x11
 710 007e 01       		.uleb128 0x1
 711 007f 12       		.uleb128 0x12
 712 0080 06       		.uleb128 0x6
 713 0081 01       		.uleb128 0x1
 714 0082 13       		.uleb128 0x13
ARM GAS  C:\Users\nicoz\AppData\Local\Temp\cc7xLMFQ.s 			page 15


 715 0083 00       		.byte	0
 716 0084 00       		.byte	0
 717 0085 0A       		.uleb128 0xa
 718 0086 34       		.uleb128 0x34
 719 0087 00       		.byte	0
 720 0088 03       		.uleb128 0x3
 721 0089 08       		.uleb128 0x8
 722 008a 3A       		.uleb128 0x3a
 723 008b 0B       		.uleb128 0xb
 724 008c 3B       		.uleb128 0x3b
 725 008d 0B       		.uleb128 0xb
 726 008e 49       		.uleb128 0x49
 727 008f 13       		.uleb128 0x13
 728 0090 02       		.uleb128 0x2
 729 0091 17       		.uleb128 0x17
 730 0092 00       		.byte	0
 731 0093 00       		.byte	0
 732 0094 0B       		.uleb128 0xb
 733 0095 898201   		.uleb128 0x4109
 734 0098 01       		.byte	0x1
 735 0099 11       		.uleb128 0x11
 736 009a 01       		.uleb128 0x1
 737 009b 31       		.uleb128 0x31
 738 009c 13       		.uleb128 0x13
 739 009d 00       		.byte	0
 740 009e 00       		.byte	0
 741 009f 0C       		.uleb128 0xc
 742 00a0 8A8201   		.uleb128 0x410a
 743 00a3 00       		.byte	0
 744 00a4 02       		.uleb128 0x2
 745 00a5 18       		.uleb128 0x18
 746 00a6 9142     		.uleb128 0x2111
 747 00a8 18       		.uleb128 0x18
 748 00a9 00       		.byte	0
 749 00aa 00       		.byte	0
 750 00ab 0D       		.uleb128 0xd
 751 00ac 2E       		.uleb128 0x2e
 752 00ad 01       		.byte	0x1
 753 00ae 3F       		.uleb128 0x3f
 754 00af 19       		.uleb128 0x19
 755 00b0 03       		.uleb128 0x3
 756 00b1 0E       		.uleb128 0xe
 757 00b2 3A       		.uleb128 0x3a
 758 00b3 0B       		.uleb128 0xb
 759 00b4 3B       		.uleb128 0x3b
 760 00b5 0B       		.uleb128 0xb
 761 00b6 27       		.uleb128 0x27
 762 00b7 19       		.uleb128 0x19
 763 00b8 49       		.uleb128 0x49
 764 00b9 13       		.uleb128 0x13
 765 00ba 8701     		.uleb128 0x87
 766 00bc 19       		.uleb128 0x19
 767 00bd 11       		.uleb128 0x11
 768 00be 01       		.uleb128 0x1
 769 00bf 12       		.uleb128 0x12
 770 00c0 06       		.uleb128 0x6
 771 00c1 40       		.uleb128 0x40
ARM GAS  C:\Users\nicoz\AppData\Local\Temp\cc7xLMFQ.s 			page 16


 772 00c2 18       		.uleb128 0x18
 773 00c3 9742     		.uleb128 0x2117
 774 00c5 19       		.uleb128 0x19
 775 00c6 01       		.uleb128 0x1
 776 00c7 13       		.uleb128 0x13
 777 00c8 00       		.byte	0
 778 00c9 00       		.byte	0
 779 00ca 0E       		.uleb128 0xe
 780 00cb 898201   		.uleb128 0x4109
 781 00ce 01       		.byte	0x1
 782 00cf 11       		.uleb128 0x11
 783 00d0 01       		.uleb128 0x1
 784 00d1 31       		.uleb128 0x31
 785 00d2 13       		.uleb128 0x13
 786 00d3 01       		.uleb128 0x1
 787 00d4 13       		.uleb128 0x13
 788 00d5 00       		.byte	0
 789 00d6 00       		.byte	0
 790 00d7 0F       		.uleb128 0xf
 791 00d8 34       		.uleb128 0x34
 792 00d9 00       		.byte	0
 793 00da 03       		.uleb128 0x3
 794 00db 0E       		.uleb128 0xe
 795 00dc 3A       		.uleb128 0x3a
 796 00dd 0B       		.uleb128 0xb
 797 00de 3B       		.uleb128 0x3b
 798 00df 05       		.uleb128 0x5
 799 00e0 49       		.uleb128 0x49
 800 00e1 13       		.uleb128 0x13
 801 00e2 3F       		.uleb128 0x3f
 802 00e3 19       		.uleb128 0x19
 803 00e4 3C       		.uleb128 0x3c
 804 00e5 19       		.uleb128 0x19
 805 00e6 00       		.byte	0
 806 00e7 00       		.byte	0
 807 00e8 10       		.uleb128 0x10
 808 00e9 01       		.uleb128 0x1
 809 00ea 01       		.byte	0x1
 810 00eb 49       		.uleb128 0x49
 811 00ec 13       		.uleb128 0x13
 812 00ed 01       		.uleb128 0x1
 813 00ee 13       		.uleb128 0x13
 814 00ef 00       		.byte	0
 815 00f0 00       		.byte	0
 816 00f1 11       		.uleb128 0x11
 817 00f2 21       		.uleb128 0x21
 818 00f3 00       		.byte	0
 819 00f4 49       		.uleb128 0x49
 820 00f5 13       		.uleb128 0x13
 821 00f6 2F       		.uleb128 0x2f
 822 00f7 0B       		.uleb128 0xb
 823 00f8 00       		.byte	0
 824 00f9 00       		.byte	0
 825 00fa 12       		.uleb128 0x12
 826 00fb 34       		.uleb128 0x34
 827 00fc 00       		.byte	0
 828 00fd 03       		.uleb128 0x3
ARM GAS  C:\Users\nicoz\AppData\Local\Temp\cc7xLMFQ.s 			page 17


 829 00fe 0E       		.uleb128 0xe
 830 00ff 3A       		.uleb128 0x3a
 831 0100 0B       		.uleb128 0xb
 832 0101 3B       		.uleb128 0x3b
 833 0102 0B       		.uleb128 0xb
 834 0103 49       		.uleb128 0x49
 835 0104 13       		.uleb128 0x13
 836 0105 3F       		.uleb128 0x3f
 837 0106 19       		.uleb128 0x19
 838 0107 02       		.uleb128 0x2
 839 0108 18       		.uleb128 0x18
 840 0109 00       		.byte	0
 841 010a 00       		.byte	0
 842 010b 13       		.uleb128 0x13
 843 010c 21       		.uleb128 0x21
 844 010d 00       		.byte	0
 845 010e 49       		.uleb128 0x49
 846 010f 13       		.uleb128 0x13
 847 0110 2F       		.uleb128 0x2f
 848 0111 0D       		.uleb128 0xd
 849 0112 00       		.byte	0
 850 0113 00       		.byte	0
 851 0114 14       		.uleb128 0x14
 852 0115 34       		.uleb128 0x34
 853 0116 00       		.byte	0
 854 0117 03       		.uleb128 0x3
 855 0118 08       		.uleb128 0x8
 856 0119 3A       		.uleb128 0x3a
 857 011a 0B       		.uleb128 0xb
 858 011b 3B       		.uleb128 0x3b
 859 011c 0B       		.uleb128 0xb
 860 011d 49       		.uleb128 0x49
 861 011e 13       		.uleb128 0x13
 862 011f 3F       		.uleb128 0x3f
 863 0120 19       		.uleb128 0x19
 864 0121 02       		.uleb128 0x2
 865 0122 18       		.uleb128 0x18
 866 0123 00       		.byte	0
 867 0124 00       		.byte	0
 868 0125 15       		.uleb128 0x15
 869 0126 2E       		.uleb128 0x2e
 870 0127 00       		.byte	0
 871 0128 3F       		.uleb128 0x3f
 872 0129 19       		.uleb128 0x19
 873 012a 3C       		.uleb128 0x3c
 874 012b 19       		.uleb128 0x19
 875 012c 6E       		.uleb128 0x6e
 876 012d 0E       		.uleb128 0xe
 877 012e 03       		.uleb128 0x3
 878 012f 0E       		.uleb128 0xe
 879 0130 3A       		.uleb128 0x3a
 880 0131 0B       		.uleb128 0xb
 881 0132 3B       		.uleb128 0x3b
 882 0133 0B       		.uleb128 0xb
 883 0134 00       		.byte	0
 884 0135 00       		.byte	0
 885 0136 00       		.byte	0
ARM GAS  C:\Users\nicoz\AppData\Local\Temp\cc7xLMFQ.s 			page 18


 886              		.section	.debug_loc,"",%progbits
 887              	.Ldebug_loc0:
 888              	.LLST0:
 889 0000 02000000 		.4byte	.LVL2
 890 0004 06000000 		.4byte	.LVL3
 891 0008 0200     		.2byte	0x2
 892 000a 30       		.byte	0x30
 893 000b 9F       		.byte	0x9f
 894 000c 06000000 		.4byte	.LVL3
 895 0010 20000000 		.4byte	.LVL7
 896 0014 0100     		.2byte	0x1
 897 0016 54       		.byte	0x54
 898 0017 00000000 		.4byte	0
 899 001b 00000000 		.4byte	0
 900              		.section	.debug_aranges,"",%progbits
 901 0000 2C000000 		.4byte	0x2c
 902 0004 0200     		.2byte	0x2
 903 0006 00000000 		.4byte	.Ldebug_info0
 904 000a 04       		.byte	0x4
 905 000b 00       		.byte	0
 906 000c 0000     		.2byte	0
 907 000e 0000     		.2byte	0
 908 0010 00000000 		.4byte	.LFB64
 909 0014 14000000 		.4byte	.LFE64-.LFB64
 910 0018 00000000 		.4byte	.LFB65
 911 001c 24000000 		.4byte	.LFE65-.LFB65
 912 0020 00000000 		.4byte	.LFB66
 913 0024 74000000 		.4byte	.LFE66-.LFB66
 914 0028 00000000 		.4byte	0
 915 002c 00000000 		.4byte	0
 916              		.section	.debug_ranges,"",%progbits
 917              	.Ldebug_ranges0:
 918 0000 00000000 		.4byte	.LFB64
 919 0004 14000000 		.4byte	.LFE64
 920 0008 00000000 		.4byte	.LFB65
 921 000c 24000000 		.4byte	.LFE65
 922 0010 00000000 		.4byte	.LFB66
 923 0014 74000000 		.4byte	.LFE66
 924 0018 00000000 		.4byte	0
 925 001c 00000000 		.4byte	0
 926              		.section	.debug_line,"",%progbits
 927              	.Ldebug_line0:
 928 0000 50020000 		.section	.debug_str,"MS",%progbits,1
 928      0200F301 
 928      00000201 
 928      FB0E0D00 
 928      01010101 
 929              	.LASF4:
 930 0000 5F5F7569 		.ascii	"__uint8_t\000"
 930      6E74385F 
 930      7400
 931              	.LASF5:
 932 000a 5F5F696E 		.ascii	"__int32_t\000"
 932      7433325F 
 932      7400
 933              	.LASF3:
 934 0014 73686F72 		.ascii	"short unsigned int\000"
ARM GAS  C:\Users\nicoz\AppData\Local\Temp\cc7xLMFQ.s 			page 19


 934      7420756E 
 934      7369676E 
 934      65642069 
 934      6E7400
 935              	.LASF32:
 936 0027 436C6F63 		.ascii	"Clock_out_Read\000"
 936      6B5F6F75 
 936      745F5265 
 936      616400
 937              	.LASF39:
 938 0036 6D656D6F 		.ascii	"memory_Init\000"
 938      72795F49 
 938      6E697400 
 939              	.LASF33:
 940 0042 44617461 		.ascii	"Data_Read\000"
 940      5F526561 
 940      6400
 941              	.LASF15:
 942 004c 666C6F61 		.ascii	"float\000"
 942      7400
 943              	.LASF23:
 944 0052 64617461 		.ascii	"data\000"
 944      00
 945              	.LASF1:
 946 0057 756E7369 		.ascii	"unsigned char\000"
 946      676E6564 
 946      20636861 
 946      7200
 947              	.LASF35:
 948 0065 474E5520 		.ascii	"GNU C11 5.4.1 20160609 (release) [ARM/embedded-5-br"
 948      43313120 
 948      352E342E 
 948      31203230 
 948      31363036 
 949 0098 616E6368 		.ascii	"anch revision 237715] -mcpu=cortex-m3 -mthumb -g -O"
 949      20726576 
 949      6973696F 
 949      6E203233 
 949      37373135 
 950 00cb 67202D66 		.ascii	"g -ffunction-sections -ffat-lto-objects\000"
 950      66756E63 
 950      74696F6E 
 950      2D736563 
 950      74696F6E 
 951              	.LASF8:
 952 00f3 6C6F6E67 		.ascii	"long unsigned int\000"
 952      20756E73 
 952      69676E65 
 952      6420696E 
 952      7400
 953              	.LASF24:
 954 0105 61646472 		.ascii	"addr\000"
 954      00
 955              	.LASF26:
 956 010a 44617461 		.ascii	"Data_Write\000"
 956      5F577269 
 956      746500
ARM GAS  C:\Users\nicoz\AppData\Local\Temp\cc7xLMFQ.s 			page 20


 957              	.LASF20:
 958 0115 49544D5F 		.ascii	"ITM_RxBuffer\000"
 958      52784275 
 958      66666572 
 958      00
 959              	.LASF16:
 960 0122 646F7562 		.ascii	"double\000"
 960      6C6500
 961              	.LASF25:
 962 0129 41646472 		.ascii	"Addr_LSB_Read\000"
 962      5F4C5342 
 962      5F526561 
 962      6400
 963              	.LASF37:
 964 0137 433A5C5A 		.ascii	"C:\\Z80-Debug-Board\\PSoC_Program\\PSoC_Z80_Toolbox"
 964      38302D44 
 964      65627567 
 964      2D426F61 
 964      72645C50 
 965 0167 5C524F4D 		.ascii	"\\ROM_in_PSoC.cydsn\000"
 965      5F696E5F 
 965      50536F43 
 965      2E637964 
 965      736E00
 966              	.LASF7:
 967 017a 5F5F7569 		.ascii	"__uint32_t\000"
 967      6E743332 
 967      5F7400
 968              	.LASF30:
 969 0185 524F4D5F 		.ascii	"ROM_Access_StartEx\000"
 969      41636365 
 969      73735F53 
 969      74617274 
 969      457800
 970              	.LASF40:
 971 0198 6D61696E 		.ascii	"main\000"
 971      00
 972              	.LASF11:
 973 019d 756E7369 		.ascii	"unsigned int\000"
 973      676E6564 
 973      20696E74 
 973      00
 974              	.LASF10:
 975 01aa 6C6F6E67 		.ascii	"long long unsigned int\000"
 975      206C6F6E 
 975      6720756E 
 975      7369676E 
 975      65642069 
 976              	.LASF12:
 977 01c1 75696E74 		.ascii	"uint8_t\000"
 977      385F7400 
 978              	.LASF22:
 979 01c9 7373697A 		.ascii	"ssizetype\000"
 979      65747970 
 979      6500
 980              	.LASF38:
 981 01d3 50555348 		.ascii	"PUSH_ROM\000"
ARM GAS  C:\Users\nicoz\AppData\Local\Temp\cc7xLMFQ.s 			page 21


 981      5F524F4D 
 981      00
 982              	.LASF13:
 983 01dc 696E7433 		.ascii	"int32_t\000"
 983      325F7400 
 984              	.LASF27:
 985 01e4 55415254 		.ascii	"UART_PutChar\000"
 985      5F507574 
 985      43686172 
 985      00
 986              	.LASF31:
 987 01f1 524F4D5F 		.ascii	"ROM_Access_ClearPending\000"
 987      41636365 
 987      73735F43 
 987      6C656172 
 987      50656E64 
 988              	.LASF9:
 989 0209 6C6F6E67 		.ascii	"long long int\000"
 989      206C6F6E 
 989      6720696E 
 989      7400
 990              	.LASF19:
 991 0217 73697A65 		.ascii	"sizetype\000"
 991      74797065 
 991      00
 992              	.LASF36:
 993 0220 6D61696E 		.ascii	"main.c\000"
 993      2E6300
 994              	.LASF17:
 995 0227 63686172 		.ascii	"char\000"
 995      00
 996              	.LASF2:
 997 022c 73686F72 		.ascii	"short int\000"
 997      7420696E 
 997      7400
 998              	.LASF14:
 999 0236 75696E74 		.ascii	"uint32_t\000"
 999      33325F74 
 999      00
 1000              	.LASF6:
 1001 023f 6C6F6E67 		.ascii	"long int\000"
 1001      20696E74 
 1001      00
 1002              	.LASF18:
 1003 0248 6C6F6E67 		.ascii	"long double\000"
 1003      20646F75 
 1003      626C6500 
 1004              	.LASF0:
 1005 0254 7369676E 		.ascii	"signed char\000"
 1005      65642063 
 1005      68617200 
 1006              	.LASF29:
 1007 0260 55415254 		.ascii	"UART_PutString\000"
 1007      5F507574 
 1007      53747269 
 1007      6E6700
 1008              	.LASF21:
ARM GAS  C:\Users\nicoz\AppData\Local\Temp\cc7xLMFQ.s 			page 22


 1009 026f 6D656D6F 		.ascii	"memory\000"
 1009      727900
 1010              	.LASF34:
 1011 0276 73707269 		.ascii	"sprintf\000"
 1011      6E746600 
 1012              	.LASF28:
 1013 027e 55415254 		.ascii	"UART_Start\000"
 1013      5F537461 
 1013      727400
 1014              		.ident	"GCC: (GNU Tools for ARM Embedded Processors) 5.4.1 20160609 (release) [ARM/embedded-5-bran
