--------------- Build Started: 01/15/2025 16:28:14 Project: UART_to_RAM, Configuration: ARM GCC 5.4-2016-q2-update Debug ---------------
The code generation step is up to date.
arm-none-eabi-gcc.exe -mcpu=cortex-m3 -mthumb -I. -IGenerated_Source\PSoC5 -Wa,-alh=.\CortexM3\ARM_GCC_541\Debug/main.lst -g -D DEBUG -D CY_CORE_ID=0 -Wall -ffunction-sections -ffat-lto-objects -Og -c main.c -o .\CortexM3\ARM_GCC_541\Debug\main.o
main.c: In function 'writeToRAM':
main.c:27:40: warning: pointer targets in passing argument 1 of 'strlen' differ in signedness [-Wpointer-sign]
     for(uint16_t cnt=0; cnt <= (strlen(data)-1); cnt++){
                                        ^
In file included from c:\program files (x86)\cypress\psoc creator\4.4\psoc creator\import\gnu\arm\5.4.1\arm-none-eabi\include\string.h:10:0,
                 from Generated_Source\PSoC5/CyLib.h:22,
                 from Generated_Source\PSoC5/UART.h:24,
                 from Generated_Source\PSoC5/project.h:22,
                 from main.c:12:
c:\program files (x86)\cypress\psoc creator\4.4\psoc creator\import\gnu\arm\5.4.1\arm-none-eabi\include\string.h:33:9: note: expected 'const char *' but argument is of type 'uint8_t * {aka unsigned char *}'
 size_t  _EXFUN(strlen,(const char *));
         ^
main.c:22:10: warning: unused variable 'out' [-Wunused-variable]
     char out[] = {};
          ^
arm-none-eabi-ar.exe -rs .\CortexM3\ARM_GCC_541\Debug\UART_to_RAM.a .\CortexM3\ARM_GCC_541\Debug\UART.o .\CortexM3\ARM_GCC_541\Debug\UART_PM.o .\CortexM3\ARM_GCC_541\Debug\UART_INT.o .\CortexM3\ARM_GCC_541\Debug\UART_BOOT.o .\CortexM3\ARM_GCC_541\Debug\Data.o .\CortexM3\ARM_GCC_541\Debug\Address_LSB.o .\CortexM3\ARM_GCC_541\Debug\Address_MSB.o .\CortexM3\ARM_GCC_541\Debug\CS.o .\CortexM3\ARM_GCC_541\Debug\Read.o .\CortexM3\ARM_GCC_541\Debug\Write.o .\CortexM3\ARM_GCC_541\Debug\UART_IntClock.o .\CortexM3\ARM_GCC_541\Debug\CyDmac.o .\CortexM3\ARM_GCC_541\Debug\CyFlash.o .\CortexM3\ARM_GCC_541\Debug\CyLib.o .\CortexM3\ARM_GCC_541\Debug\cyPm.o .\CortexM3\ARM_GCC_541\Debug\CySpc.o .\CortexM3\ARM_GCC_541\Debug\cyutils.o .\CortexM3\ARM_GCC_541\Debug\cy_em_eeprom.o .\CortexM3\ARM_GCC_541\Debug\CyBootAsmGnu.o
arm-none-eabi-ar.exe: creating .\CortexM3\ARM_GCC_541\Debug\UART_to_RAM.a
arm-none-eabi-gcc.exe -Wl,--start-group -o C:\Z80-Debug-Board\PSoC_Program\PSoC_Z80_Toolbox\UART_to_RAM.cydsn\CortexM3\ARM_GCC_541\Debug\UART_to_RAM.elf .\CortexM3\ARM_GCC_541\Debug\main.o .\CortexM3\ARM_GCC_541\Debug\cyfitter_cfg.o .\CortexM3\ARM_GCC_541\Debug\cymetadata.o .\CortexM3\ARM_GCC_541\Debug\Cm3Start.o .\CortexM3\ARM_GCC_541\Debug\UART_to_RAM.a "C:\Program Files (x86)\Cypress\PSoC Creator\4.4\PSoC Creator\psoc\content\cycomponentlibrary\CyComponentLibrary.cylib\CortexM3\ARM_GCC_541\Debug\CyComponentLibrary.a" -mcpu=cortex-m3 -mthumb -L Generated_Source\PSoC5 -Wl,-Map,.\CortexM3\ARM_GCC_541\Debug/UART_to_RAM.map -T Generated_Source\PSoC5\cm3gcc.ld -specs=nano.specs -Wl,--gc-sections -g -ffunction-sections -Og -ffat-lto-objects -Wl,--end-group
cyelftool.exe -C C:\Z80-Debug-Board\PSoC_Program\PSoC_Z80_Toolbox\UART_to_RAM.cydsn\CortexM3\ARM_GCC_541\Debug\UART_to_RAM.elf --flash_row_size 256 --flash_size 262144 --flash_offset 0x00000000
No ELF section .cychecksum found, creating one
Application checksum calculated and stored in ELF section .cychecksum
Checksum calculated and stored in ELF section .cymeta
cyelftool.exe -S C:\Z80-Debug-Board\PSoC_Program\PSoC_Z80_Toolbox\UART_to_RAM.cydsn\CortexM3\ARM_GCC_541\Debug\UART_to_RAM.elf
Flash used: 2310 of 262144 bytes (0,9 %).
SRAM used: 2529 of 65536 bytes (3,9 %). Stack: 2048 bytes. Heap: 128 bytes.
--------------- Build Succeeded: 01/15/2025 16:28:15 ---------------
